Log file open, 09/07/17 19:18:50
LogInit:Display: Running engine for game: Ash
LogPlatformFile: Not using cached read wrapper
LogInit:Display: RandInit(-1300719783) SRandInit(-1300719783).
LogTaskGraph: Started task graph with 5 named threads and 8 total threads with 1 sets of task threads.
LogStats: Stats thread started at 0.106552
LogInit: Using libcurl 7.47.1
LogInit:  - built for x86_64-pc-win32
LogInit:  - supports SSL with OpenSSL/1.0.2g
LogInit:  - supports HTTP deflate (compression) using libz 1.2.8
LogInit:  - other features:
LogInit:      CURL_VERSION_SSL
LogInit:      CURL_VERSION_LIBZ
LogInit:      CURL_VERSION_IPV6
LogInit:      CURL_VERSION_ASYNCHDNS
LogInit:      CURL_VERSION_LARGEFILE
LogInit:      CURL_VERSION_IDN
LogInit:  CurlRequestOptions (configurable via config and command line):
LogInit:  - bVerifyPeer = false  - Libcurl will NOT verify peer certificate
LogInit:  - bUseHttpProxy = false  - Libcurl will NOT use HTTP proxy
LogInit:  - bDontReuseConnections = false  - Libcurl will reuse connections
LogInit:  - CertBundlePath = nullptr  - Libcurl will use whatever was configured at build time.
LogInit: Build: ++UE4+Release-4.16-CL-3561208
LogInit: Engine Version: 4.16.3-3561208+++UE4+Release-4.16
LogInit: Compatible Engine Version: 4.16.0-3452394+++UE4+Release-4.16
LogInit: Net CL: 3452394
LogDevObjectVersion: Number of dev versions registered: 16
LogDevObjectVersion:   Dev-Blueprints (B0D832E4-1F89-4F0D-ACCF-7EB736FD4AA2): 9
LogDevObjectVersion:   Dev-Build (E1C64328-A22C-4D53-A36C-8E866417BD8C): 0
LogDevObjectVersion:   Dev-Core (375EC13C-06E4-48FB-B500-84F0262A717E): 2
LogDevObjectVersion:   Dev-Editor (E4B068ED-F494-42E9-A231-DA0B2E46BB41): 17
LogDevObjectVersion:   Dev-Framework (CFFC743F-43B0-4480-9391-14DF171D2073): 23
LogDevObjectVersion:   Dev-Mobile (B02B49B5-BB20-44E9-A304-32B752E40360): 0
LogDevObjectVersion:   Dev-Networking (A4E4105C-59A1-49B5-A7C5-40C4547EDFEE): 0
LogDevObjectVersion:   Dev-Online (39C831C9-5AE6-47DC-9A44-9C173E1C8E7C): 0
LogDevObjectVersion:   Dev-Physics (78F01B33-EBEA-4F98-B9B4-84EACCB95AA2): 0
LogDevObjectVersion:   Dev-Platform (6631380F-2D4D-43E0-8009-CF276956A95A): 0
LogDevObjectVersion:   Dev-Rendering (12F88B9F-8875-4AFC-A67C-D90C383ABD29): 15
LogDevObjectVersion:   Dev-Sequencer (7B5AE74C-D270-4C10-A958-57980B212A5A): 4
LogDevObjectVersion:   Dev-VR (D7296918-1DD6-4BDD-9DE2-64A83CC13884): 0
LogDevObjectVersion:   Dev-LoadTimes (C2A15278-BFE7-4AFE-6C17-90FF531DF755): 1
LogDevObjectVersion:   Private-Geometry (6EACA3D4-40EC-4CC1-B786-8BED09428FC5): 1
LogDevObjectVersion:   Dev-AnimPhys (29E575DD-E0A3-4627-9D10-D276232CDCEA): 3
LogInit: Compiled (64-bit): Jul 28 2017 11:49:47
LogInit: Compiled with Visual C++: 19.00.24215.01
LogInit: Build Configuration: Development
LogInit: Branch Name: ++UE4+Release-4.16
LogInit: Command line: -EpicPortal
LogInit: Base directory: C:/Program Files/Epic Games/UE_4.16/Engine/Binaries/Win64/
LogInit: Installed Engine Build: 1
LogInit: Presizing for max 8388607 objects, including 0 objects not considered by GC, pre-allocating 0 bytes for permanent pool.
LogInit: Object subsystem initialized
[2017.09.08-02.18.51:565][  0]LogInit: Selected Device Profile: [Windows]
[2017.09.08-02.18.51:565][  0]LogInit: Applying CVar settings loaded from the selected device profile: [Windows]
[2017.09.08-02.18.51:581][  0]LogInit: Computer: DESKTOP-HKS75NM
[2017.09.08-02.18.51:581][  0]LogInit: User: StevenStrickland
[2017.09.08-02.18.51:581][  0]LogInit: CPU Page size=4096, Cores=4
[2017.09.08-02.18.51:581][  0]LogInit: High frequency timer resolution =3.924238 MHz
[2017.09.08-02.18.51:582][  0]LogMemory: Memory total: Physical=16.0GB (16GB approx)
[2017.09.08-02.18.51:582][  0]LogMemory: Platform Memory Stats for Windows
[2017.09.08-02.18.51:582][  0]LogMemory: Process Physical Memory: 273.64 MB used, 273.64 MB peak
[2017.09.08-02.18.51:582][  0]LogMemory: Process Virtual Memory: 260.86 MB used, 260.86 MB peak
[2017.09.08-02.18.51:582][  0]LogMemory: Physical Memory: 4842.59 MB used,  11506.05 MB free, 16348.63 MB total
[2017.09.08-02.18.51:582][  0]LogMemory: Virtual Memory: 643.03 MB used,  11506.05 MB free, 134217728.00 MB total
[2017.09.08-02.18.51:697][  0]LogInit: Using OS detected language (en-US).
[2017.09.08-02.18.51:697][  0]LogInit: Using OS detected locale (en-US).
[2017.09.08-02.18.51:701][  0]LogTextLocalizationManager: No specific localization for 'en-US' exists, so the 'en' localization will be used.
[2017.09.08-02.18.52:802][  0]LogD3D11RHI: D3D11 adapters:
[2017.09.08-02.18.53:349][  0]LogD3D11RHI:    0. 'NVIDIA GeForce GTX 980' (Feature Level 11_0)
[2017.09.08-02.18.53:349][  0]LogD3D11RHI:       4060/0/8174 MB DedicatedVideo/DedicatedSystem/SharedSystem, Outputs:2, VendorId:0x10de
[2017.09.08-02.18.53:351][  0]LogD3D11RHI:    1. 'Microsoft Basic Render Driver' (Feature Level 11_0)
[2017.09.08-02.18.53:351][  0]LogD3D11RHI:       0/0/8174 MB DedicatedVideo/DedicatedSystem/SharedSystem, Outputs:0, VendorId:0x1414
[2017.09.08-02.18.53:351][  0]LogD3D11RHI: Chosen D3D11 Adapter: 0
[2017.09.08-02.18.53:358][  0]LogD3D11RHI: Creating new Direct3DDevice
[2017.09.08-02.18.53:358][  0]LogD3D11RHI:     GPU DeviceId: 0x13c0 (for the marketing name, search the web for "GPU Device Id")
[2017.09.08-02.18.53:358][  0]LogWindows: EnumDisplayDevices:
[2017.09.08-02.18.53:358][  0]LogWindows:    0. 'NVIDIA GeForce GTX 980' (P:0 D:1)
[2017.09.08-02.18.53:358][  0]LogWindows:    1. 'NVIDIA GeForce GTX 980' (P:1 D:1)
[2017.09.08-02.18.53:358][  0]LogWindows:    2. 'NVIDIA GeForce GTX 980' (P:0 D:0)
[2017.09.08-02.18.53:358][  0]LogWindows:    3. 'NVIDIA GeForce GTX 980' (P:0 D:0)
[2017.09.08-02.18.53:359][  0]LogWindows: DebugString: FoundDriverCount:4 
[2017.09.08-02.18.53:359][  0]LogD3D11RHI:     Adapter Name: NVIDIA GeForce GTX 980
[2017.09.08-02.18.53:359][  0]LogD3D11RHI:   Driver Version: 382.53 (internal:22.21.13.8253, unified:382.53)
[2017.09.08-02.18.53:359][  0]LogD3D11RHI:      Driver Date: 6-7-2017
[2017.09.08-02.18.53:359][  0]LogRHI: Texture pool is 1361 MB (70% of 1945 MB)
[2017.09.08-02.18.53:848][  0]LogD3D11RHI: Async texture creation enabled
[2017.09.08-02.18.53:891][  0]LogD3D11RHI: GPU Timing Frequency: 1000.000000 (Debug: 2 1)
[2017.09.08-02.18.53:942][  0]LogShaderCompilers: Guid format shader working directory is -28 characters bigger than the processId version (../../../../../../Users/Steven Strickland/Documents/Unreal Projects/Ash/ProjectAsh/Ash/Intermediate/Shaders/WorkingDirectory/6152/).
[2017.09.08-02.18.53:942][  0]LogShaderCompilers: Cleaned the shader compiler working directory 'C:/Users/Steven Strickland/AppData/Local/Temp/UnrealShaderWorkingDir/6011E83F45BB4970AD78539151CC620F/'.
[2017.09.08-02.18.53:942][  0]LogShaderCompilers:Display: Using Local Shader Compiler.
[2017.09.08-02.18.55:445][  0]LogTemp:Display: Loaded TP AllDesktopTargetPlatform
[2017.09.08-02.18.55:527][  0]LogTemp:Display: Loaded TP MacClientTargetPlatform
[2017.09.08-02.18.55:606][  0]LogTemp:Display: Loaded TP MacNoEditorTargetPlatform
[2017.09.08-02.18.55:686][  0]LogTemp:Display: Loaded TP MacServerTargetPlatform
[2017.09.08-02.18.55:767][  0]LogTemp:Display: Loaded TP MacTargetPlatform
[2017.09.08-02.18.55:847][  0]LogTemp:Display: Loaded TP WindowsClientTargetPlatform
[2017.09.08-02.18.55:928][  0]LogTemp:Display: Loaded TP WindowsNoEditorTargetPlatform
[2017.09.08-02.18.56:007][  0]LogTemp:Display: Loaded TP WindowsServerTargetPlatform
[2017.09.08-02.18.56:080][  0]LogTemp:Display: Loaded TP WindowsTargetPlatform
[2017.09.08-02.18.56:160][  0]LogTemp:Display: Loaded TP AndroidTargetPlatform
[2017.09.08-02.18.56:239][  0]LogTemp:Display: Loaded TP Android_ASTCTargetPlatform
[2017.09.08-02.18.56:318][  0]LogTemp:Display: Loaded TP Android_ATCTargetPlatform
[2017.09.08-02.18.56:399][  0]LogTemp:Display: Loaded TP Android_DXTTargetPlatform
[2017.09.08-02.18.56:477][  0]LogTemp:Display: Loaded TP Android_ETC1TargetPlatform
[2017.09.08-02.18.56:556][  0]LogTemp:Display: Loaded TP Android_ETC2TargetPlatform
[2017.09.08-02.18.56:713][  0]LogTemp:Display: Loaded TP Android_MultiTargetPlatform
[2017.09.08-02.18.56:713][  0]LogTemp:Display: Loaded TP Android_PVRTCTargetPlatform
[2017.09.08-02.18.56:777][  0]LogTemp:Display: Loaded TP HTML5TargetPlatform
[2017.09.08-02.18.56:914][  0]LogTemp:Display: Loaded TP IOSTargetPlatform
[2017.09.08-02.18.56:962][  0]LogTemp:Display: Loaded TP TVOSTargetPlatform
[2017.09.08-02.18.57:039][  0]LogTemp:Display: Loaded TP LinuxClientTargetPlatform
[2017.09.08-02.18.57:119][  0]LogTemp:Display: Loaded TP LinuxNoEditorTargetPlatform
[2017.09.08-02.18.57:196][  0]LogTemp:Display: Loaded TP LinuxServerTargetPlatform
[2017.09.08-02.18.57:275][  0]LogTemp:Display: Loaded TP LinuxTargetPlatform
[2017.09.08-02.18.57:275][  0]LogTargetPlatformManager:Display: Building Assets For Windows
[2017.09.08-02.18.58:078][  0]LogDerivedDataCache:Display: Max Cache Size: 512 MB
[2017.09.08-02.18.58:240][  0]LogDerivedDataCache: Loaded boot cache 0.16s 90MB C:/Users/Steven Strickland/AppData/Local/UnrealEngine/4.16/DerivedDataCache/Boot.ddc.
[2017.09.08-02.18.58:240][  0]LogDerivedDataCache:Display: Loaded Boot cache: C:/Users/Steven Strickland/AppData/Local/UnrealEngine/4.16/DerivedDataCache/Boot.ddc
[2017.09.08-02.18.58:240][  0]LogDerivedDataCache: FDerivedDataBackendGraph:  Pak pak cache file ../../../../../../Users/Steven Strickland/Documents/Unreal Projects/Ash/ProjectAsh/Ash/DerivedDataCache/DDC.ddp not found, will not use a pak cache.
[2017.09.08-02.18.58:240][  0]LogDerivedDataCache: Unable to find inner node Pak for hierarchical cache Hierarchy.
[2017.09.08-02.18.58:240][  0]LogDerivedDataCache: FDerivedDataBackendGraph:  CompressedPak pak cache file ../../../../../../Users/Steven Strickland/Documents/Unreal Projects/Ash/ProjectAsh/Ash/DerivedDataCache/Compressed.ddp not found, will not use a pak cache.
[2017.09.08-02.18.58:240][  0]LogDerivedDataCache: Unable to find inner node CompressedPak for hierarchical cache Hierarchy.
[2017.09.08-02.18.58:265][  0]LogDerivedDataCache:Display: Pak cache opened for reading ../../../Engine/DerivedDataCache/Compressed.ddp.
[2017.09.08-02.18.58:278][  0]LogDerivedDataCache: Using Local data cache path C:/Users/Steven Strickland/AppData/Local/UnrealEngine/Common/DerivedDataCache: Writable
[2017.09.08-02.18.58:293][  0]LogMaterial: Verifying Global Shaders for PCD3D_SM5
[2017.09.08-02.18.58:294][  0]LogSlate: Using Freetype 2.6.0
[2017.09.08-02.18.58:294][  0]LogSlate: SlateFontCache - WITH_FREETYPE: 1, WITH_HARFBUZZ: 1
[2017.09.08-02.18.58:294][  0]LogSlate: SlateFontCache - WITH_FREETYPE: 1, WITH_HARFBUZZ: 1
[2017.09.08-02.18.58:722][  0]LogInit: Selected Device Profile: [Windows]
[2017.09.08-02.18.58:836][  0]LogContentStreaming: Texture pool size is 0.00 MB
[2017.09.08-02.18.59:054][  0]LogMeshUtilities: Using QuadricMeshReduction for automatic static mesh reduction
[2017.09.08-02.18.59:129][  0]LogSimplygon: Simplygon DLL not present - disabling.
[2017.09.08-02.18.59:207][  0]LogMeshUtilities: Using SimplygonSwarm for distributed automatic mesh merging
[2017.09.08-02.18.59:207][  0]LogMeshUtilities: No automatic skeletal mesh reduction module available
[2017.09.08-02.18.59:207][  0]LogMeshUtilities: No automatic mesh merging module available
[2017.09.08-02.18.59:966][  0]LogNetVersion: Ash , NetCL: 3452394, EngineNetVer: 2, GameNetVer: 0 (Checksum: 1656355737)
[2017.09.08-02.19.00:049][  0]LogAssetRegistry: FAssetRegistry took 0.0271 seconds to start up
[2017.09.08-02.19.00:133][  0]LogPackageLocalizationCache: Processed 4 localized package path(s) for 2 prioritized culture(s) in 0.042700 seconds
[2017.09.08-02.19.00:139][  0]LogUObjectArray: 34194 objects as part of root set at end of initial load.
[2017.09.08-02.19.00:139][  0]LogUObjectAllocator: 7260416 out of 0 bytes used by permanent object pool.
[2017.09.08-02.19.00:139][  0]LogUObjectArray: CloseDisregardForGC: 0/0 objects in disregard for GC pool
[2017.09.08-02.19.00:250][  0]LogInit: WinSock: version 1.1 (2.2), MaxSocks=32767, MaxUdp=65467
[2017.09.08-02.19.03:670][  0]LogTcpMessaging: Initializing TcpMessaging bridge
[2017.09.08-02.19.03:728][  0]LogUdpMessaging: Initializing bridge on interface 0.0.0.0:0 to multicast group 230.0.0.1:6666.
[2017.09.08-02.19.04:498][  0]LogMaterial: Uniform references updated for custom material expression Custom.
[2017.09.08-02.19.05:099][  0]SourceControl: Info Source control is disabled
[2017.09.08-02.19.05:145][  0]SourceControl: Info Source control is disabled
[2017.09.08-02.19.05:226][  0]SourceControl: Info Source control is disabled
[2017.09.08-02.19.05:300][  0]SourceControl: Info Source control is disabled
[2017.09.08-02.19.06:380][  0]LogAndroidPermission: UAndroidPermissionCallbackProxy::GetInstance
[2017.09.08-02.19.07:296][  0]LogEngine: Initializing Engine...
[2017.09.08-02.19.07:297][  0]LogHMD: Failed to initialize OpenVR with code 110
[2017.09.08-02.19.07:618][  0]LogStats: UGameplayTagsManager::ConstructGameplayTagTree: Construct from data asset -  0.000 s
[2017.09.08-02.19.07:618][  0]LogStats: UGameplayTagsManager::ConstructGameplayTagTree: GameplayTagTreeChangedEvent.Broadcast -  0.000 s
[2017.09.08-02.19.07:819][  0]LogAIModule: Creating AISystem for world Untitled
[2017.09.08-02.19.07:837][  0]LogInit: XAudio2 using 'G257HU-4 (NVIDIA High Definition Audio)' : 2 channels at 48 kHz using 16 bits per sample (channel mask 0x3)
[2017.09.08-02.19.07:852][  0]LogInit: FAudioDevice initialized.
[2017.09.08-02.19.07:927][  0]LogDerivedDataCache: Saved boot cache 0.08s 90MB C:/Users/Steven Strickland/AppData/Local/UnrealEngine/4.16/DerivedDataCache/Boot.ddc.
[2017.09.08-02.19.07:949][  0]LogInit: Texture streaming: Enabled
[2017.09.08-02.19.08:111][  0]LogEngineSessionManager: EngineSessionManager initialized
[2017.09.08-02.19.08:111][  0]LogEngineSessionManager: EngineSessionManager sent abnormal shutdown report. Type=Crashed, SessionId={89C450BB-484A-847C-7268-D2A0C115366F}
[2017.09.08-02.19.08:462][  0]LogInit: Transaction tracking system initialized
[2017.09.08-02.19.08:972][  0]BlueprintLog: New page: Editor Load
[2017.09.08-02.19.10:499][  0]LocalizationService: Info Localization service is disabled
[2017.09.08-02.19.11:595][  0]LogConsoleResponse:Display: 
[2017.09.08-02.19.11:778][  0]LogCook:Display: Max memory allowance for cook 16384mb min free memory 0mb
[2017.09.08-02.19.11:779][  0]LogCook:Display: Mobile HDR setting 1
[2017.09.08-02.19.12:606][  0]LogFileCache: Scanning file cache for directory 'C:/Users/Steven Strickland/Documents/Unreal Projects/Ash/ProjectAsh/Ash/Content/' took 0.01s
[2017.09.08-02.19.13:415][  0]SourceControl: Info Source control is disabled
[2017.09.08-02.19.13:415][  0]Cmd: MAP LOAD FILE="../../../Engine/Content/Maps/Templates/Template_Default.umap" TEMPLATE=1 SHOWPROGRESS=1 FEATURELEVEL=3
[2017.09.08-02.19.13:415][  0]LightingResults: New page: Lighting Build
[2017.09.08-02.19.13:483][  0]MapCheck: New page: Map Check
[2017.09.08-02.19.13:483][  0]LightingResults: New page: Lighting Build
[2017.09.08-02.19.13:763][  0]LogAIModule: Creating AISystem for world Untitled_1
[2017.09.08-02.19.13:764][  0]LogActorComponent: RegisterComponentWithWorld: (/Temp/Untitled_1.Untitled_1:PersistentLevel.WorldSettings_1.StaticMeshComponent0) Trying to register component with IsPendingKill() == true. Aborting.
[2017.09.08-02.19.13:770][  0]LogEditorServer: Finished looking for orphan Actors (0.000 secs)
[2017.09.08-02.19.13:792][  0]Cmd: MAP CHECKDEP NOCLEARLOG
[2017.09.08-02.19.13:860][  0]MapCheck: Info Map check complete: 0 Error(s), 0 Warning(s), took 68.169ms to complete.
[2017.09.08-02.19.13:861][  0]LogFileHelpers: Loading map 'Template_Default' took 0.446
[2017.09.08-02.19.14:063][  0]LogCollectionManager: Loaded 0 collections in 0.001955 seconds
[2017.09.08-02.19.14:179][  0]LogFileCache: Scanning file cache for directory 'C:/Users/Steven Strickland/Documents/Unreal Projects/Ash/ProjectAsh/Ash/Saved/Collections/' took 0.01s
[2017.09.08-02.19.14:179][  0]LogFileCache: Scanning file cache for directory 'C:/Users/Steven Strickland/Documents/Unreal Projects/Ash/ProjectAsh/Ash/Content/Developers/StevenStrickland/Collections/' took 0.01s
[2017.09.08-02.19.14:179][  0]LogFileCache: Scanning file cache for directory 'C:/Users/Steven Strickland/Documents/Unreal Projects/Ash/ProjectAsh/Ash/Content/Collections/' took 0.01s
[2017.09.08-02.19.14:179][  0]LogCollectionManager: Rebuilt the GUID cache for 0 collections in 0.000004 seconds
[2017.09.08-02.19.14:194][  0]LogContentBrowser: Native class hierarchy populated in 0.0144 seconds. Added 2329 classes and 491 folders.
[2017.09.08-02.19.14:302][  0]LogContentBrowser: Native class hierarchy updated for 'WidgetCarousel' in 0.0009 seconds. Added 0 classes and 0 folders.
[2017.09.08-02.19.14:352][  0]LogContentBrowser: Native class hierarchy updated for 'AddContentDialog' in 0.0007 seconds. Added 0 classes and 0 folders.
[2017.09.08-02.19.14:423][  0]LogContentBrowser: Native class hierarchy updated for 'SceneOutliner' in 0.0007 seconds. Added 1 classes and 2 folders.
[2017.09.08-02.19.14:480][  0]LogCrashTracker: Crashtracker disabled due to settings.
[2017.09.08-02.19.14:486][  0]LogSlate: Took 0.000260 seconds to synchronously load lazily loaded font '../../../Engine/Content/Slate/Fonts/Roboto-Regular.ttf' (155K)
[2017.09.08-02.19.14:489][  0]LogSlate: Took 0.000278 seconds to synchronously load lazily loaded font '../../../Engine/Content/Slate/Fonts/Roboto-Bold.ttf' (160K)
[2017.09.08-02.19.14:495][  0]LogSlate: Took 0.000275 seconds to synchronously load lazily loaded font '../../../Engine/Content/Editor/Slate/Fonts/FontAwesome.ttf' (139K)
[2017.09.08-02.19.14:640][  0]LogRenderer: Reallocating scene render targets to support 1616x808 NumSamples 1 (Frame:1).
[2017.09.08-02.19.14:809][  0]LogUObjectGlobals:Warning: Failed to find object 'Class None.'
[2017.09.08-02.19.14:908][  0]LogContentBrowser: Native class hierarchy updated for 'HierarchicalLODOutliner' in 0.0012 seconds. Added 1 classes and 2 folders.
[2017.09.08-02.19.14:909][  0]LogLoad: (Engine Initialization) Total time: 25.45 seconds
[2017.09.08-02.19.14:909][  0]LogLoad: (Engine Initialization) Total Blueprint compile time: 0.13 seconds
[2017.09.08-02.19.14:909][  0]LogExternalProfiler: No external profilers were discovered.  External profiling features will not be available.
[2017.09.08-02.19.14:920][  0]LogWindowsTextInputMethodSystem:Display: IME system now deactivated.
[2017.09.08-02.19.14:921][  0]LogOcInput: OculusInput pre-init called
[2017.09.08-02.19.14:921][  0]LogHMD: Starting GearVRController plugin
[2017.09.08-02.19.14:942][  0]LogContentStreaming: Texture pool size now 1000 MB
[2017.09.08-02.19.15:004][  1]LogAssetRegistry: Asset discovery search completed in 14.9775 seconds
[2017.09.08-02.19.15:006][  1]LogCollectionManager: Rebuilt the object cache for 0 collections in 0.000001 seconds (found 0 objects)
[2017.09.08-02.19.15:006][  1]LogCollectionManager: Fixed up redirectors for 0 collections in 0.000043 seconds (updated 0 objects)
[2017.09.08-02.19.15:950][105]LogSlate: Took 0.000249 seconds to synchronously load lazily loaded font '../../../Engine/Content/Slate/Fonts/Roboto-Light.ttf' (159K)
[2017.09.08-02.19.18:356][359]LogSlate: Took 0.000204 seconds to synchronously load lazily loaded font '../../../Engine/Content/Slate/Fonts/Roboto-Light.ttf' (159K)
[2017.09.08-02.19.18:932][359]LogContentBrowser: Native class hierarchy updated for 'BlueprintGraph' in 0.0013 seconds. Added 112 classes and 0 folders.
[2017.09.08-02.19.19:718][359]LogLinker:Warning: Can't resolve asset name
[2017.09.08-02.19.20:052][359]LogSlate: Took 0.000251 seconds to synchronously load lazily loaded font '../../../Engine/Content/Editor/Slate/Fonts/Roboto-BoldCondensed.ttf' (158K)
[2017.09.08-02.19.25:229][858]LogAIModule: Creating AISystem for world LevelBP
[2017.09.08-02.19.25:272][858]Cmd: MAP LOAD FILE="../../../../../../Users/Steven Strickland/Documents/Unreal Projects/Ash/ProjectAsh/Ash/Content/LevelBP.umap" TEMPLATE=0 SHOWPROGRESS=1 FEATURELEVEL=3
[2017.09.08-02.19.25:272][858]LightingResults: New page: Lighting Build
[2017.09.08-02.19.25:273][858]LoadErrors: New page: Loading map: LevelBP.umap
[2017.09.08-02.19.25:274][858]MapCheck: New page: Map Check
[2017.09.08-02.19.25:274][858]LightingResults: New page: Lighting Build
[2017.09.08-02.19.25:302][858]LogEditorServer: Finished looking for orphan Actors (0.000 secs)
[2017.09.08-02.19.25:358][858]Cmd: MAP CHECKDEP NOCLEARLOG
[2017.09.08-02.19.25:432][858]MapCheck: Info Map check complete: 0 Error(s), 0 Warning(s), took 73.702ms to complete.
[2017.09.08-02.19.25:433][858]LogFileHelpers: Loading map 'LevelBP' took 0.162
[2017.09.08-02.19.54:202][301]LogTemp: Repeting last play command: Selected Viewport
[2017.09.08-02.19.54:253][301]LogBlueprintUserMessages: Early PlayInEditor Detection: Level '/Game/LevelBP.LevelBP:PersistentLevel' has LevelScriptBlueprint '/Game/LevelBP.LevelBP:PersistentLevel.LevelBP' with GeneratedClass '/Game/LevelBP.LevelBP_C' with ClassGeneratedBy '/Game/LevelBP.LevelBP:PersistentLevel.LevelBP'
[2017.09.08-02.19.54:253][301]LogPlayLevel: PlayLevel: No blueprints needed recompiling
[2017.09.08-02.19.54:253][301]PIE: New page: PIE session: LevelBP (Sep 7, 2017, 12:19:54 PM)
[2017.09.08-02.19.54:253][301]LogPlayLevel: Creating play world package: /Game/UEDPIE_0_LevelBP
[2017.09.08-02.19.54:258][301]LogPlayLevel: PIE: StaticDuplicateObject took: (0.004317s)
[2017.09.08-02.19.54:258][301]LogAIModule: Creating AISystem for world LevelBP
[2017.09.08-02.19.54:259][301]LogPlayLevel: PIE: World Init took: (0.000907s)
[2017.09.08-02.19.54:259][301]LogPlayLevel: PIE: Created PIE world by copying editor world from /Game/LevelBP.LevelBP to /Game/UEDPIE_0_LevelBP.LevelBP (0.005547s)
[2017.09.08-02.19.54:293][301]LogInit: XAudio2 using 'G257HU-4 (NVIDIA High Definition Audio)' : 2 channels at 48 kHz using 16 bits per sample (channel mask 0x3)
[2017.09.08-02.19.54:303][301]LogInit: FAudioDevice initialized.
[2017.09.08-02.19.54:349][301]LogLoad: Game class is 'GameModeBase'
[2017.09.08-02.19.54:353][301]LogWorld: Bringing World /Game/UEDPIE_0_LevelBP.LevelBP up for play (max tick rate 0) at 2017.09.07-19.19.54
[2017.09.08-02.19.54:353][301]LogWorld: Bringing up level for play took: 0.001011
[2017.09.08-02.19.54:420][301]LogContentBrowser: Native class hierarchy updated for 'MovieSceneCapture' in 0.0007 seconds. Added 11 classes and 0 folders.
[2017.09.08-02.19.54:426][301]LogBlueprintUserMessages: [LevelBP_C_0] Size: X=66.000 Y=16.500Origin: X=-1.000 Y=15.500
[2017.09.08-02.19.54:426][301]LogBlueprintUserMessages: [LevelBP_C_0] Size: X=66.000 Y=4.125Origin: X=-1.000 Y=32.000
[2017.09.08-02.19.54:426][301]LogBlueprintUserMessages: [LevelBP_C_0] Size: X=66.000 Y=4.125Origin: X=-1.000 Y=36.125
[2017.09.08-02.19.54:426][301]LogBlueprintUserMessages: [LevelBP_C_0] Size: X=66.000 Y=4.125Origin: X=-1.000 Y=40.250
[2017.09.08-02.19.54:426][301]LogBlueprintUserMessages: [LevelBP_C_0] Size: X=66.000 Y=0.516Origin: X=-1.000 Y=51.594
[2017.09.08-02.19.54:426][301]PIE: Info Play in editor start time for /Game/UEDPIE_0_LevelBP 0.35
[2017.09.08-02.19.54:427][301]LogBlueprintUserMessages: Late PlayInEditor Detection: Level '/Game/LevelBP.LevelBP:PersistentLevel' has LevelScriptBlueprint '/Game/LevelBP.LevelBP:PersistentLevel.LevelBP' with GeneratedClass '/Game/LevelBP.LevelBP_C' with ClassGeneratedBy '/Game/LevelBP.LevelBP:PersistentLevel.LevelBP'
[2017.09.08-02.20.08:279][959]LogBlueprintUserMessages: Early EndPlayMap Detection: Level '/Game/LevelBP.LevelBP:PersistentLevel' has LevelScriptBlueprint '/Game/LevelBP.LevelBP:PersistentLevel.LevelBP' with GeneratedClass '/Game/LevelBP.LevelBP_C' with ClassGeneratedBy '/Game/LevelBP.LevelBP:PersistentLevel.LevelBP'
[2017.09.08-02.20.08:315][959]LogBlueprintUserMessages: Late EndPlayMap Detection: Level '/Game/LevelBP.LevelBP:PersistentLevel' has LevelScriptBlueprint '/Game/LevelBP.LevelBP:PersistentLevel.LevelBP' with GeneratedClass '/Game/LevelBP.LevelBP_C' with ClassGeneratedBy '/Game/LevelBP.LevelBP:PersistentLevel.LevelBP'
[2017.09.08-02.20.10:072][159]LogTemp: Repeting last play command: Selected Viewport
[2017.09.08-02.20.10:092][159]LogBlueprintUserMessages: Early PlayInEditor Detection: Level '/Game/LevelBP.LevelBP:PersistentLevel' has LevelScriptBlueprint '/Game/LevelBP.LevelBP:PersistentLevel.LevelBP' with GeneratedClass '/Game/LevelBP.LevelBP_C' with ClassGeneratedBy '/Game/LevelBP.LevelBP:PersistentLevel.LevelBP'
[2017.09.08-02.20.10:093][159]LogPlayLevel: PlayLevel: No blueprints needed recompiling
[2017.09.08-02.20.10:093][159]PIE: New page: PIE session: LevelBP (Sep 7, 2017, 12:20:10 PM)
[2017.09.08-02.20.10:093][159]LogPlayLevel: Creating play world package: /Game/UEDPIE_0_LevelBP
[2017.09.08-02.20.10:097][159]LogPlayLevel: PIE: StaticDuplicateObject took: (0.004483s)
[2017.09.08-02.20.10:098][159]LogAIModule: Creating AISystem for world LevelBP
[2017.09.08-02.20.10:098][159]LogPlayLevel: PIE: World Init took: (0.000989s)
[2017.09.08-02.20.10:099][159]LogPlayLevel: PIE: Created PIE world by copying editor world from /Game/LevelBP.LevelBP to /Game/UEDPIE_0_LevelBP.LevelBP (0.005725s)
[2017.09.08-02.20.10:134][159]LogInit: XAudio2 using 'G257HU-4 (NVIDIA High Definition Audio)' : 2 channels at 48 kHz using 16 bits per sample (channel mask 0x3)
[2017.09.08-02.20.10:142][159]LogInit: FAudioDevice initialized.
[2017.09.08-02.20.10:181][159]LogLoad: Game class is 'GameModeBase'
[2017.09.08-02.20.10:184][159]LogWorld: Bringing World /Game/UEDPIE_0_LevelBP.LevelBP up for play (max tick rate 0) at 2017.09.07-19.20.10
[2017.09.08-02.20.10:184][159]LogWorld: Bringing up level for play took: 0.000929
[2017.09.08-02.20.10:187][159]LogBlueprintUserMessages: [LevelBP_C_0] Size: X=66.000 Y=4.125Origin: X=-1.000 Y=15.500
[2017.09.08-02.20.10:187][159]LogBlueprintUserMessages: [LevelBP_C_0] Size: X=66.000 Y=4.125Origin: X=-1.000 Y=56.750
[2017.09.08-02.20.10:187][159]LogBlueprintUserMessages: [LevelBP_C_0] Size: X=66.000 Y=1.031Origin: X=-1.000 Y=20.656
[2017.09.08-02.20.10:187][159]PIE: Info Play in editor start time for /Game/UEDPIE_0_LevelBP 0.111
[2017.09.08-02.20.10:187][159]LogBlueprintUserMessages: Late PlayInEditor Detection: Level '/Game/LevelBP.LevelBP:PersistentLevel' has LevelScriptBlueprint '/Game/LevelBP.LevelBP:PersistentLevel.LevelBP' with GeneratedClass '/Game/LevelBP.LevelBP_C' with ClassGeneratedBy '/Game/LevelBP.LevelBP:PersistentLevel.LevelBP'
[2017.09.08-02.20.20:644][411]LogBlueprintUserMessages: Early EndPlayMap Detection: Level '/Game/LevelBP.LevelBP:PersistentLevel' has LevelScriptBlueprint '/Game/LevelBP.LevelBP:PersistentLevel.LevelBP' with GeneratedClass '/Game/LevelBP.LevelBP_C' with ClassGeneratedBy '/Game/LevelBP.LevelBP:PersistentLevel.LevelBP'
[2017.09.08-02.20.20:682][411]LogBlueprintUserMessages: Late EndPlayMap Detection: Level '/Game/LevelBP.LevelBP:PersistentLevel' has LevelScriptBlueprint '/Game/LevelBP.LevelBP:PersistentLevel.LevelBP' with GeneratedClass '/Game/LevelBP.LevelBP_C' with ClassGeneratedBy '/Game/LevelBP.LevelBP:PersistentLevel.LevelBP'
[2017.09.08-02.20.21:403][489]LogTemp: Repeting last play command: Selected Viewport
[2017.09.08-02.20.21:424][489]LogBlueprintUserMessages: Early PlayInEditor Detection: Level '/Game/LevelBP.LevelBP:PersistentLevel' has LevelScriptBlueprint '/Game/LevelBP.LevelBP:PersistentLevel.LevelBP' with GeneratedClass '/Game/LevelBP.LevelBP_C' with ClassGeneratedBy '/Game/LevelBP.LevelBP:PersistentLevel.LevelBP'
[2017.09.08-02.20.21:424][489]LogPlayLevel: PlayLevel: No blueprints needed recompiling
[2017.09.08-02.20.21:425][489]PIE: New page: PIE session: LevelBP (Sep 7, 2017, 12:20:21 PM)
[2017.09.08-02.20.21:425][489]LogPlayLevel: Creating play world package: /Game/UEDPIE_0_LevelBP
[2017.09.08-02.20.21:429][489]LogPlayLevel: PIE: StaticDuplicateObject took: (0.004220s)
[2017.09.08-02.20.21:430][489]LogAIModule: Creating AISystem for world LevelBP
[2017.09.08-02.20.21:430][489]LogPlayLevel: PIE: World Init took: (0.001247s)
[2017.09.08-02.20.21:430][489]LogPlayLevel: PIE: Created PIE world by copying editor world from /Game/LevelBP.LevelBP to /Game/UEDPIE_0_LevelBP.LevelBP (0.005823s)
[2017.09.08-02.20.21:466][489]LogInit: XAudio2 using 'G257HU-4 (NVIDIA High Definition Audio)' : 2 channels at 48 kHz using 16 bits per sample (channel mask 0x3)
[2017.09.08-02.20.21:474][489]LogInit: FAudioDevice initialized.
[2017.09.08-02.20.21:507][489]LogLoad: Game class is 'GameModeBase'
[2017.09.08-02.20.21:509][489]LogWorld: Bringing World /Game/UEDPIE_0_LevelBP.LevelBP up for play (max tick rate 0) at 2017.09.07-19.20.21
[2017.09.08-02.20.21:509][489]LogWorld: Bringing up level for play took: 0.001018
[2017.09.08-02.20.21:512][489]LogBlueprintUserMessages: [LevelBP_C_0] Size: X=66.000 Y=8.250Origin: X=-1.000 Y=48.500
[2017.09.08-02.20.21:512][489]LogBlueprintUserMessages: [LevelBP_C_0] Size: X=66.000 Y=2.063Origin: X=-1.000 Y=42.313
[2017.09.08-02.20.21:512][489]LogBlueprintUserMessages: [LevelBP_C_0] Size: X=66.000 Y=1.031Origin: X=-1.000 Y=45.406
[2017.09.08-02.20.21:512][489]PIE: Info Play in editor start time for /Game/UEDPIE_0_LevelBP -0.564
[2017.09.08-02.20.21:513][489]LogBlueprintUserMessages: Late PlayInEditor Detection: Level '/Game/LevelBP.LevelBP:PersistentLevel' has LevelScriptBlueprint '/Game/LevelBP.LevelBP:PersistentLevel.LevelBP' with GeneratedClass '/Game/LevelBP.LevelBP_C' with ClassGeneratedBy '/Game/LevelBP.LevelBP:PersistentLevel.LevelBP'
[2017.09.08-02.20.24:987][903]LogBlueprintUserMessages: Early EndPlayMap Detection: Level '/Game/LevelBP.LevelBP:PersistentLevel' has LevelScriptBlueprint '/Game/LevelBP.LevelBP:PersistentLevel.LevelBP' with GeneratedClass '/Game/LevelBP.LevelBP_C' with ClassGeneratedBy '/Game/LevelBP.LevelBP:PersistentLevel.LevelBP'
[2017.09.08-02.20.25:024][903]LogBlueprintUserMessages: Late EndPlayMap Detection: Level '/Game/LevelBP.LevelBP:PersistentLevel' has LevelScriptBlueprint '/Game/LevelBP.LevelBP:PersistentLevel.LevelBP' with GeneratedClass '/Game/LevelBP.LevelBP_C' with ClassGeneratedBy '/Game/LevelBP.LevelBP:PersistentLevel.LevelBP'
[2017.09.08-02.20.35:577][ 78]LogSlate: Took 0.000423 seconds to synchronously load lazily loaded font '../../../Engine/Content/Editor/Slate/Fonts/Roboto-Italic.ttf' (157K)
[2017.09.08-02.23.22:957][807]LogTemp: Repeting last play command: Selected Viewport
[2017.09.08-02.23.22:979][807]LogBlueprintUserMessages: Early PlayInEditor Detection: Level '/Game/LevelBP.LevelBP:PersistentLevel' has LevelScriptBlueprint '/Game/LevelBP.LevelBP:PersistentLevel.LevelBP' with GeneratedClass '/Game/LevelBP.LevelBP_C' with ClassGeneratedBy '/Game/LevelBP.LevelBP:PersistentLevel.LevelBP'
[2017.09.08-02.23.22:979][807]LogPlayLevel: PlayLevel: No blueprints needed recompiling
[2017.09.08-02.23.22:980][807]PIE: New page: PIE session: LevelBP (Sep 7, 2017, 12:23:22 PM)
[2017.09.08-02.23.22:980][807]LogPlayLevel: Creating play world package: /Game/UEDPIE_0_LevelBP
[2017.09.08-02.23.22:984][807]LogPlayLevel: PIE: StaticDuplicateObject took: (0.004342s)
[2017.09.08-02.23.22:985][807]LogAIModule: Creating AISystem for world LevelBP
[2017.09.08-02.23.22:985][807]LogPlayLevel: PIE: World Init took: (0.001149s)
[2017.09.08-02.23.22:986][807]LogPlayLevel: PIE: Created PIE world by copying editor world from /Game/LevelBP.LevelBP to /Game/UEDPIE_0_LevelBP.LevelBP (0.005777s)
[2017.09.08-02.23.23:023][807]LogInit: XAudio2 using 'G257HU-4 (NVIDIA High Definition Audio)' : 2 channels at 48 kHz using 16 bits per sample (channel mask 0x3)
[2017.09.08-02.23.23:032][807]LogInit: FAudioDevice initialized.
[2017.09.08-02.23.23:114][807]LogLoad: Game class is 'GameModeBase'
[2017.09.08-02.23.23:117][807]LogWorld: Bringing World /Game/UEDPIE_0_LevelBP.LevelBP up for play (max tick rate 0) at 2017.09.07-19.23.23
[2017.09.08-02.23.23:117][807]LogWorld: Bringing up level for play took: 0.001124
[2017.09.08-02.23.23:118][807]LogBlueprintDebug:Warning: Hit breakpoint on node 'K2Node_IfThenElse', from offset 393
[2017.09.08-02.23.23:118][807]LogBlueprintDebug: 
Script call stack:
	Function /Game/LevelBP.LevelBP_C:ReceiveBeginPlay
	Function /Game/LevelBP.LevelBP_C:ExecuteUbergraph_LevelBP
	Function /Game/LevelBP.LevelBP_C:SplitSectors

[2017.09.08-02.23.23:218][807]LogScriptCore:Warning: Cannot call UnrealScript (HUD /Game/UEDPIE_0_LevelBP.LevelBP:PersistentLevel.HUD_0 - Function /Script/Engine.HUD:ReceiveDrawHUD) while stopped at a breakpoint.
[2017.09.08-02.23.31:123][807]LogBlueprintDebug:Warning: Hit breakpoint on node 'CallFunc_SplitSector', from offset 465
[2017.09.08-02.23.31:123][807]LogBlueprintDebug: 
Script call stack:
	Function /Game/LevelBP.LevelBP_C:ReceiveBeginPlay
	Function /Game/LevelBP.LevelBP_C:ExecuteUbergraph_LevelBP
	Function /Game/LevelBP.LevelBP_C:SplitSectors

[2017.09.08-02.23.32:259][807]LogBlueprintDebug:Warning: Unknown breakpoint hit at node K2Node_AssignmentStatement in object Function /Game/LevelBP.LevelBP_C:SplitSectors:0200
[2017.09.08-02.23.36:208][807]LogBlueprintDebug:Warning: Hit breakpoint on node 'K2Node_IfThenElse', from offset 393
[2017.09.08-02.23.36:208][807]LogBlueprintDebug: 
Script call stack:
	Function /Game/LevelBP.LevelBP_C:ReceiveBeginPlay
	Function /Game/LevelBP.LevelBP_C:ExecuteUbergraph_LevelBP
	Function /Game/LevelBP.LevelBP_C:SplitSectors

[2017.09.08-02.24.18:875][807]LogBlueprintDebug:Warning: Hit breakpoint on node 'CallFunc_SplitSector', from offset 465
[2017.09.08-02.24.18:875][807]LogBlueprintDebug: 
Script call stack:
	Function /Game/LevelBP.LevelBP_C:ReceiveBeginPlay
	Function /Game/LevelBP.LevelBP_C:ExecuteUbergraph_LevelBP
	Function /Game/LevelBP.LevelBP_C:SplitSectors

[2017.09.08-02.24.26:785][807]LogBlueprintDebug:Warning: Unknown breakpoint hit at node K2Node_AssignmentStatement in object Function /Game/LevelBP.LevelBP_C:SplitSectors:0200
[2017.09.08-02.24.28:697][807]LogBlueprintDebug:Warning: Hit breakpoint on node 'K2Node_IfThenElse', from offset 393
[2017.09.08-02.24.28:697][807]LogBlueprintDebug: 
Script call stack:
	Function /Game/LevelBP.LevelBP_C:ReceiveBeginPlay
	Function /Game/LevelBP.LevelBP_C:ExecuteUbergraph_LevelBP
	Function /Game/LevelBP.LevelBP_C:SplitSectors

[2017.09.08-02.24.31:592][807]Cmd: OBJ SAVEPACKAGE PACKAGE="/Game/LevelBP" FILE="../../../../../../Users/Steven Strickland/Documents/Unreal Projects/Ash/ProjectAsh/Ash/Content/LevelBP.umap" SILENT=true AUTOSAVING=false KEEPDIRTY=false
[2017.09.08-02.24.31:925][807]LogSavePackage: Save=289.74ms
[2017.09.08-02.24.31:925][807]LogSavePackage: Moving '../../../../../../Users/Steven Strickland/Documents/Unreal Projects/Ash/ProjectAsh/Ash/Saved/LevelBPB198199842BE38BDF5D7AFA2AFE62156.tmp' to '../../../../../../Users/Steven Strickland/Documents/Unreal Projects/Ash/ProjectAsh/Ash/Content/LevelBP.umap'
[2017.09.08-02.24.31:931][807]LogSavePackage:Display: Finished SavePackage ../../../../../../Users/Steven Strickland/Documents/Unreal Projects/Ash/ProjectAsh/Ash/Content/LevelBP.umap
[2017.09.08-02.24.31:962][807]LogFileHelpers: Saving map 'LevelBP' took 0.449
[2017.09.08-02.24.35:150][807]LogBlueprintDebug:Warning: Tried to break execution in an unknown spot at object Function /Engine/Transient.TRASHCLASS_LevelBP_38:SplitSectors:01D2
[2017.09.08-02.24.35:150][807]LogOutputDevice:Warning: 

Script Stack:
LevelBP_C.SplitSectors
LevelBP_C.ExecuteUbergraph_LevelBP
LevelBP_C.ReceiveBeginPlay

[2017.09.08-02.24.35:153][807]LogWindows: Windows GetLastError: The operation completed successfully. (0)
[2017.09.08-02.24.35:845][807]LogCrashTracker: 


[2017.09.08-02.24.35:845][807]LogCrashTracker: 


[2017.09.08-02.24.35:845][807]LogWindows:Error: === Critical error: ===
[2017.09.08-02.24.35:845][807]LogWindows:Error: 
[2017.09.08-02.24.35:845][807]LogWindows:Error: Assertion failed: ObjectToFocusOn [File:D:\Build\++UE4+Release-4.16+Compile\Sync\Engine\Source\Editor\UnrealEd\Private\Kismet2\Kismet2.cpp] [Line: 1856] 
[2017.09.08-02.24.35:845][807]LogWindows:Error: 
[2017.09.08-02.24.35:845][807]LogWindows:Error: 
[2017.09.08-02.24.35:845][807]LogWindows:Error: 
[2017.09.08-02.24.35:845][807]LogWindows:Error: KERNELBASE.dll!0x00000000E7AC9E08
[2017.09.08-02.24.35:845][807]LogWindows:Error: UE4Editor-Core.dll!0x00000000C0FBAFFE
[2017.09.08-02.24.35:845][807]LogWindows:Error: UE4Editor-Core.dll!0x00000000C0DD249B
[2017.09.08-02.24.35:845][807]LogWindows:Error: UE4Editor-Core.dll!0x00000000C0D60849
[2017.09.08-02.24.35:845][807]LogWindows:Error: UE4Editor-UnrealEd.dll!0x00000000BB374AB6
[2017.09.08-02.24.35:845][807]LogWindows:Error: UE4Editor-UnrealEd.dll!0x00000000BB353D3A
[2017.09.08-02.24.35:845][807]LogWindows:Error: UE4Editor-UnrealEd.dll!0x00000000BB352091
[2017.09.08-02.24.35:845][807]LogWindows:Error: UE4Editor-UnrealEd.dll!0x00000000BB37FFD4
[2017.09.08-02.24.35:845][807]LogWindows:Error: UE4Editor-UnrealEd.dll!0x00000000BB76023A
[2017.09.08-02.24.35:845][807]LogWindows:Error: UE4Editor-CoreUObject.dll!0x00000000C08947ED
[2017.09.08-02.24.35:845][807]LogWindows:Error: UE4Editor-CoreUObject.dll!0x00000000C08CCB19
[2017.09.08-02.24.35:845][807]LogWindows:Error: UE4Editor-CoreUObject.dll!0x00000000C08D20AA
[2017.09.08-02.24.35:845][807]LogWindows:Error: UE4Editor-CoreUObject.dll!0x00000000C08ADFD2
[2017.09.08-02.24.35:845][807]LogWindows:Error: UE4Editor-CoreUObject.dll!0x00000000C08977DE
[2017.09.08-02.24.35:845][807]LogWindows:Error: UE4Editor-CoreUObject.dll!0x00000000C08ADFD2
[2017.09.08-02.24.35:845][807]LogWindows:Error: UE4Editor-CoreUObject.dll!0x00000000C08977DE
[2017.09.08-02.24.35:845][807]LogWindows:Error: UE4Editor-CoreUObject.dll!0x00000000C08ADFD2
[2017.09.08-02.24.35:845][807]LogWindows:Error: UE4Editor-CoreUObject.dll!0x00000000C06D8734
[2017.09.08-02.24.35:845][807]LogWindows:Error: UE4Editor-CoreUObject.dll!0x00000000C08AD366
[2017.09.08-02.24.35:845][807]LogWindows:Error: UE4Editor-Engine.dll!0x00000000A4673F27
[2017.09.08-02.24.35:845][807]LogWindows:Error: UE4Editor-Engine.dll!0x00000000A5888EB7
[2017.09.08-02.24.35:845][807]LogWindows:Error: UE4Editor-Engine.dll!0x00000000A463410F
[2017.09.08-02.24.35:845][807]LogWindows:Error: UE4Editor-Engine.dll!0x00000000A464114B
[2017.09.08-02.24.35:845][807]LogWindows:Error: UE4Editor-Engine.dll!0x00000000A57AF859
[2017.09.08-02.24.35:845][807]LogWindows:Error: UE4Editor-Engine.dll!0x00000000A4D68081
[2017.09.08-02.24.35:845][807]LogWindows:Error: UE4Editor-Engine.dll!0x00000000A579C3BE
[2017.09.08-02.24.35:845][807]LogWindows:Error: UE4Editor-Engine.dll!0x00000000A4D88970
[2017.09.08-02.24.35:845][807]LogWindows:Error: UE4Editor-UnrealEd.dll!0x00000000BB48BED3
[2017.09.08-02.24.35:845][807]LogWindows:Error: UE4Editor-UnrealEd.dll!0x00000000BB4B688E
[2017.09.08-02.24.35:845][807]LogWindows:Error: UE4Editor-UnrealEd.dll!0x00000000BB4D2354
[2017.09.08-02.24.35:845][807]LogWindows:Error: UE4Editor-UnrealEd.dll!0x00000000BAFA2DC8
[2017.09.08-02.24.35:845][807]LogWindows:Error: UE4Editor-UnrealEd.dll!0x00000000BB7C8D86
[2017.09.08-02.24.35:845][807]LogWindows:Error: UE4Editor.exe!0x0000000029D1E2B2
[2017.09.08-02.24.35:845][807]LogWindows:Error: UE4Editor.exe!0x0000000029D0F0B0
[2017.09.08-02.24.35:845][807]LogWindows:Error: UE4Editor.exe!0x0000000029D0F12A
[2017.09.08-02.24.35:845][807]LogWindows:Error: UE4Editor.exe!0x0000000029D20CF9
[2017.09.08-02.24.35:845][807]LogWindows:Error: UE4Editor.exe!0x0000000029D225F7
[2017.09.08-02.24.35:845][807]LogWindows:Error: KERNEL32.DLL!0x00000000EA5A2774
[2017.09.08-02.24.35:845][807]LogWindows:Error: ntdll.dll!0x00000000EB5B0D51
[2017.09.08-02.24.35:845][807]LogWindows:Error: ntdll.dll!0x00000000EB5B0D51
[2017.09.08-02.24.35:845][807]LogWindows:Error: 
[2017.09.08-02.24.35:859][807]LogExit: Executing StaticShutdownAfterError
[2017.09.08-02.24.35:863][807]LogWindows: FPlatformMisc::RequestExit(1)
[2017.09.08-02.24.35:863][807]Log file closed, 09/07/17 19:24:35
