Log file open, 09/07/17 18:55:45
LogInit:Display: Running engine for game: Ash
LogPlatformFile: Not using cached read wrapper
LogInit:Display: RandInit(1852217083) SRandInit(1852217083).
LogTaskGraph: Started task graph with 5 named threads and 8 total threads with 1 sets of task threads.
LogStats: Stats thread started at 0.108997
LogInit: Using libcurl 7.47.1
LogInit:  - built for x86_64-pc-win32
LogInit:  - supports SSL with OpenSSL/1.0.2g
LogInit:  - supports HTTP deflate (compression) using libz 1.2.8
LogInit:  - other features:
LogInit:      CURL_VERSION_SSL
LogInit:      CURL_VERSION_LIBZ
LogInit:      CURL_VERSION_IPV6
LogInit:      CURL_VERSION_ASYNCHDNS
LogInit:      CURL_VERSION_LARGEFILE
LogInit:      CURL_VERSION_IDN
LogInit:  CurlRequestOptions (configurable via config and command line):
LogInit:  - bVerifyPeer = false  - Libcurl will NOT verify peer certificate
LogInit:  - bUseHttpProxy = false  - Libcurl will NOT use HTTP proxy
LogInit:  - bDontReuseConnections = false  - Libcurl will reuse connections
LogInit:  - CertBundlePath = nullptr  - Libcurl will use whatever was configured at build time.
LogInit: Build: ++UE4+Release-4.16-CL-3561208
LogInit: Engine Version: 4.16.3-3561208+++UE4+Release-4.16
LogInit: Compatible Engine Version: 4.16.0-3452394+++UE4+Release-4.16
LogInit: Net CL: 3452394
LogDevObjectVersion: Number of dev versions registered: 16
LogDevObjectVersion:   Dev-Blueprints (B0D832E4-1F89-4F0D-ACCF-7EB736FD4AA2): 9
LogDevObjectVersion:   Dev-Build (E1C64328-A22C-4D53-A36C-8E866417BD8C): 0
LogDevObjectVersion:   Dev-Core (375EC13C-06E4-48FB-B500-84F0262A717E): 2
LogDevObjectVersion:   Dev-Editor (E4B068ED-F494-42E9-A231-DA0B2E46BB41): 17
LogDevObjectVersion:   Dev-Framework (CFFC743F-43B0-4480-9391-14DF171D2073): 23
LogDevObjectVersion:   Dev-Mobile (B02B49B5-BB20-44E9-A304-32B752E40360): 0
LogDevObjectVersion:   Dev-Networking (A4E4105C-59A1-49B5-A7C5-40C4547EDFEE): 0
LogDevObjectVersion:   Dev-Online (39C831C9-5AE6-47DC-9A44-9C173E1C8E7C): 0
LogDevObjectVersion:   Dev-Physics (78F01B33-EBEA-4F98-B9B4-84EACCB95AA2): 0
LogDevObjectVersion:   Dev-Platform (6631380F-2D4D-43E0-8009-CF276956A95A): 0
LogDevObjectVersion:   Dev-Rendering (12F88B9F-8875-4AFC-A67C-D90C383ABD29): 15
LogDevObjectVersion:   Dev-Sequencer (7B5AE74C-D270-4C10-A958-57980B212A5A): 4
LogDevObjectVersion:   Dev-VR (D7296918-1DD6-4BDD-9DE2-64A83CC13884): 0
LogDevObjectVersion:   Dev-LoadTimes (C2A15278-BFE7-4AFE-6C17-90FF531DF755): 1
LogDevObjectVersion:   Private-Geometry (6EACA3D4-40EC-4CC1-B786-8BED09428FC5): 1
LogDevObjectVersion:   Dev-AnimPhys (29E575DD-E0A3-4627-9D10-D276232CDCEA): 3
LogInit: Compiled (64-bit): Jul 28 2017 11:49:47
LogInit: Compiled with Visual C++: 19.00.24215.01
LogInit: Build Configuration: Development
LogInit: Branch Name: ++UE4+Release-4.16
LogInit: Command line: -EpicPortal 
LogInit: Base directory: C:/Program Files/Epic Games/UE_4.16/Engine/Binaries/Win64/
LogInit: Installed Engine Build: 1
LogInit: Presizing for max 8388607 objects, including 0 objects not considered by GC, pre-allocating 0 bytes for permanent pool.
LogInit: Object subsystem initialized
[2017.09.08-01.55.46:200][  0]LogInit: Selected Device Profile: [Windows]
[2017.09.08-01.55.46:200][  0]LogInit: Applying CVar settings loaded from the selected device profile: [Windows]
[2017.09.08-01.55.46:221][  0]LogInit: Computer: DESKTOP-HKS75NM
[2017.09.08-01.55.46:221][  0]LogInit: User: StevenStrickland
[2017.09.08-01.55.46:221][  0]LogInit: CPU Page size=4096, Cores=4
[2017.09.08-01.55.46:221][  0]LogInit: High frequency timer resolution =3.924238 MHz
[2017.09.08-01.55.46:222][  0]LogMemory: Memory total: Physical=16.0GB (16GB approx)
[2017.09.08-01.55.46:222][  0]LogMemory: Platform Memory Stats for Windows
[2017.09.08-01.55.46:222][  0]LogMemory: Process Physical Memory: 271.59 MB used, 271.59 MB peak
[2017.09.08-01.55.46:222][  0]LogMemory: Process Virtual Memory: 260.74 MB used, 260.74 MB peak
[2017.09.08-01.55.46:222][  0]LogMemory: Physical Memory: 5381.25 MB used,  10967.38 MB free, 16348.63 MB total
[2017.09.08-01.55.46:222][  0]LogMemory: Virtual Memory: 643.03 MB used,  10967.38 MB free, 134217728.00 MB total
[2017.09.08-01.55.46:338][  0]LogInit: Using OS detected language (en-US).
[2017.09.08-01.55.46:338][  0]LogInit: Using OS detected locale (en-US).
[2017.09.08-01.55.46:342][  0]LogTextLocalizationManager: No specific localization for 'en-US' exists, so the 'en' localization will be used.
[2017.09.08-01.55.47:495][  0]LogD3D11RHI: D3D11 adapters:
[2017.09.08-01.55.48:018][  0]LogD3D11RHI:    0. 'NVIDIA GeForce GTX 980' (Feature Level 11_0)
[2017.09.08-01.55.48:018][  0]LogD3D11RHI:       4060/0/8174 MB DedicatedVideo/DedicatedSystem/SharedSystem, Outputs:2, VendorId:0x10de
[2017.09.08-01.55.48:019][  0]LogD3D11RHI:    1. 'Microsoft Basic Render Driver' (Feature Level 11_0)
[2017.09.08-01.55.48:019][  0]LogD3D11RHI:       0/0/8174 MB DedicatedVideo/DedicatedSystem/SharedSystem, Outputs:0, VendorId:0x1414
[2017.09.08-01.55.48:019][  0]LogD3D11RHI: Chosen D3D11 Adapter: 0
[2017.09.08-01.55.48:027][  0]LogD3D11RHI: Creating new Direct3DDevice
[2017.09.08-01.55.48:027][  0]LogD3D11RHI:     GPU DeviceId: 0x13c0 (for the marketing name, search the web for "GPU Device Id")
[2017.09.08-01.55.48:027][  0]LogWindows: EnumDisplayDevices:
[2017.09.08-01.55.48:027][  0]LogWindows:    0. 'NVIDIA GeForce GTX 980' (P:0 D:1)
[2017.09.08-01.55.48:027][  0]LogWindows:    1. 'NVIDIA GeForce GTX 980' (P:1 D:1)
[2017.09.08-01.55.48:028][  0]LogWindows:    2. 'NVIDIA GeForce GTX 980' (P:0 D:0)
[2017.09.08-01.55.48:028][  0]LogWindows:    3. 'NVIDIA GeForce GTX 980' (P:0 D:0)
[2017.09.08-01.55.48:028][  0]LogWindows: DebugString: FoundDriverCount:4 
[2017.09.08-01.55.48:028][  0]LogD3D11RHI:     Adapter Name: NVIDIA GeForce GTX 980
[2017.09.08-01.55.48:028][  0]LogD3D11RHI:   Driver Version: 382.53 (internal:22.21.13.8253, unified:382.53)
[2017.09.08-01.55.48:028][  0]LogD3D11RHI:      Driver Date: 6-7-2017
[2017.09.08-01.55.48:028][  0]LogRHI: Texture pool is 1361 MB (70% of 1945 MB)
[2017.09.08-01.55.48:519][  0]LogD3D11RHI: Async texture creation enabled
[2017.09.08-01.55.48:566][  0]LogD3D11RHI: GPU Timing Frequency: 1000.000000 (Debug: 2 2)
[2017.09.08-01.55.48:617][  0]LogShaderCompilers: Guid format shader working directory is -29 characters bigger than the processId version (../../../../../../Users/Steven Strickland/Documents/Unreal Projects/Ash/ProjectAsh/Ash/Intermediate/Shaders/WorkingDirectory/10472/).
[2017.09.08-01.55.48:617][  0]LogShaderCompilers: Cleaned the shader compiler working directory 'C:/Users/Steven Strickland/AppData/Local/Temp/UnrealShaderWorkingDir/4667BDEE439346CC11F545BEF008E116/'.
[2017.09.08-01.55.48:617][  0]LogShaderCompilers:Display: Using Local Shader Compiler.
[2017.09.08-01.55.50:088][  0]LogTemp:Display: Loaded TP AllDesktopTargetPlatform
[2017.09.08-01.55.50:167][  0]LogTemp:Display: Loaded TP MacClientTargetPlatform
[2017.09.08-01.55.50:246][  0]LogTemp:Display: Loaded TP MacNoEditorTargetPlatform
[2017.09.08-01.55.50:325][  0]LogTemp:Display: Loaded TP MacServerTargetPlatform
[2017.09.08-01.55.50:406][  0]LogTemp:Display: Loaded TP MacTargetPlatform
[2017.09.08-01.55.50:485][  0]LogTemp:Display: Loaded TP WindowsClientTargetPlatform
[2017.09.08-01.55.50:564][  0]LogTemp:Display: Loaded TP WindowsNoEditorTargetPlatform
[2017.09.08-01.55.50:643][  0]LogTemp:Display: Loaded TP WindowsServerTargetPlatform
[2017.09.08-01.55.50:714][  0]LogTemp:Display: Loaded TP WindowsTargetPlatform
[2017.09.08-01.55.50:791][  0]LogTemp:Display: Loaded TP AndroidTargetPlatform
[2017.09.08-01.55.50:869][  0]LogTemp:Display: Loaded TP Android_ASTCTargetPlatform
[2017.09.08-01.55.50:948][  0]LogTemp:Display: Loaded TP Android_ATCTargetPlatform
[2017.09.08-01.55.51:029][  0]LogTemp:Display: Loaded TP Android_DXTTargetPlatform
[2017.09.08-01.55.51:110][  0]LogTemp:Display: Loaded TP Android_ETC1TargetPlatform
[2017.09.08-01.55.51:188][  0]LogTemp:Display: Loaded TP Android_ETC2TargetPlatform
[2017.09.08-01.55.51:347][  0]LogTemp:Display: Loaded TP Android_MultiTargetPlatform
[2017.09.08-01.55.51:347][  0]LogTemp:Display: Loaded TP Android_PVRTCTargetPlatform
[2017.09.08-01.55.51:411][  0]LogTemp:Display: Loaded TP HTML5TargetPlatform
[2017.09.08-01.55.51:548][  0]LogTemp:Display: Loaded TP IOSTargetPlatform
[2017.09.08-01.55.51:597][  0]LogTemp:Display: Loaded TP TVOSTargetPlatform
[2017.09.08-01.55.51:675][  0]LogTemp:Display: Loaded TP LinuxClientTargetPlatform
[2017.09.08-01.55.51:752][  0]LogTemp:Display: Loaded TP LinuxNoEditorTargetPlatform
[2017.09.08-01.55.51:830][  0]LogTemp:Display: Loaded TP LinuxServerTargetPlatform
[2017.09.08-01.55.51:908][  0]LogTemp:Display: Loaded TP LinuxTargetPlatform
[2017.09.08-01.55.51:908][  0]LogTargetPlatformManager:Display: Building Assets For Windows
[2017.09.08-01.55.52:713][  0]LogDerivedDataCache:Display: Max Cache Size: 512 MB
[2017.09.08-01.55.52:876][  0]LogDerivedDataCache: Loaded boot cache 0.16s 90MB C:/Users/Steven Strickland/AppData/Local/UnrealEngine/4.16/DerivedDataCache/Boot.ddc.
[2017.09.08-01.55.52:876][  0]LogDerivedDataCache:Display: Loaded Boot cache: C:/Users/Steven Strickland/AppData/Local/UnrealEngine/4.16/DerivedDataCache/Boot.ddc
[2017.09.08-01.55.52:876][  0]LogDerivedDataCache: FDerivedDataBackendGraph:  Pak pak cache file ../../../../../../Users/Steven Strickland/Documents/Unreal Projects/Ash/ProjectAsh/Ash/DerivedDataCache/DDC.ddp not found, will not use a pak cache.
[2017.09.08-01.55.52:876][  0]LogDerivedDataCache: Unable to find inner node Pak for hierarchical cache Hierarchy.
[2017.09.08-01.55.52:876][  0]LogDerivedDataCache: FDerivedDataBackendGraph:  CompressedPak pak cache file ../../../../../../Users/Steven Strickland/Documents/Unreal Projects/Ash/ProjectAsh/Ash/DerivedDataCache/Compressed.ddp not found, will not use a pak cache.
[2017.09.08-01.55.52:876][  0]LogDerivedDataCache: Unable to find inner node CompressedPak for hierarchical cache Hierarchy.
[2017.09.08-01.55.52:896][  0]LogDerivedDataCache:Display: Pak cache opened for reading ../../../Engine/DerivedDataCache/Compressed.ddp.
[2017.09.08-01.55.52:908][  0]LogDerivedDataCache: Using Local data cache path C:/Users/Steven Strickland/AppData/Local/UnrealEngine/Common/DerivedDataCache: Writable
[2017.09.08-01.55.52:924][  0]LogMaterial: Verifying Global Shaders for PCD3D_SM5
[2017.09.08-01.55.52:924][  0]LogSlate: Using Freetype 2.6.0
[2017.09.08-01.55.52:925][  0]LogSlate: SlateFontCache - WITH_FREETYPE: 1, WITH_HARFBUZZ: 1
[2017.09.08-01.55.52:925][  0]LogSlate: SlateFontCache - WITH_FREETYPE: 1, WITH_HARFBUZZ: 1
[2017.09.08-01.55.53:365][  0]LogInit: Selected Device Profile: [Windows]
[2017.09.08-01.55.53:484][  0]LogContentStreaming: Texture pool size is 0.00 MB
[2017.09.08-01.55.53:713][  0]LogMeshUtilities: Using QuadricMeshReduction for automatic static mesh reduction
[2017.09.08-01.55.53:788][  0]LogSimplygon: Simplygon DLL not present - disabling.
[2017.09.08-01.55.53:865][  0]LogMeshUtilities: Using SimplygonSwarm for distributed automatic mesh merging
[2017.09.08-01.55.53:865][  0]LogMeshUtilities: No automatic skeletal mesh reduction module available
[2017.09.08-01.55.53:865][  0]LogMeshUtilities: No automatic mesh merging module available
[2017.09.08-01.55.54:673][  0]LogNetVersion: Ash , NetCL: 3452394, EngineNetVer: 2, GameNetVer: 0 (Checksum: 1656355737)
[2017.09.08-01.55.54:757][  0]LogAssetRegistry: FAssetRegistry took 0.0270 seconds to start up
[2017.09.08-01.55.54:848][  0]LogPackageLocalizationCache: Processed 4 localized package path(s) for 2 prioritized culture(s) in 0.050334 seconds
[2017.09.08-01.55.54:855][  0]LogUObjectArray: 34194 objects as part of root set at end of initial load.
[2017.09.08-01.55.54:855][  0]LogUObjectAllocator: 7260424 out of 0 bytes used by permanent object pool.
[2017.09.08-01.55.54:855][  0]LogUObjectArray: CloseDisregardForGC: 0/0 objects in disregard for GC pool
[2017.09.08-01.55.54:963][  0]LogInit: WinSock: version 1.1 (2.2), MaxSocks=32767, MaxUdp=65467
[2017.09.08-01.55.58:397][  0]LogTcpMessaging: Initializing TcpMessaging bridge
[2017.09.08-01.55.58:456][  0]LogUdpMessaging: Initializing bridge on interface 0.0.0.0:0 to multicast group 230.0.0.1:6666.
[2017.09.08-01.55.59:242][  0]LogMaterial: Uniform references updated for custom material expression Custom.
[2017.09.08-01.55.59:841][  0]SourceControl: Info Source control is disabled
[2017.09.08-01.55.59:887][  0]SourceControl: Info Source control is disabled
[2017.09.08-01.55.59:965][  0]SourceControl: Info Source control is disabled
[2017.09.08-01.56.00:040][  0]SourceControl: Info Source control is disabled
[2017.09.08-01.56.01:122][  0]LogAndroidPermission: UAndroidPermissionCallbackProxy::GetInstance
[2017.09.08-01.56.02:056][  0]LogEngine: Initializing Engine...
[2017.09.08-01.56.02:056][  0]LogHMD: Failed to initialize OpenVR with code 110
[2017.09.08-01.56.02:329][  0]LogStats: UGameplayTagsManager::ConstructGameplayTagTree: Construct from data asset -  0.000 s
[2017.09.08-01.56.02:329][  0]LogStats: UGameplayTagsManager::ConstructGameplayTagTree: GameplayTagTreeChangedEvent.Broadcast -  0.000 s
[2017.09.08-01.56.02:547][  0]LogAIModule: Creating AISystem for world Untitled
[2017.09.08-01.56.02:566][  0]LogInit: XAudio2 using 'G257HU-4 (NVIDIA High Definition Audio)' : 2 channels at 48 kHz using 16 bits per sample (channel mask 0x3)
[2017.09.08-01.56.02:580][  0]LogInit: FAudioDevice initialized.
[2017.09.08-01.56.02:665][  0]LogDerivedDataCache: Saved boot cache 0.08s 90MB C:/Users/Steven Strickland/AppData/Local/UnrealEngine/4.16/DerivedDataCache/Boot.ddc.
[2017.09.08-01.56.02:694][  0]LogInit: Texture streaming: Enabled
[2017.09.08-01.56.02:855][  0]LogEngineSessionManager: EngineSessionManager initialized
[2017.09.08-01.56.03:200][  0]LogInit: Transaction tracking system initialized
[2017.09.08-01.56.03:703][  0]BlueprintLog: New page: Editor Load
[2017.09.08-01.56.05:227][  0]LocalizationService: Info Localization service is disabled
[2017.09.08-01.56.06:320][  0]LogConsoleResponse:Display: 
[2017.09.08-01.56.06:513][  0]LogCook:Display: Max memory allowance for cook 16384mb min free memory 0mb
[2017.09.08-01.56.06:513][  0]LogCook:Display: Mobile HDR setting 1
[2017.09.08-01.56.06:560][  0]LogFileCache: Scanning file cache for directory 'C:/Users/Steven Strickland/Documents/Unreal Projects/Ash/ProjectAsh/Ash/Content/' took 0.02s
[2017.09.08-01.56.08:165][  0]SourceControl: Info Source control is disabled
[2017.09.08-01.56.08:165][  0]Cmd: MAP LOAD FILE="../../../Engine/Content/Maps/Templates/Template_Default.umap" TEMPLATE=1 SHOWPROGRESS=1 FEATURELEVEL=3
[2017.09.08-01.56.08:165][  0]LightingResults: New page: Lighting Build
[2017.09.08-01.56.08:230][  0]MapCheck: New page: Map Check
[2017.09.08-01.56.08:230][  0]LightingResults: New page: Lighting Build
[2017.09.08-01.56.08:513][  0]LogAIModule: Creating AISystem for world Untitled_1
[2017.09.08-01.56.08:514][  0]LogActorComponent: RegisterComponentWithWorld: (/Temp/Untitled_1.Untitled_1:PersistentLevel.WorldSettings_1.StaticMeshComponent0) Trying to register component with IsPendingKill() == true. Aborting.
[2017.09.08-01.56.08:520][  0]LogEditorServer: Finished looking for orphan Actors (0.000 secs)
[2017.09.08-01.56.08:540][  0]Cmd: MAP CHECKDEP NOCLEARLOG
[2017.09.08-01.56.08:609][  0]MapCheck: Info Map check complete: 0 Error(s), 0 Warning(s), took 68.975ms to complete.
[2017.09.08-01.56.08:610][  0]LogFileHelpers: Loading map 'Template_Default' took 0.445
[2017.09.08-01.56.08:846][  0]LogCollectionManager: Loaded 0 collections in 0.001928 seconds
[2017.09.08-01.56.08:976][  0]LogFileCache: Scanning file cache for directory 'C:/Users/Steven Strickland/Documents/Unreal Projects/Ash/ProjectAsh/Ash/Saved/Collections/' took 0.01s
[2017.09.08-01.56.08:976][  0]LogFileCache: Scanning file cache for directory 'C:/Users/Steven Strickland/Documents/Unreal Projects/Ash/ProjectAsh/Ash/Content/Developers/StevenStrickland/Collections/' took 0.01s
[2017.09.08-01.56.08:976][  0]LogFileCache: Scanning file cache for directory 'C:/Users/Steven Strickland/Documents/Unreal Projects/Ash/ProjectAsh/Ash/Content/Collections/' took 0.01s
[2017.09.08-01.56.08:976][  0]LogCollectionManager: Rebuilt the GUID cache for 0 collections in 0.000002 seconds
[2017.09.08-01.56.08:993][  0]LogContentBrowser: Native class hierarchy populated in 0.0156 seconds. Added 2329 classes and 491 folders.
[2017.09.08-01.56.09:106][  0]LogContentBrowser: Native class hierarchy updated for 'WidgetCarousel' in 0.0007 seconds. Added 0 classes and 0 folders.
[2017.09.08-01.56.09:482][  0]LogContentBrowser: Native class hierarchy updated for 'AddContentDialog' in 0.0008 seconds. Added 0 classes and 0 folders.
[2017.09.08-01.56.09:562][  0]LogContentBrowser: Native class hierarchy updated for 'SceneOutliner' in 0.0007 seconds. Added 1 classes and 2 folders.
[2017.09.08-01.56.09:651][  0]LogCrashTracker: Crashtracker disabled due to settings.
[2017.09.08-01.56.09:660][  0]LogSlate: Took 0.000576 seconds to synchronously load lazily loaded font '../../../Engine/Content/Slate/Fonts/Roboto-Regular.ttf' (155K)
[2017.09.08-01.56.09:664][  0]LogSlate: Took 0.000250 seconds to synchronously load lazily loaded font '../../../Engine/Content/Slate/Fonts/Roboto-Bold.ttf' (160K)
[2017.09.08-01.56.09:679][  0]LogSlate: Took 0.006426 seconds to synchronously load lazily loaded font '../../../Engine/Content/Editor/Slate/Fonts/FontAwesome.ttf' (139K)
[2017.09.08-01.56.09:873][  0]LogRenderer: Reallocating scene render targets to support 1616x808 NumSamples 1 (Frame:1).
[2017.09.08-01.56.10:070][  0]LogUObjectGlobals:Warning: Failed to find object 'Class None.'
[2017.09.08-01.56.10:168][  0]LogContentBrowser: Native class hierarchy updated for 'HierarchicalLODOutliner' in 0.0007 seconds. Added 1 classes and 2 folders.
[2017.09.08-01.56.10:168][  0]LogLoad: (Engine Initialization) Total time: 26.20 seconds
[2017.09.08-01.56.10:168][  0]LogLoad: (Engine Initialization) Total Blueprint compile time: 0.14 seconds
[2017.09.08-01.56.10:168][  0]LogExternalProfiler: No external profilers were discovered.  External profiling features will not be available.
[2017.09.08-01.56.10:181][  0]LogWindowsTextInputMethodSystem:Display: IME system now deactivated.
[2017.09.08-01.56.10:181][  0]LogOcInput: OculusInput pre-init called
[2017.09.08-01.56.10:181][  0]LogHMD: Starting GearVRController plugin
[2017.09.08-01.56.10:204][  0]LogContentStreaming: Texture pool size now 1000 MB
[2017.09.08-01.56.10:272][  1]LogAssetRegistry: Asset discovery search completed in 15.5358 seconds
[2017.09.08-01.56.10:273][  1]LogCollectionManager: Rebuilt the object cache for 0 collections in 0.000001 seconds (found 0 objects)
[2017.09.08-01.56.10:273][  1]LogCollectionManager: Fixed up redirectors for 0 collections in 0.000036 seconds (updated 0 objects)
[2017.09.08-01.56.11:234][105]LogSlate: Took 0.007269 seconds to synchronously load lazily loaded font '../../../Engine/Content/Slate/Fonts/Roboto-Light.ttf' (159K)
[2017.09.08-01.56.17:038][762]LogSlate: Took 0.000226 seconds to synchronously load lazily loaded font '../../../Engine/Content/Slate/Fonts/Roboto-Light.ttf' (159K)
[2017.09.08-01.56.17:693][762]LogContentBrowser: Native class hierarchy updated for 'BlueprintGraph' in 0.0013 seconds. Added 112 classes and 0 folders.
[2017.09.08-01.56.18:583][762]LogLinker:Warning: Can't resolve asset name
[2017.09.08-01.56.18:917][762]LogSlate: Took 0.005168 seconds to synchronously load lazily loaded font '../../../Engine/Content/Editor/Slate/Fonts/Roboto-BoldCondensed.ttf' (158K)
[2017.09.08-01.56.24:811][292]LogAIModule: Creating AISystem for world LevelBP
[2017.09.08-01.56.24:858][292]Cmd: MAP LOAD FILE="../../../../../../Users/Steven Strickland/Documents/Unreal Projects/Ash/ProjectAsh/Ash/Content/LevelBP.umap" TEMPLATE=0 SHOWPROGRESS=1 FEATURELEVEL=3
[2017.09.08-01.56.24:858][292]LightingResults: New page: Lighting Build
[2017.09.08-01.56.24:859][292]LoadErrors: New page: Loading map: LevelBP.umap
[2017.09.08-01.56.24:860][292]MapCheck: New page: Map Check
[2017.09.08-01.56.24:860][292]LightingResults: New page: Lighting Build
[2017.09.08-01.56.24:894][292]LogEditorServer: Finished looking for orphan Actors (0.000 secs)
[2017.09.08-01.56.24:955][292]Cmd: MAP CHECKDEP NOCLEARLOG
[2017.09.08-01.56.25:030][292]MapCheck: Info Map check complete: 0 Error(s), 0 Warning(s), took 74.938ms to complete.
[2017.09.08-01.56.25:031][292]LogFileHelpers: Loading map 'LevelBP' took 0.173
[2017.09.08-01.56.30:180][876]LogEditorViewport: Clicking on Actor (LMB): StaticMeshActor (Floor)
[2017.09.08-01.56.59:661][937]BlueprintLog: New page: Compile Sector
[2017.09.08-01.57.07:048][756]LogSlate: Took 0.005004 seconds to synchronously load lazily loaded font '../../../Engine/Content/Editor/Slate/Fonts/Roboto-Italic.ttf' (157K)
[2017.09.08-01.57.09:651][ 28]LogRenderer: Reallocating scene render targets to support 1616x1000 NumSamples 1 (Frame:1).
[2017.09.08-01.58.58:664][669]LogEditorTransaction: Undo Add Node
[2017.09.08-01.58.58:986][702]LogEditorTransaction: Undo Move Node
[2017.09.08-01.58.59:365][743]LogEditorTransaction: Undo Add Node
[2017.09.08-01.58.59:733][784]LogEditorTransaction: Undo Delete current selection
[2017.09.08-01.59.00:095][823]LogEditorTransaction: Undo Delete current selection
[2017.09.08-01.59.00:590][879]LogEditorTransaction: Undo Delete current selection
[2017.09.08-02.07.07:905][ 60]LogSavePackage: Save=249.87ms
[2017.09.08-02.07.07:905][ 60]LogSavePackage: Moving '../../../../../../Users/Steven Strickland/Documents/Unreal Projects/Ash/ProjectAsh/Ash/Saved/LevelBP_Auto16A8975684876FAC67B1003AFEB3C6A4E.tmp' to '../../../../../../Users/Steven Strickland/Documents/Unreal Projects/Ash/ProjectAsh/Ash/Saved/Autosaves/Game/LevelBP_Auto1.umap'
[2017.09.08-02.07.07:908][ 60]LogSavePackage:Display: Finished SavePackage ../../../../../../Users/Steven Strickland/Documents/Unreal Projects/Ash/ProjectAsh/Ash/Saved/Autosaves/Game/LevelBP_Auto1.umap
[2017.09.08-02.07.07:911][ 60]LogFileHelpers: Editor autosave (incl. sublevels) for '/Game/LevelBP' took 0.307
[2017.09.08-02.07.07:911][ 60]LogFileHelpers: Editor autosave (incl. sublevels) for all levels took 0.307
[2017.09.08-02.10.26:624][903]Cmd: OBJ SAVEPACKAGE PACKAGE="/Game/LevelBP" FILE="../../../../../../Users/Steven Strickland/Documents/Unreal Projects/Ash/ProjectAsh/Ash/Content/LevelBP.umap" SILENT=true AUTOSAVING=false KEEPDIRTY=false
[2017.09.08-02.10.26:923][903]LogSavePackage: Save=266.20ms
[2017.09.08-02.10.26:923][903]LogSavePackage: Moving '../../../../../../Users/Steven Strickland/Documents/Unreal Projects/Ash/ProjectAsh/Ash/Saved/LevelBP97F5DC20445A011F13732597AE5ED13B.tmp' to '../../../../../../Users/Steven Strickland/Documents/Unreal Projects/Ash/ProjectAsh/Ash/Content/LevelBP.umap'
[2017.09.08-02.10.26:944][903]LogSavePackage:Display: Finished SavePackage ../../../../../../Users/Steven Strickland/Documents/Unreal Projects/Ash/ProjectAsh/Ash/Content/LevelBP.umap
[2017.09.08-02.10.26:990][903]LogSlate: Took 0.000261 seconds to synchronously load lazily loaded font '../../../Engine/Content/Slate/Fonts/Roboto-Regular.ttf' (155K)
[2017.09.08-02.10.26:997][903]LogFileHelpers: Saving map 'LevelBP' took 0.448
[2017.09.08-02.10.27:000][903]Cmd: MAP LOAD FILE="../../../../../../Users/Steven Strickland/Documents/Unreal Projects/Ash/ProjectAsh/Ash/Content/LevelBP.umap" TEMPLATE=0 SHOWPROGRESS=1 FEATURELEVEL=3
[2017.09.08-02.10.27:000][903]LightingResults: New page: Lighting Build
[2017.09.08-02.10.27:001][903]LoadErrors: New page: Loading map: LevelBP.umap
[2017.09.08-02.10.27:051][903]MapCheck: New page: Map Check
[2017.09.08-02.10.27:051][903]LightingResults: New page: Lighting Build
[2017.09.08-02.10.27:157][903]LogAIModule: Creating AISystem for world LevelBP
[2017.09.08-02.10.27:160][903]LogEditorServer: Finished looking for orphan Actors (0.000 secs)
[2017.09.08-02.10.27:221][903]Cmd: MAP CHECKDEP NOCLEARLOG
[2017.09.08-02.10.27:296][903]MapCheck: Info Map check complete: 0 Error(s), 0 Warning(s), took 75.329ms to complete.
[2017.09.08-02.10.27:297][903]LogFileHelpers: Loading map 'LevelBP' took 0.299
[2017.09.08-02.11.49:153][215]LogEditorTransaction: Undo Delete current selection
[2017.09.08-02.12.43:717][567]BlueprintLog: New page: Compile LevelBP
[2017.09.08-02.12.44:463][622]Cmd: OBJ SAVEPACKAGE PACKAGE="/Game/LevelBP" FILE="../../../../../../Users/Steven Strickland/Documents/Unreal Projects/Ash/ProjectAsh/Ash/Content/LevelBP.umap" SILENT=true AUTOSAVING=false KEEPDIRTY=false
[2017.09.08-02.12.44:781][622]LogSavePackage: Save=277.89ms
[2017.09.08-02.12.44:781][622]LogSavePackage: Moving '../../../../../../Users/Steven Strickland/Documents/Unreal Projects/Ash/ProjectAsh/Ash/Saved/LevelBP4D85C4DC4734A731641D5AA93A18F9DC.tmp' to '../../../../../../Users/Steven Strickland/Documents/Unreal Projects/Ash/ProjectAsh/Ash/Content/LevelBP.umap'
[2017.09.08-02.12.44:786][622]LogSavePackage:Display: Finished SavePackage ../../../../../../Users/Steven Strickland/Documents/Unreal Projects/Ash/ProjectAsh/Ash/Content/LevelBP.umap
[2017.09.08-02.12.44:834][622]LogFileHelpers: Saving map 'LevelBP' took 0.450
[2017.09.08-02.13.01:595][589]LogTemp: Repeting last play command: Selected Viewport
[2017.09.08-02.13.01:646][589]LogBlueprintUserMessages: Early PlayInEditor Detection: Level '/Game/LevelBP.LevelBP:PersistentLevel' has LevelScriptBlueprint '/Game/LevelBP.LevelBP:PersistentLevel.LevelBP' with GeneratedClass '/Game/LevelBP.LevelBP_C' with ClassGeneratedBy '/Game/LevelBP.LevelBP:PersistentLevel.LevelBP'
[2017.09.08-02.13.01:646][589]LogPlayLevel: PlayLevel: No blueprints needed recompiling
[2017.09.08-02.13.01:647][589]PIE: New page: PIE session: LevelBP (Sep 7, 2017, 12:13:01 PM)
[2017.09.08-02.13.01:647][589]LogPlayLevel: Creating play world package: /Game/UEDPIE_0_LevelBP
[2017.09.08-02.13.01:654][589]LogPlayLevel: PIE: StaticDuplicateObject took: (0.006370s)
[2017.09.08-02.13.01:655][589]LogAIModule: Creating AISystem for world LevelBP
[2017.09.08-02.13.01:655][589]LogPlayLevel: PIE: World Init took: (0.001516s)
[2017.09.08-02.13.01:655][589]LogPlayLevel: PIE: Created PIE world by copying editor world from /Game/LevelBP.LevelBP to /Game/UEDPIE_0_LevelBP.LevelBP (0.008305s)
[2017.09.08-02.13.01:700][589]LogInit: XAudio2 using 'G257HU-4 (NVIDIA High Definition Audio)' : 2 channels at 48 kHz using 16 bits per sample (channel mask 0x3)
[2017.09.08-02.13.01:711][589]LogInit: FAudioDevice initialized.
[2017.09.08-02.13.01:756][589]LogLoad: Game class is 'GameModeBase'
[2017.09.08-02.13.01:761][589]LogWorld: Bringing World /Game/UEDPIE_0_LevelBP.LevelBP up for play (max tick rate 0) at 2017.09.07-19.13.01
[2017.09.08-02.13.01:761][589]LogWorld: Bringing up level for play took: 0.001103
[2017.09.08-02.13.01:837][589]LogContentBrowser: Native class hierarchy updated for 'MovieSceneCapture' in 0.0008 seconds. Added 11 classes and 0 folders.
[2017.09.08-02.13.01:842][589]LogScript:Warning: Infinite script recursion (250 calls) detected - see log for stack trace
	LevelBP_C /Game/UEDPIE_0_LevelBP.LevelBP:PersistentLevel.LevelBP_C_0
	Function /Game/LevelBP.LevelBP_C:SplitSectors:0000
[2017.09.08-02.13.01:842][589]PIE:Error: Error Infinite Loop detected in  LevelBP , asserted during  Split Sectors with the following  Call Stack
[2017.09.08-02.13.01:845][589]PIE: Info Play in editor start time for /Game/UEDPIE_0_LevelBP -0.231
[2017.09.08-02.13.01:845][589]LogBlueprintUserMessages: Late PlayInEditor Detection: Level '/Game/LevelBP.LevelBP:PersistentLevel' has LevelScriptBlueprint '/Game/LevelBP.LevelBP:PersistentLevel.LevelBP' with GeneratedClass '/Game/LevelBP.LevelBP_C' with ClassGeneratedBy '/Game/LevelBP.LevelBP:PersistentLevel.LevelBP'
[2017.09.08-02.13.01:859][589]LogBlueprintUserMessages: Early EndPlayMap Detection: Level '/Game/LevelBP.LevelBP:PersistentLevel' has LevelScriptBlueprint '/Game/LevelBP.LevelBP:PersistentLevel.LevelBP' with GeneratedClass '/Game/LevelBP.LevelBP_C' with ClassGeneratedBy '/Game/LevelBP.LevelBP:PersistentLevel.LevelBP'
[2017.09.08-02.13.01:904][589]LogBlueprintUserMessages: Late EndPlayMap Detection: Level '/Game/LevelBP.LevelBP:PersistentLevel' has LevelScriptBlueprint '/Game/LevelBP.LevelBP:PersistentLevel.LevelBP' with GeneratedClass '/Game/LevelBP.LevelBP_C' with ClassGeneratedBy '/Game/LevelBP.LevelBP:PersistentLevel.LevelBP'
[2017.09.08-02.13.52:659][548]BlueprintLog: New page: Compile LevelBP
[2017.09.08-02.13.53:265][587]Cmd: OBJ SAVEPACKAGE PACKAGE="/Game/LevelBP" FILE="../../../../../../Users/Steven Strickland/Documents/Unreal Projects/Ash/ProjectAsh/Ash/Content/LevelBP.umap" SILENT=true AUTOSAVING=false KEEPDIRTY=false
[2017.09.08-02.13.53:571][587]LogSavePackage: Save=274.66ms
[2017.09.08-02.13.53:571][587]LogSavePackage: Moving '../../../../../../Users/Steven Strickland/Documents/Unreal Projects/Ash/ProjectAsh/Ash/Saved/LevelBP8FF241D84CBD9C57CB8909BC42BE226C.tmp' to '../../../../../../Users/Steven Strickland/Documents/Unreal Projects/Ash/ProjectAsh/Ash/Content/LevelBP.umap'
[2017.09.08-02.13.53:575][587]LogSavePackage:Display: Finished SavePackage ../../../../../../Users/Steven Strickland/Documents/Unreal Projects/Ash/ProjectAsh/Ash/Content/LevelBP.umap
[2017.09.08-02.13.53:607][587]LogFileHelpers: Saving map 'LevelBP' took 0.419
[2017.09.08-02.14.16:538][282]BlueprintLog: New page: Compile LevelBP
[2017.09.08-02.14.17:149][322]Cmd: OBJ SAVEPACKAGE PACKAGE="/Game/LevelBP" FILE="../../../../../../Users/Steven Strickland/Documents/Unreal Projects/Ash/ProjectAsh/Ash/Content/LevelBP.umap" SILENT=true AUTOSAVING=false KEEPDIRTY=false
[2017.09.08-02.14.17:463][322]LogSavePackage: Save=283.68ms
[2017.09.08-02.14.17:463][322]LogSavePackage: Moving '../../../../../../Users/Steven Strickland/Documents/Unreal Projects/Ash/ProjectAsh/Ash/Saved/LevelBPBB547316456A37AA099F75AA599B2746.tmp' to '../../../../../../Users/Steven Strickland/Documents/Unreal Projects/Ash/ProjectAsh/Ash/Content/LevelBP.umap'
[2017.09.08-02.14.17:467][322]LogSavePackage:Display: Finished SavePackage ../../../../../../Users/Steven Strickland/Documents/Unreal Projects/Ash/ProjectAsh/Ash/Content/LevelBP.umap
[2017.09.08-02.14.17:499][322]LogFileHelpers: Saving map 'LevelBP' took 0.425
[2017.09.08-02.14.20:569][678]LogTemp: Repeting last play command: Selected Viewport
[2017.09.08-02.14.20:590][678]LogBlueprintUserMessages: Early PlayInEditor Detection: Level '/Game/LevelBP.LevelBP:PersistentLevel' has LevelScriptBlueprint '/Game/LevelBP.LevelBP:PersistentLevel.LevelBP' with GeneratedClass '/Game/LevelBP.LevelBP_C' with ClassGeneratedBy '/Game/LevelBP.LevelBP:PersistentLevel.LevelBP'
[2017.09.08-02.14.20:590][678]LogPlayLevel: PlayLevel: No blueprints needed recompiling
[2017.09.08-02.14.20:590][678]PIE: New page: PIE session: LevelBP (Sep 7, 2017, 12:14:20 PM)
[2017.09.08-02.14.20:590][678]LogPlayLevel: Creating play world package: /Game/UEDPIE_0_LevelBP
[2017.09.08-02.14.20:595][678]LogPlayLevel: PIE: StaticDuplicateObject took: (0.004368s)
[2017.09.08-02.14.20:596][678]LogAIModule: Creating AISystem for world LevelBP
[2017.09.08-02.14.20:596][678]LogPlayLevel: PIE: World Init took: (0.001253s)
[2017.09.08-02.14.20:596][678]LogPlayLevel: PIE: Created PIE world by copying editor world from /Game/LevelBP.LevelBP to /Game/UEDPIE_0_LevelBP.LevelBP (0.005986s)
[2017.09.08-02.14.20:632][678]LogInit: XAudio2 using 'G257HU-4 (NVIDIA High Definition Audio)' : 2 channels at 48 kHz using 16 bits per sample (channel mask 0x3)
[2017.09.08-02.14.20:641][678]LogInit: FAudioDevice initialized.
[2017.09.08-02.14.20:671][678]LogLoad: Game class is 'GameModeBase'
[2017.09.08-02.14.20:674][678]LogWorld: Bringing World /Game/UEDPIE_0_LevelBP.LevelBP up for play (max tick rate 0) at 2017.09.07-19.14.20
[2017.09.08-02.14.20:674][678]LogWorld: Bringing up level for play took: 0.001167
[2017.09.08-02.14.21:997][678]LogScript:Warning: Runaway loop detected (over 1,000,000 iterations) - see log for stack trace
	LevelBP_C /Game/UEDPIE_0_LevelBP.LevelBP:PersistentLevel.LevelBP_C_0
	Function /Game/LevelBP.LevelBP_C:SplitSectors:00C7
[2017.09.08-02.14.21:997][678]PIE:Error: Error Infinite Loop detected in  LevelBP , asserted during  WhileLoop with the following  Call Stack
[2017.09.08-02.14.21:998][678]PIE: Info Play in editor start time for /Game/UEDPIE_0_LevelBP 1.922
[2017.09.08-02.14.21:998][678]LogBlueprintUserMessages: Late PlayInEditor Detection: Level '/Game/LevelBP.LevelBP:PersistentLevel' has LevelScriptBlueprint '/Game/LevelBP.LevelBP:PersistentLevel.LevelBP' with GeneratedClass '/Game/LevelBP.LevelBP_C' with ClassGeneratedBy '/Game/LevelBP.LevelBP:PersistentLevel.LevelBP'
[2017.09.08-02.14.22:001][678]LogBlueprintUserMessages: Early EndPlayMap Detection: Level '/Game/LevelBP.LevelBP:PersistentLevel' has LevelScriptBlueprint '/Game/LevelBP.LevelBP:PersistentLevel.LevelBP' with GeneratedClass '/Game/LevelBP.LevelBP_C' with ClassGeneratedBy '/Game/LevelBP.LevelBP:PersistentLevel.LevelBP'
[2017.09.08-02.14.22:043][678]LogBlueprintUserMessages: Late EndPlayMap Detection: Level '/Game/LevelBP.LevelBP:PersistentLevel' has LevelScriptBlueprint '/Game/LevelBP.LevelBP:PersistentLevel.LevelBP' with GeneratedClass '/Game/LevelBP.LevelBP_C' with ClassGeneratedBy '/Game/LevelBP.LevelBP:PersistentLevel.LevelBP'
[2017.09.08-02.14.58:915][992]Cmd: OBJ SAVEPACKAGE PACKAGE="/Game/LevelBP" FILE="../../../../../../Users/Steven Strickland/Documents/Unreal Projects/Ash/ProjectAsh/Ash/Content/LevelBP.umap" SILENT=true AUTOSAVING=false KEEPDIRTY=false
[2017.09.08-02.14.59:226][992]LogSavePackage: Save=275.64ms
[2017.09.08-02.14.59:226][992]LogSavePackage: Moving '../../../../../../Users/Steven Strickland/Documents/Unreal Projects/Ash/ProjectAsh/Ash/Saved/LevelBPE8622FE740CFA64AE712C8ADDB5B3EFC.tmp' to '../../../../../../Users/Steven Strickland/Documents/Unreal Projects/Ash/ProjectAsh/Ash/Content/LevelBP.umap'
[2017.09.08-02.14.59:233][992]LogSavePackage:Display: Finished SavePackage ../../../../../../Users/Steven Strickland/Documents/Unreal Projects/Ash/ProjectAsh/Ash/Content/LevelBP.umap
[2017.09.08-02.14.59:278][992]LogFileHelpers: Saving map 'LevelBP' took 0.440
[2017.09.08-02.15.19:770][319]Cmd: OBJ SAVEPACKAGE PACKAGE="/Game/LevelBP" FILE="../../../../../../Users/Steven Strickland/Documents/Unreal Projects/Ash/ProjectAsh/Ash/Content/LevelBP.umap" SILENT=true AUTOSAVING=false KEEPDIRTY=false
[2017.09.08-02.15.20:090][319]LogSavePackage: Save=285.98ms
[2017.09.08-02.15.20:090][319]LogSavePackage: Moving '../../../../../../Users/Steven Strickland/Documents/Unreal Projects/Ash/ProjectAsh/Ash/Saved/LevelBPC4CBD26145B0F5E08EBC0CB429CDBC6D.tmp' to '../../../../../../Users/Steven Strickland/Documents/Unreal Projects/Ash/ProjectAsh/Ash/Content/LevelBP.umap'
[2017.09.08-02.15.20:094][319]LogSavePackage:Display: Finished SavePackage ../../../../../../Users/Steven Strickland/Documents/Unreal Projects/Ash/ProjectAsh/Ash/Content/LevelBP.umap
[2017.09.08-02.15.20:126][319]LogFileHelpers: Saving map 'LevelBP' took 0.435
[2017.09.08-02.15.26:095][ 12]LogTemp: Repeting last play command: Selected Viewport
[2017.09.08-02.15.26:116][ 12]LogBlueprintUserMessages: Early PlayInEditor Detection: Level '/Game/LevelBP.LevelBP:PersistentLevel' has LevelScriptBlueprint '/Game/LevelBP.LevelBP:PersistentLevel.LevelBP' with GeneratedClass '/Game/LevelBP.LevelBP_C' with ClassGeneratedBy '/Game/LevelBP.LevelBP:PersistentLevel.LevelBP'
[2017.09.08-02.15.26:117][ 12]LogPlayLevel: PlayLevel: No blueprints needed recompiling
[2017.09.08-02.15.26:117][ 12]PIE: New page: PIE session: LevelBP (Sep 7, 2017, 12:15:26 PM)
[2017.09.08-02.15.26:117][ 12]LogPlayLevel: Creating play world package: /Game/UEDPIE_0_LevelBP
[2017.09.08-02.15.26:121][ 12]LogPlayLevel: PIE: StaticDuplicateObject took: (0.004165s)
[2017.09.08-02.15.26:122][ 12]LogAIModule: Creating AISystem for world LevelBP
[2017.09.08-02.15.26:122][ 12]LogPlayLevel: PIE: World Init took: (0.001119s)
[2017.09.08-02.15.26:122][ 12]LogPlayLevel: PIE: Created PIE world by copying editor world from /Game/LevelBP.LevelBP to /Game/UEDPIE_0_LevelBP.LevelBP (0.005579s)
[2017.09.08-02.15.26:161][ 12]LogInit: XAudio2 using 'G257HU-4 (NVIDIA High Definition Audio)' : 2 channels at 48 kHz using 16 bits per sample (channel mask 0x3)
[2017.09.08-02.15.26:170][ 12]LogInit: FAudioDevice initialized.
[2017.09.08-02.15.26:203][ 12]LogLoad: Game class is 'GameModeBase'
[2017.09.08-02.15.26:206][ 12]LogWorld: Bringing World /Game/UEDPIE_0_LevelBP.LevelBP up for play (max tick rate 0) at 2017.09.07-19.15.26
[2017.09.08-02.15.26:206][ 12]LogWorld: Bringing up level for play took: 0.000938
[2017.09.08-02.15.26:207][ 12]LogBlueprintDebug:Warning: Hit breakpoint on node 'K2Node_FunctionEntry', from offset 5
[2017.09.08-02.15.26:207][ 12]LogBlueprintDebug: 
Script call stack:
	Function /Game/LevelBP.LevelBP_C:ReceiveBeginPlay
	Function /Game/LevelBP.LevelBP_C:ExecuteUbergraph_LevelBP
	Function /Game/LevelBP.LevelBP_C:SplitSectors

[2017.09.08-02.15.30:544][ 12]LogBlueprintDebug:Warning: Unknown breakpoint hit at node K2Node_IfThenElse in object Function /Game/LevelBP.LevelBP_C:SplitSectors:00AA
[2017.09.08-02.15.34:104][ 12]LogBlueprintDebug:Warning: Hit breakpoint on node 'K2Node_IfThenElse', from offset 393
[2017.09.08-02.15.34:104][ 12]LogBlueprintDebug: 
Script call stack:
	Function /Game/LevelBP.LevelBP_C:ReceiveBeginPlay
	Function /Game/LevelBP.LevelBP_C:ExecuteUbergraph_LevelBP
	Function /Game/LevelBP.LevelBP_C:SplitSectors

[2017.09.08-02.15.47:302][ 12]LogScript:Warning: Runaway loop detected (over 1,000,000 iterations) - see log for stack trace
	LevelBP_C /Game/UEDPIE_0_LevelBP.LevelBP:PersistentLevel.LevelBP_C_0
	Function /Game/LevelBP.LevelBP_C:SplitSectors:00C7
[2017.09.08-02.15.47:302][ 12]PIE:Error: Error Infinite Loop detected in  LevelBP , asserted during  WhileLoop with the following  Call Stack
[2017.09.08-02.15.47:303][ 12]PIE: Info Play in editor start time for /Game/UEDPIE_0_LevelBP 21.227
[2017.09.08-02.15.47:303][ 12]LogBlueprintUserMessages: Late PlayInEditor Detection: Level '/Game/LevelBP.LevelBP:PersistentLevel' has LevelScriptBlueprint '/Game/LevelBP.LevelBP:PersistentLevel.LevelBP' with GeneratedClass '/Game/LevelBP.LevelBP_C' with ClassGeneratedBy '/Game/LevelBP.LevelBP:PersistentLevel.LevelBP'
[2017.09.08-02.15.47:306][ 12]LogBlueprintUserMessages: Early EndPlayMap Detection: Level '/Game/LevelBP.LevelBP:PersistentLevel' has LevelScriptBlueprint '/Game/LevelBP.LevelBP:PersistentLevel.LevelBP' with GeneratedClass '/Game/LevelBP.LevelBP_C' with ClassGeneratedBy '/Game/LevelBP.LevelBP:PersistentLevel.LevelBP'
[2017.09.08-02.15.47:353][ 12]LogBlueprintUserMessages: Late EndPlayMap Detection: Level '/Game/LevelBP.LevelBP:PersistentLevel' has LevelScriptBlueprint '/Game/LevelBP.LevelBP:PersistentLevel.LevelBP' with GeneratedClass '/Game/LevelBP.LevelBP_C' with ClassGeneratedBy '/Game/LevelBP.LevelBP:PersistentLevel.LevelBP'
[2017.09.08-02.16.19:422][774]BlueprintLog: New page: Compile LevelBP
[2017.09.08-02.16.59:286][470]BlueprintLog: New page: Compile LevelBP
[2017.09.08-02.16.59:973][518]Cmd: OBJ SAVEPACKAGE PACKAGE="/Game/LevelBP" FILE="../../../../../../Users/Steven Strickland/Documents/Unreal Projects/Ash/ProjectAsh/Ash/Content/LevelBP.umap" SILENT=true AUTOSAVING=false KEEPDIRTY=false
[2017.09.08-02.17.00:294][518]LogSavePackage: Save=287.65ms
[2017.09.08-02.17.00:294][518]LogSavePackage: Moving '../../../../../../Users/Steven Strickland/Documents/Unreal Projects/Ash/ProjectAsh/Ash/Saved/LevelBP55825ADF419FD8F4C6A506A0BF35E7E3.tmp' to '../../../../../../Users/Steven Strickland/Documents/Unreal Projects/Ash/ProjectAsh/Ash/Content/LevelBP.umap'
[2017.09.08-02.17.00:298][518]LogSavePackage:Display: Finished SavePackage ../../../../../../Users/Steven Strickland/Documents/Unreal Projects/Ash/ProjectAsh/Ash/Content/LevelBP.umap
[2017.09.08-02.17.00:346][518]LogFileHelpers: Saving map 'LevelBP' took 0.450
[2017.09.08-02.17.04:170][951]LogTemp: Repeting last play command: Selected Viewport
[2017.09.08-02.17.04:196][951]LogBlueprintUserMessages: Early PlayInEditor Detection: Level '/Game/LevelBP.LevelBP:PersistentLevel' has LevelScriptBlueprint '/Game/LevelBP.LevelBP:PersistentLevel.LevelBP' with GeneratedClass '/Game/LevelBP.LevelBP_C' with ClassGeneratedBy '/Game/LevelBP.LevelBP:PersistentLevel.LevelBP'
[2017.09.08-02.17.04:196][951]LogPlayLevel: PlayLevel: No blueprints needed recompiling
[2017.09.08-02.17.04:196][951]PIE: New page: PIE session: LevelBP (Sep 7, 2017, 12:17:04 PM)
[2017.09.08-02.17.04:196][951]LogPlayLevel: Creating play world package: /Game/UEDPIE_0_LevelBP
[2017.09.08-02.17.04:201][951]LogPlayLevel: PIE: StaticDuplicateObject took: (0.004728s)
[2017.09.08-02.17.04:202][951]LogAIModule: Creating AISystem for world LevelBP
[2017.09.08-02.17.04:202][951]LogPlayLevel: PIE: World Init took: (0.000996s)
[2017.09.08-02.17.04:202][951]LogPlayLevel: PIE: Created PIE world by copying editor world from /Game/LevelBP.LevelBP to /Game/UEDPIE_0_LevelBP.LevelBP (0.006009s)
[2017.09.08-02.17.04:242][951]LogInit: XAudio2 using 'G257HU-4 (NVIDIA High Definition Audio)' : 2 channels at 48 kHz using 16 bits per sample (channel mask 0x3)
[2017.09.08-02.17.04:251][951]LogInit: FAudioDevice initialized.
[2017.09.08-02.17.04:284][951]LogLoad: Game class is 'GameModeBase'
[2017.09.08-02.17.04:286][951]LogWorld: Bringing World /Game/UEDPIE_0_LevelBP.LevelBP up for play (max tick rate 0) at 2017.09.07-19.17.04
[2017.09.08-02.17.04:287][951]LogWorld: Bringing up level for play took: 0.001023
[2017.09.08-02.17.04:288][951]LogBlueprintDebug:Warning: Hit breakpoint on node 'K2Node_FunctionEntry', from offset 5
[2017.09.08-02.17.04:288][951]LogBlueprintDebug: 
Script call stack:
	Function /Game/LevelBP.LevelBP_C:ReceiveBeginPlay
	Function /Game/LevelBP.LevelBP_C:ExecuteUbergraph_LevelBP
	Function /Game/LevelBP.LevelBP_C:SplitSectors

[2017.09.08-02.17.08:329][951]LogBlueprintDebug:Warning: Unknown breakpoint hit at node K2Node_IfThenElse in object Function /Game/LevelBP.LevelBP_C:SplitSectors:00AA
[2017.09.08-02.17.10:703][951]LogBlueprintDebug:Warning: Hit breakpoint on node 'K2Node_IfThenElse', from offset 393
[2017.09.08-02.17.10:703][951]LogBlueprintDebug: 
Script call stack:
	Function /Game/LevelBP.LevelBP_C:ReceiveBeginPlay
	Function /Game/LevelBP.LevelBP_C:ExecuteUbergraph_LevelBP
	Function /Game/LevelBP.LevelBP_C:SplitSectors

[2017.09.08-02.17.29:115][951]LogBlueprintDebug:Warning: Hit breakpoint on node 'CallFunc_SplitSector', from offset 465
[2017.09.08-02.17.29:115][951]LogBlueprintDebug: 
Script call stack:
	Function /Game/LevelBP.LevelBP_C:ReceiveBeginPlay
	Function /Game/LevelBP.LevelBP_C:ExecuteUbergraph_LevelBP
	Function /Game/LevelBP.LevelBP_C:SplitSectors

[2017.09.08-02.17.45:252][951]LogBlueprintDebug:Warning: Unknown breakpoint hit at node K2Node_AssignmentStatement in object Function /Game/LevelBP.LevelBP_C:SplitSectors:0200
[2017.09.08-02.17.47:015][951]LogBlueprintDebug:Warning: Unknown breakpoint hit at node K2Node_IfThenElse in object Function /Game/LevelBP.LevelBP_C:SplitSectors:00AA
[2017.09.08-02.17.48:313][951]LogBlueprintDebug:Warning: Hit breakpoint on node 'K2Node_IfThenElse', from offset 393
[2017.09.08-02.17.48:313][951]LogBlueprintDebug: 
Script call stack:
	Function /Game/LevelBP.LevelBP_C:ReceiveBeginPlay
	Function /Game/LevelBP.LevelBP_C:ExecuteUbergraph_LevelBP
	Function /Game/LevelBP.LevelBP_C:SplitSectors

[2017.09.08-02.18.06:897][951]LogBlueprintDebug:Warning: Hit breakpoint on node 'CallFunc_SplitSector', from offset 465
[2017.09.08-02.18.06:897][951]LogBlueprintDebug: 
Script call stack:
	Function /Game/LevelBP.LevelBP_C:ReceiveBeginPlay
	Function /Game/LevelBP.LevelBP_C:ExecuteUbergraph_LevelBP
	Function /Game/LevelBP.LevelBP_C:SplitSectors

[2017.09.08-02.18.17:602][951]LogBlueprintDebug:Warning: Unknown breakpoint hit at node K2Node_AssignmentStatement in object Function /Game/LevelBP.LevelBP_C:SplitSectors:0200
[2017.09.08-02.18.19:207][951]LogBlueprintDebug:Warning: Unknown breakpoint hit at node K2Node_IfThenElse in object Function /Game/LevelBP.LevelBP_C:SplitSectors:00AA
[2017.09.08-02.18.19:766][951]LogBlueprintDebug:Warning: Hit breakpoint on node 'K2Node_IfThenElse', from offset 393
[2017.09.08-02.18.19:766][951]LogBlueprintDebug: 
Script call stack:
	Function /Game/LevelBP.LevelBP_C:ReceiveBeginPlay
	Function /Game/LevelBP.LevelBP_C:ExecuteUbergraph_LevelBP
	Function /Game/LevelBP.LevelBP_C:SplitSectors

[2017.09.08-02.18.33:842][951]LogBlueprintDebug:Warning: Unknown breakpoint hit at node K2Node_IfThenElse in object Function /Game/LevelBP.LevelBP_C:SplitSectors:00AA
[2017.09.08-02.18.35:824][951]LogBlueprintDebug:Warning: Hit breakpoint on node 'K2Node_IfThenElse', from offset 393
[2017.09.08-02.18.35:824][951]LogBlueprintDebug: 
Script call stack:
	Function /Game/LevelBP.LevelBP_C:ReceiveBeginPlay
	Function /Game/LevelBP.LevelBP_C:ExecuteUbergraph_LevelBP
	Function /Game/LevelBP.LevelBP_C:SplitSectors

[2017.09.08-02.18.36:627][951]Cmd: OBJ SAVEPACKAGE PACKAGE="/Game/LevelBP" FILE="../../../../../../Users/Steven Strickland/Documents/Unreal Projects/Ash/ProjectAsh/Ash/Content/LevelBP.umap" SILENT=true AUTOSAVING=false KEEPDIRTY=false
[2017.09.08-02.18.36:953][951]LogSavePackage: Save=286.18ms
[2017.09.08-02.18.36:953][951]LogSavePackage: Moving '../../../../../../Users/Steven Strickland/Documents/Unreal Projects/Ash/ProjectAsh/Ash/Saved/LevelBP8CF972034A56A45BCE685BB23F96241C.tmp' to '../../../../../../Users/Steven Strickland/Documents/Unreal Projects/Ash/ProjectAsh/Ash/Content/LevelBP.umap'
[2017.09.08-02.18.36:955][951]LogSavePackage:Display: Finished SavePackage ../../../../../../Users/Steven Strickland/Documents/Unreal Projects/Ash/ProjectAsh/Ash/Content/LevelBP.umap
[2017.09.08-02.18.36:986][951]LogFileHelpers: Saving map 'LevelBP' took 0.433
[2017.09.08-02.18.38:961][951]LogBlueprintDebug:Warning: Tried to break execution in an unknown spot at object Function /Engine/Transient.TRASHCLASS_LevelBP_117:SplitSectors:00AB
[2017.09.08-02.18.38:961][951]LogOutputDevice:Warning: 

Script Stack:
LevelBP_C.SplitSectors
LevelBP_C.ExecuteUbergraph_LevelBP
LevelBP_C.ReceiveBeginPlay

[2017.09.08-02.18.38:967][951]LogWindows: Windows GetLastError: The operation completed successfully. (0)
[2017.09.08-02.18.39:776][951]LogCrashTracker: 


[2017.09.08-02.18.39:776][951]LogCrashTracker: 


[2017.09.08-02.18.39:776][951]LogWindows:Error: === Critical error: ===
[2017.09.08-02.18.39:776][951]LogWindows:Error: 
[2017.09.08-02.18.39:776][951]LogWindows:Error: Assertion failed: ObjectToFocusOn [File:D:\Build\++UE4+Release-4.16+Compile\Sync\Engine\Source\Editor\UnrealEd\Private\Kismet2\Kismet2.cpp] [Line: 1856] 
[2017.09.08-02.18.39:776][951]LogWindows:Error: 
[2017.09.08-02.18.39:776][951]LogWindows:Error: 
[2017.09.08-02.18.39:776][951]LogWindows:Error: 
[2017.09.08-02.18.39:776][951]LogWindows:Error: KERNELBASE.dll!0x00000000E7AC9E08
[2017.09.08-02.18.39:776][951]LogWindows:Error: UE4Editor-Core.dll!0x00000000C0DEAFFE
[2017.09.08-02.18.39:776][951]LogWindows:Error: UE4Editor-Core.dll!0x00000000C0C0249B
[2017.09.08-02.18.39:776][951]LogWindows:Error: UE4Editor-Core.dll!0x00000000C0B90849
[2017.09.08-02.18.39:776][951]LogWindows:Error: UE4Editor-UnrealEd.dll!0x00000000BB374AB6
[2017.09.08-02.18.39:776][951]LogWindows:Error: UE4Editor-UnrealEd.dll!0x00000000BB353D3A
[2017.09.08-02.18.39:776][951]LogWindows:Error: UE4Editor-UnrealEd.dll!0x00000000BB352091
[2017.09.08-02.18.39:776][951]LogWindows:Error: UE4Editor-UnrealEd.dll!0x00000000BB37FFD4
[2017.09.08-02.18.39:776][951]LogWindows:Error: UE4Editor-UnrealEd.dll!0x00000000BB76023A
[2017.09.08-02.18.39:776][951]LogWindows:Error: UE4Editor-CoreUObject.dll!0x00000000C15847ED
[2017.09.08-02.18.39:776][951]LogWindows:Error: UE4Editor-CoreUObject.dll!0x00000000C15BCB19
[2017.09.08-02.18.39:776][951]LogWindows:Error: UE4Editor-CoreUObject.dll!0x00000000C15C20AA
[2017.09.08-02.18.39:776][951]LogWindows:Error: UE4Editor-CoreUObject.dll!0x00000000C159DFD2
[2017.09.08-02.18.39:776][951]LogWindows:Error: UE4Editor-CoreUObject.dll!0x00000000C15877DE
[2017.09.08-02.18.39:776][951]LogWindows:Error: UE4Editor-CoreUObject.dll!0x00000000C159DFD2
[2017.09.08-02.18.39:776][951]LogWindows:Error: UE4Editor-CoreUObject.dll!0x00000000C15877DE
[2017.09.08-02.18.39:776][951]LogWindows:Error: UE4Editor-CoreUObject.dll!0x00000000C159DFD2
[2017.09.08-02.18.39:776][951]LogWindows:Error: UE4Editor-CoreUObject.dll!0x00000000C13C8734
[2017.09.08-02.18.39:776][951]LogWindows:Error: UE4Editor-CoreUObject.dll!0x00000000C159D366
[2017.09.08-02.18.39:776][951]LogWindows:Error: UE4Editor-Engine.dll!0x00000000A4673F27
[2017.09.08-02.18.39:776][951]LogWindows:Error: UE4Editor-Engine.dll!0x00000000A5888EB7
[2017.09.08-02.18.39:776][951]LogWindows:Error: UE4Editor-Engine.dll!0x00000000A463410F
[2017.09.08-02.18.39:776][951]LogWindows:Error: UE4Editor-Engine.dll!0x00000000A464114B
[2017.09.08-02.18.39:776][951]LogWindows:Error: UE4Editor-Engine.dll!0x00000000A57AF859
[2017.09.08-02.18.39:776][951]LogWindows:Error: UE4Editor-Engine.dll!0x00000000A4D68081
[2017.09.08-02.18.39:776][951]LogWindows:Error: UE4Editor-Engine.dll!0x00000000A579C3BE
[2017.09.08-02.18.39:776][951]LogWindows:Error: UE4Editor-Engine.dll!0x00000000A4D88970
[2017.09.08-02.18.39:776][951]LogWindows:Error: UE4Editor-UnrealEd.dll!0x00000000BB48BED3
[2017.09.08-02.18.39:776][951]LogWindows:Error: UE4Editor-UnrealEd.dll!0x00000000BB4B688E
[2017.09.08-02.18.39:776][951]LogWindows:Error: UE4Editor-UnrealEd.dll!0x00000000BB4D2354
[2017.09.08-02.18.39:776][951]LogWindows:Error: UE4Editor-UnrealEd.dll!0x00000000BAFA2DC8
[2017.09.08-02.18.39:776][951]LogWindows:Error: UE4Editor-UnrealEd.dll!0x00000000BB7C8D86
[2017.09.08-02.18.39:776][951]LogWindows:Error: UE4Editor.exe!0x0000000029D1E2B2
[2017.09.08-02.18.39:776][951]LogWindows:Error: UE4Editor.exe!0x0000000029D0F0B0
[2017.09.08-02.18.39:776][951]LogWindows:Error: UE4Editor.exe!0x0000000029D0F12A
[2017.09.08-02.18.39:777][951]LogWindows:Error: UE4Editor.exe!0x0000000029D20CF9
[2017.09.08-02.18.39:777][951]LogWindows:Error: UE4Editor.exe!0x0000000029D225F7
[2017.09.08-02.18.39:777][951]LogWindows:Error: KERNEL32.DLL!0x00000000EA5A2774
[2017.09.08-02.18.39:777][951]LogWindows:Error: ntdll.dll!0x00000000EB5B0D51
[2017.09.08-02.18.39:777][951]LogWindows:Error: ntdll.dll!0x00000000EB5B0D51
[2017.09.08-02.18.39:777][951]LogWindows:Error: 
[2017.09.08-02.18.39:792][951]LogExit: Executing StaticShutdownAfterError
[2017.09.08-02.18.39:797][951]LogWindows: FPlatformMisc::RequestExit(1)
[2017.09.08-02.18.39:797][951]Log file closed, 09/07/17 19:18:39
