Log file open, 09/22/17 23:55:17
LogInit:Display: Running engine for game: Ash
LogPlatformFile: Not using cached read wrapper
LogInit:Display: RandInit(-1300488154) SRandInit(-1300488154).
LogTaskGraph: Started task graph with 5 named threads and 8 total threads with 1 sets of task threads.
LogStats: Stats thread started at 0.115170
LogInit: Using libcurl 7.47.1
LogInit:  - built for x86_64-pc-win32
LogInit:  - supports SSL with OpenSSL/1.0.2g
LogInit:  - supports HTTP deflate (compression) using libz 1.2.8
LogInit:  - other features:
LogInit:      CURL_VERSION_SSL
LogInit:      CURL_VERSION_LIBZ
LogInit:      CURL_VERSION_IPV6
LogInit:      CURL_VERSION_ASYNCHDNS
LogInit:      CURL_VERSION_LARGEFILE
LogInit:      CURL_VERSION_IDN
LogInit:  CurlRequestOptions (configurable via config and command line):
LogInit:  - bVerifyPeer = false  - Libcurl will NOT verify peer certificate
LogInit:  - bUseHttpProxy = false  - Libcurl will NOT use HTTP proxy
LogInit:  - bDontReuseConnections = false  - Libcurl will reuse connections
LogInit:  - CertBundlePath = nullptr  - Libcurl will use whatever was configured at build time.
LogInit: Build: ++UE4+Release-4.16-CL-3561208
LogInit: Engine Version: 4.16.3-3561208+++UE4+Release-4.16
LogInit: Compatible Engine Version: 4.16.0-3452394+++UE4+Release-4.16
LogInit: Net CL: 3452394
LogDevObjectVersion: Number of dev versions registered: 16
LogDevObjectVersion:   Dev-Blueprints (B0D832E4-1F89-4F0D-ACCF-7EB736FD4AA2): 9
LogDevObjectVersion:   Dev-Build (E1C64328-A22C-4D53-A36C-8E866417BD8C): 0
LogDevObjectVersion:   Dev-Core (375EC13C-06E4-48FB-B500-84F0262A717E): 2
LogDevObjectVersion:   Dev-Editor (E4B068ED-F494-42E9-A231-DA0B2E46BB41): 17
LogDevObjectVersion:   Dev-Framework (CFFC743F-43B0-4480-9391-14DF171D2073): 23
LogDevObjectVersion:   Dev-Mobile (B02B49B5-BB20-44E9-A304-32B752E40360): 0
LogDevObjectVersion:   Dev-Networking (A4E4105C-59A1-49B5-A7C5-40C4547EDFEE): 0
LogDevObjectVersion:   Dev-Online (39C831C9-5AE6-47DC-9A44-9C173E1C8E7C): 0
LogDevObjectVersion:   Dev-Physics (78F01B33-EBEA-4F98-B9B4-84EACCB95AA2): 0
LogDevObjectVersion:   Dev-Platform (6631380F-2D4D-43E0-8009-CF276956A95A): 0
LogDevObjectVersion:   Dev-Rendering (12F88B9F-8875-4AFC-A67C-D90C383ABD29): 15
LogDevObjectVersion:   Dev-Sequencer (7B5AE74C-D270-4C10-A958-57980B212A5A): 4
LogDevObjectVersion:   Dev-VR (D7296918-1DD6-4BDD-9DE2-64A83CC13884): 0
LogDevObjectVersion:   Dev-LoadTimes (C2A15278-BFE7-4AFE-6C17-90FF531DF755): 1
LogDevObjectVersion:   Private-Geometry (6EACA3D4-40EC-4CC1-B786-8BED09428FC5): 1
LogDevObjectVersion:   Dev-AnimPhys (29E575DD-E0A3-4627-9D10-D276232CDCEA): 3
LogInit: Compiled (64-bit): Jul 28 2017 11:49:47
LogInit: Compiled with Visual C++: 19.00.24215.01
LogInit: Build Configuration: Development
LogInit: Branch Name: ++UE4+Release-4.16
LogInit: Command line: -EpicPortal
LogInit: Base directory: C:/Program Files/Epic Games/UE_4.16/Engine/Binaries/Win64/
LogInit: Installed Engine Build: 1
LogInit: Presizing for max 8388607 objects, including 0 objects not considered by GC, pre-allocating 0 bytes for permanent pool.
LogInit: Object subsystem initialized
[2017.09.23-06.55.18:521][  0]LogInit: Selected Device Profile: [Windows]
[2017.09.23-06.55.18:521][  0]LogInit: Applying CVar settings loaded from the selected device profile: [Windows]
[2017.09.23-06.55.18:537][  0]LogInit: Computer: DESKTOP-HKS75NM
[2017.09.23-06.55.18:537][  0]LogInit: User: StevenStrickland
[2017.09.23-06.55.18:537][  0]LogInit: CPU Page size=4096, Cores=4
[2017.09.23-06.55.18:537][  0]LogInit: High frequency timer resolution =3.924229 MHz
[2017.09.23-06.55.18:538][  0]LogMemory: Memory total: Physical=16.0GB (16GB approx)
[2017.09.23-06.55.18:538][  0]LogMemory: Platform Memory Stats for Windows
[2017.09.23-06.55.18:538][  0]LogMemory: Process Physical Memory: 272.89 MB used, 272.89 MB peak
[2017.09.23-06.55.18:538][  0]LogMemory: Process Virtual Memory: 260.79 MB used, 260.79 MB peak
[2017.09.23-06.55.18:538][  0]LogMemory: Physical Memory: 4923.96 MB used,  11424.67 MB free, 16348.63 MB total
[2017.09.23-06.55.18:538][  0]LogMemory: Virtual Memory: 643.02 MB used,  11424.67 MB free, 134217728.00 MB total
[2017.09.23-06.55.18:683][  0]LogInit: Using OS detected language (en-US).
[2017.09.23-06.55.18:683][  0]LogInit: Using OS detected locale (en-US).
[2017.09.23-06.55.18:686][  0]LogTextLocalizationManager: No specific localization for 'en-US' exists, so the 'en' localization will be used.
[2017.09.23-06.55.19:869][  0]LogD3D11RHI: D3D11 adapters:
[2017.09.23-06.55.20:447][  0]LogD3D11RHI:    0. 'NVIDIA GeForce GTX 980' (Feature Level 11_0)
[2017.09.23-06.55.20:447][  0]LogD3D11RHI:       4060/0/8174 MB DedicatedVideo/DedicatedSystem/SharedSystem, Outputs:2, VendorId:0x10de
[2017.09.23-06.55.20:448][  0]LogD3D11RHI:    1. 'Microsoft Basic Render Driver' (Feature Level 11_0)
[2017.09.23-06.55.20:448][  0]LogD3D11RHI:       0/0/8174 MB DedicatedVideo/DedicatedSystem/SharedSystem, Outputs:0, VendorId:0x1414
[2017.09.23-06.55.20:448][  0]LogD3D11RHI: Chosen D3D11 Adapter: 0
[2017.09.23-06.55.20:456][  0]LogD3D11RHI: Creating new Direct3DDevice
[2017.09.23-06.55.20:456][  0]LogD3D11RHI:     GPU DeviceId: 0x13c0 (for the marketing name, search the web for "GPU Device Id")
[2017.09.23-06.55.20:456][  0]LogWindows: EnumDisplayDevices:
[2017.09.23-06.55.20:456][  0]LogWindows:    0. 'NVIDIA GeForce GTX 980' (P:0 D:1)
[2017.09.23-06.55.20:457][  0]LogWindows:    1. 'NVIDIA GeForce GTX 980' (P:1 D:1)
[2017.09.23-06.55.20:457][  0]LogWindows:    2. 'NVIDIA GeForce GTX 980' (P:0 D:0)
[2017.09.23-06.55.20:457][  0]LogWindows:    3. 'NVIDIA GeForce GTX 980' (P:0 D:0)
[2017.09.23-06.55.20:457][  0]LogWindows: DebugString: FoundDriverCount:4 
[2017.09.23-06.55.20:457][  0]LogD3D11RHI:     Adapter Name: NVIDIA GeForce GTX 980
[2017.09.23-06.55.20:457][  0]LogD3D11RHI:   Driver Version: 382.53 (internal:22.21.13.8253, unified:382.53)
[2017.09.23-06.55.20:457][  0]LogD3D11RHI:      Driver Date: 6-7-2017
[2017.09.23-06.55.20:457][  0]LogRHI: Texture pool is 1361 MB (70% of 1945 MB)
[2017.09.23-06.55.20:989][  0]LogD3D11RHI: Async texture creation enabled
[2017.09.23-06.55.21:035][  0]LogD3D11RHI: GPU Timing Frequency: 1000.000000 (Debug: 2 1)
[2017.09.23-06.55.21:086][  0]LogShaderCompilers: Guid format shader working directory is -28 characters bigger than the processId version (../../../../../../Users/Steven Strickland/Documents/Unreal Projects/Ash/ProjectAsh/Ash/Intermediate/Shaders/WorkingDirectory/6600/).
[2017.09.23-06.55.21:086][  0]LogShaderCompilers: Cleaned the shader compiler working directory 'C:/Users/Steven Strickland/AppData/Local/Temp/UnrealShaderWorkingDir/BA51D94C48E8294C540423AF81DF2313/'.
[2017.09.23-06.55.21:086][  0]LogShaderCompilers:Display: Using Local Shader Compiler.
[2017.09.23-06.55.22:679][  0]LogTemp:Display: Loaded TP AllDesktopTargetPlatform
[2017.09.23-06.55.22:771][  0]LogTemp:Display: Loaded TP MacClientTargetPlatform
[2017.09.23-06.55.22:866][  0]LogTemp:Display: Loaded TP MacNoEditorTargetPlatform
[2017.09.23-06.55.22:959][  0]LogTemp:Display: Loaded TP MacServerTargetPlatform
[2017.09.23-06.55.23:053][  0]LogTemp:Display: Loaded TP MacTargetPlatform
[2017.09.23-06.55.23:147][  0]LogTemp:Display: Loaded TP WindowsClientTargetPlatform
[2017.09.23-06.55.23:240][  0]LogTemp:Display: Loaded TP WindowsNoEditorTargetPlatform
[2017.09.23-06.55.23:334][  0]LogTemp:Display: Loaded TP WindowsServerTargetPlatform
[2017.09.23-06.55.23:419][  0]LogTemp:Display: Loaded TP WindowsTargetPlatform
[2017.09.23-06.55.23:515][  0]LogTemp:Display: Loaded TP AndroidTargetPlatform
[2017.09.23-06.55.23:608][  0]LogTemp:Display: Loaded TP Android_ASTCTargetPlatform
[2017.09.23-06.55.23:698][  0]LogTemp:Display: Loaded TP Android_ATCTargetPlatform
[2017.09.23-06.55.23:789][  0]LogTemp:Display: Loaded TP Android_DXTTargetPlatform
[2017.09.23-06.55.23:880][  0]LogTemp:Display: Loaded TP Android_ETC1TargetPlatform
[2017.09.23-06.55.23:971][  0]LogTemp:Display: Loaded TP Android_ETC2TargetPlatform
[2017.09.23-06.55.24:157][  0]LogTemp:Display: Loaded TP Android_MultiTargetPlatform
[2017.09.23-06.55.24:157][  0]LogTemp:Display: Loaded TP Android_PVRTCTargetPlatform
[2017.09.23-06.55.24:232][  0]LogTemp:Display: Loaded TP HTML5TargetPlatform
[2017.09.23-06.55.24:392][  0]LogTemp:Display: Loaded TP IOSTargetPlatform
[2017.09.23-06.55.24:452][  0]LogTemp:Display: Loaded TP TVOSTargetPlatform
[2017.09.23-06.55.24:545][  0]LogTemp:Display: Loaded TP LinuxClientTargetPlatform
[2017.09.23-06.55.24:639][  0]LogTemp:Display: Loaded TP LinuxNoEditorTargetPlatform
[2017.09.23-06.55.24:732][  0]LogTemp:Display: Loaded TP LinuxServerTargetPlatform
[2017.09.23-06.55.24:827][  0]LogTemp:Display: Loaded TP LinuxTargetPlatform
[2017.09.23-06.55.24:827][  0]LogTargetPlatformManager:Display: Building Assets For Windows
[2017.09.23-06.55.25:805][  0]LogDerivedDataCache:Display: Max Cache Size: 512 MB
[2017.09.23-06.55.25:984][  0]LogDerivedDataCache: Loaded boot cache 0.18s 90MB C:/Users/Steven Strickland/AppData/Local/UnrealEngine/4.16/DerivedDataCache/Boot.ddc.
[2017.09.23-06.55.25:984][  0]LogDerivedDataCache:Display: Loaded Boot cache: C:/Users/Steven Strickland/AppData/Local/UnrealEngine/4.16/DerivedDataCache/Boot.ddc
[2017.09.23-06.55.25:984][  0]LogDerivedDataCache: FDerivedDataBackendGraph:  Pak pak cache file ../../../../../../Users/Steven Strickland/Documents/Unreal Projects/Ash/ProjectAsh/Ash/DerivedDataCache/DDC.ddp not found, will not use a pak cache.
[2017.09.23-06.55.25:984][  0]LogDerivedDataCache: Unable to find inner node Pak for hierarchical cache Hierarchy.
[2017.09.23-06.55.25:984][  0]LogDerivedDataCache: FDerivedDataBackendGraph:  CompressedPak pak cache file ../../../../../../Users/Steven Strickland/Documents/Unreal Projects/Ash/ProjectAsh/Ash/DerivedDataCache/Compressed.ddp not found, will not use a pak cache.
[2017.09.23-06.55.25:984][  0]LogDerivedDataCache: Unable to find inner node CompressedPak for hierarchical cache Hierarchy.
[2017.09.23-06.55.26:006][  0]LogDerivedDataCache:Display: Pak cache opened for reading ../../../Engine/DerivedDataCache/Compressed.ddp.
[2017.09.23-06.55.26:018][  0]LogDerivedDataCache: Using Local data cache path C:/Users/Steven Strickland/AppData/Local/UnrealEngine/Common/DerivedDataCache: Writable
[2017.09.23-06.55.26:034][  0]LogMaterial: Verifying Global Shaders for PCD3D_SM5
[2017.09.23-06.55.26:034][  0]LogSlate: Using Freetype 2.6.0
[2017.09.23-06.55.26:035][  0]LogSlate: SlateFontCache - WITH_FREETYPE: 1, WITH_HARFBUZZ: 1
[2017.09.23-06.55.26:035][  0]LogSlate: SlateFontCache - WITH_FREETYPE: 1, WITH_HARFBUZZ: 1
[2017.09.23-06.55.26:505][  0]LogInit: Selected Device Profile: [Windows]
[2017.09.23-06.55.26:632][  0]LogContentStreaming: Texture pool size is 0.00 MB
[2017.09.23-06.55.26:885][  0]LogMeshUtilities: Using QuadricMeshReduction for automatic static mesh reduction
[2017.09.23-06.55.26:974][  0]LogSimplygon: Simplygon DLL not present - disabling.
[2017.09.23-06.55.27:066][  0]LogMeshUtilities: Using SimplygonSwarm for distributed automatic mesh merging
[2017.09.23-06.55.27:066][  0]LogMeshUtilities: No automatic skeletal mesh reduction module available
[2017.09.23-06.55.27:066][  0]LogMeshUtilities: No automatic mesh merging module available
[2017.09.23-06.55.27:942][  0]LogNetVersion: Ash , NetCL: 3452394, EngineNetVer: 2, GameNetVer: 0 (Checksum: 1656355737)
[2017.09.23-06.55.28:034][  0]LogAssetRegistry: FAssetRegistry took 0.0270 seconds to start up
[2017.09.23-06.55.28:136][  0]LogPackageLocalizationCache: Processed 4 localized package path(s) for 2 prioritized culture(s) in 0.052014 seconds
[2017.09.23-06.55.28:143][  0]LogUObjectArray: 34194 objects as part of root set at end of initial load.
[2017.09.23-06.55.28:143][  0]LogUObjectAllocator: 7260416 out of 0 bytes used by permanent object pool.
[2017.09.23-06.55.28:143][  0]LogUObjectArray: CloseDisregardForGC: 0/0 objects in disregard for GC pool
[2017.09.23-06.55.28:279][  0]LogInit: WinSock: version 1.1 (2.2), MaxSocks=32767, MaxUdp=65467
[2017.09.23-06.55.32:172][  0]LogTcpMessaging: Initializing TcpMessaging bridge
[2017.09.23-06.55.32:239][  0]LogUdpMessaging: Initializing bridge on interface 0.0.0.0:0 to multicast group 230.0.0.1:6666.
[2017.09.23-06.55.33:145][  0]LogMaterial: Uniform references updated for custom material expression Custom.
[2017.09.23-06.55.33:850][  0]SourceControl: Info Source control is disabled
[2017.09.23-06.55.33:906][  0]SourceControl: Info Source control is disabled
[2017.09.23-06.55.34:000][  0]SourceControl: Info Source control is disabled
[2017.09.23-06.55.34:090][  0]SourceControl: Info Source control is disabled
[2017.09.23-06.55.35:429][  0]LogAndroidPermission: UAndroidPermissionCallbackProxy::GetInstance
[2017.09.23-06.55.36:548][  0]LogEngine: Initializing Engine...
[2017.09.23-06.55.36:549][  0]LogHMD: Failed to initialize OpenVR with code 110
[2017.09.23-06.55.36:898][  0]LogStats: UGameplayTagsManager::ConstructGameplayTagTree: Construct from data asset -  0.000 s
[2017.09.23-06.55.36:898][  0]LogStats: UGameplayTagsManager::ConstructGameplayTagTree: GameplayTagTreeChangedEvent.Broadcast -  0.000 s
[2017.09.23-06.55.37:146][  0]LogAIModule: Creating AISystem for world Untitled
[2017.09.23-06.55.37:165][  0]LogInit: XAudio2 using 'G257HU-4 (NVIDIA High Definition Audio)' : 2 channels at 48 kHz using 16 bits per sample (channel mask 0x3)
[2017.09.23-06.55.37:181][  0]LogInit: FAudioDevice initialized.
[2017.09.23-06.55.37:265][  0]LogDerivedDataCache: Saved boot cache 0.08s 90MB C:/Users/Steven Strickland/AppData/Local/UnrealEngine/4.16/DerivedDataCache/Boot.ddc.
[2017.09.23-06.55.37:287][  0]LogInit: Texture streaming: Enabled
[2017.09.23-06.55.37:494][  0]LogEngineSessionManager: EngineSessionManager initialized
[2017.09.23-06.55.37:499][  0]LogEngineSessionManager: EngineSessionManager sent abnormal shutdown report. Type=Crashed, SessionId={C1470DF2-4727-9840-68D4-9CAB228303E6}
[2017.09.23-06.55.37:928][  0]LogInit: Transaction tracking system initialized
[2017.09.23-06.55.38:555][  0]BlueprintLog: New page: Editor Load
[2017.09.23-06.55.40:434][  0]LocalizationService: Info Localization service is disabled
[2017.09.23-06.55.41:770][  0]LogConsoleResponse:Display: 
[2017.09.23-06.55.41:976][  0]LogCook:Display: Max memory allowance for cook 16384mb min free memory 0mb
[2017.09.23-06.55.41:976][  0]LogCook:Display: Mobile HDR setting 1
[2017.09.23-06.55.42:529][  0]LogFileCache: Scanning file cache for directory 'C:/Users/Steven Strickland/Documents/Unreal Projects/Ash/ProjectAsh/Ash/Content/' took 0.01s
[2017.09.23-06.55.43:998][  0]SourceControl: Info Source control is disabled
[2017.09.23-06.55.43:998][  0]Cmd: MAP LOAD FILE="../../../Engine/Content/Maps/Templates/Template_Default.umap" TEMPLATE=1 SHOWPROGRESS=1 FEATURELEVEL=3
[2017.09.23-06.55.43:998][  0]LightingResults: New page: Lighting Build
[2017.09.23-06.55.44:078][  0]MapCheck: New page: Map Check
[2017.09.23-06.55.44:078][  0]LightingResults: New page: Lighting Build
[2017.09.23-06.55.44:360][  0]LogAIModule: Creating AISystem for world Untitled_1
[2017.09.23-06.55.44:361][  0]LogActorComponent: RegisterComponentWithWorld: (/Temp/Untitled_1.Untitled_1:PersistentLevel.WorldSettings_1.StaticMeshComponent0) Trying to register component with IsPendingKill() == true. Aborting.
[2017.09.23-06.55.44:367][  0]LogEditorServer: Finished looking for orphan Actors (0.000 secs)
[2017.09.23-06.55.44:389][  0]Cmd: MAP CHECKDEP NOCLEARLOG
[2017.09.23-06.55.44:469][  0]MapCheck: Info Map check complete: 0 Error(s), 0 Warning(s), took 79.603ms to complete.
[2017.09.23-06.55.44:469][  0]LogFileHelpers: Loading map 'Template_Default' took 0.471
[2017.09.23-06.55.44:686][  0]LogCollectionManager: Loaded 0 collections in 0.002357 seconds
[2017.09.23-06.55.44:815][  0]LogFileCache: Scanning file cache for directory 'C:/Users/Steven Strickland/Documents/Unreal Projects/Ash/ProjectAsh/Ash/Saved/Collections/' took 0.01s
[2017.09.23-06.55.44:815][  0]LogFileCache: Scanning file cache for directory 'C:/Users/Steven Strickland/Documents/Unreal Projects/Ash/ProjectAsh/Ash/Content/Developers/StevenStrickland/Collections/' took 0.01s
[2017.09.23-06.55.44:815][  0]LogFileCache: Scanning file cache for directory 'C:/Users/Steven Strickland/Documents/Unreal Projects/Ash/ProjectAsh/Ash/Content/Collections/' took 0.01s
[2017.09.23-06.55.44:815][  0]LogCollectionManager: Rebuilt the GUID cache for 0 collections in 0.000002 seconds
[2017.09.23-06.55.44:830][  0]LogContentBrowser: Native class hierarchy populated in 0.0142 seconds. Added 2329 classes and 491 folders.
[2017.09.23-06.55.44:960][  0]LogContentBrowser: Native class hierarchy updated for 'WidgetCarousel' in 0.0009 seconds. Added 0 classes and 0 folders.
[2017.09.23-06.55.45:016][  0]LogContentBrowser: Native class hierarchy updated for 'AddContentDialog' in 0.0007 seconds. Added 0 classes and 0 folders.
[2017.09.23-06.55.45:103][  0]LogContentBrowser: Native class hierarchy updated for 'SceneOutliner' in 0.0008 seconds. Added 1 classes and 2 folders.
[2017.09.23-06.55.45:170][  0]LogCrashTracker: Crashtracker disabled due to settings.
[2017.09.23-06.55.45:177][  0]LogSlate: Took 0.000413 seconds to synchronously load lazily loaded font '../../../Engine/Content/Slate/Fonts/Roboto-Regular.ttf' (155K)
[2017.09.23-06.55.45:180][  0]LogSlate: Took 0.000520 seconds to synchronously load lazily loaded font '../../../Engine/Content/Slate/Fonts/Roboto-Bold.ttf' (160K)
[2017.09.23-06.55.45:186][  0]LogSlate: Took 0.000363 seconds to synchronously load lazily loaded font '../../../Engine/Content/Editor/Slate/Fonts/FontAwesome.ttf' (139K)
[2017.09.23-06.55.45:333][  0]LogRenderer: Reallocating scene render targets to support 1616x808 NumSamples 1 (Frame:1).
[2017.09.23-06.55.45:535][  0]LogUObjectGlobals:Warning: Failed to find object 'Class None.'
[2017.09.23-06.55.45:651][  0]LogContentBrowser: Native class hierarchy updated for 'HierarchicalLODOutliner' in 0.0009 seconds. Added 1 classes and 2 folders.
[2017.09.23-06.55.45:651][  0]LogLoad: (Engine Initialization) Total time: 29.61 seconds
[2017.09.23-06.55.45:651][  0]LogLoad: (Engine Initialization) Total Blueprint compile time: 0.15 seconds
[2017.09.23-06.55.45:651][  0]LogExternalProfiler: No external profilers were discovered.  External profiling features will not be available.
[2017.09.23-06.55.45:663][  0]LogWindowsTextInputMethodSystem:Display: IME system now deactivated.
[2017.09.23-06.55.45:664][  0]LogOcInput: OculusInput pre-init called
[2017.09.23-06.55.45:664][  0]LogHMD: Starting GearVRController plugin
[2017.09.23-06.55.45:691][  0]LogContentStreaming: Texture pool size now 1000 MB
[2017.09.23-06.55.45:752][  1]LogAssetRegistry: Asset discovery search completed in 17.7390 seconds
[2017.09.23-06.55.45:754][  1]LogCollectionManager: Rebuilt the object cache for 0 collections in 0.000001 seconds (found 0 objects)
[2017.09.23-06.55.45:754][  1]LogCollectionManager: Fixed up redirectors for 0 collections in 0.000038 seconds (updated 0 objects)
[2017.09.23-06.55.46:714][106]LogSlate: Took 0.000616 seconds to synchronously load lazily loaded font '../../../Engine/Content/Slate/Fonts/Roboto-Light.ttf' (159K)
[2017.09.23-06.55.50:626][565]LogLinker:Warning: Can't resolve asset name
[2017.09.23-06.56.14:258][372]LogSlate: Took 0.000213 seconds to synchronously load lazily loaded font '../../../Engine/Content/Slate/Fonts/Roboto-Light.ttf' (159K)
[2017.09.23-06.56.19:193][924]LogAIModule: Creating AISystem for world TestLevel
[2017.09.23-06.56.19:215][924]Cmd: MAP LOAD FILE="../../../../../../Users/Steven Strickland/Documents/Unreal Projects/Ash/ProjectAsh/Ash/Content/TestLevel.umap" TEMPLATE=0 SHOWPROGRESS=1 FEATURELEVEL=3
[2017.09.23-06.56.19:216][924]LightingResults: New page: Lighting Build
[2017.09.23-06.56.19:216][924]LoadErrors: New page: Loading map: TestLevel.umap
[2017.09.23-06.56.19:217][924]MapCheck: New page: Map Check
[2017.09.23-06.56.19:217][924]LightingResults: New page: Lighting Build
[2017.09.23-06.56.19:236][924]LogEditorServer: Finished looking for orphan Actors (0.000 secs)
[2017.09.23-06.56.19:287][924]Cmd: MAP CHECKDEP NOCLEARLOG
[2017.09.23-06.56.19:371][924]MapCheck: Info Map check complete: 0 Error(s), 0 Warning(s), took 83.994ms to complete.
[2017.09.23-06.56.19:371][924]LogFileHelpers: Loading map 'TestLevel' took 0.157
[2017.09.23-06.56.20:661][ 57]LogAIModule: Creating AISystem for world Actor_Sector_Test
[2017.09.23-06.56.20:662][ 57]LogSpawn:Warning: SpawnActor failed because we are running a ConstructionScript (Sector_C)
[2017.09.23-06.56.20:662][ 57]LogSpawn:Warning: SpawnActor failed because we are running a ConstructionScript (Sector_C)
[2017.09.23-06.56.20:662][ 57]LogSpawn:Warning: SpawnActor failed because we are running a ConstructionScript (Sector_C)
[2017.09.23-06.56.20:663][ 57]LogScript:Warning: Accessed None trying to read property CallFunc_Array_Get_Item
	Sector_C /Game/Actor_Sector_Test.Actor_Sector_Test:PersistentLevel.Sector2_188
	Function /Game/Sector.Sector_C:Split:0A8A
[2017.09.23-06.56.20:663][ 57]LogScript:Warning: Accessed None trying to read property CallFunc_Array_Get_Item
	Sector_C /Game/Actor_Sector_Test.Actor_Sector_Test:PersistentLevel.Sector2_188
	Function /Game/Sector.Sector_C:Split:0B01
[2017.09.23-06.56.20:663][ 57]LogSpawn:Warning: SpawnActor failed because we are running a ConstructionScript (Sector_C)
[2017.09.23-06.56.20:663][ 57]LogScript:Warning: Accessed None trying to read property CallFunc_Array_Get_Item
	Sector_C /Game/Actor_Sector_Test.Actor_Sector_Test:PersistentLevel.Sector2_188
	Function /Game/Sector.Sector_C:Split:0D8B
[2017.09.23-06.56.20:663][ 57]LogScript:Warning: Accessed None trying to read property CallFunc_Array_Get_Item
	Sector_C /Game/Actor_Sector_Test.Actor_Sector_Test:PersistentLevel.Sector2_188
	Function /Game/Sector.Sector_C:Split:0E30
[2017.09.23-06.56.20:663][ 57]LogScript:Warning: Accessed None trying to read property CallFunc_Array_Get_Item
	Sector_C /Game/Actor_Sector_Test.Actor_Sector_Test:PersistentLevel.Sector2_188
	Function /Game/Sector.Sector_C:Split:0EF0
[2017.09.23-06.56.20:663][ 57]LogSpawn:Warning: SpawnActor failed because we are running a ConstructionScript (Sector_C)
[2017.09.23-06.56.20:663][ 57]LogScript:Warning: Accessed None trying to read property CallFunc_Array_Get_Item
	Sector_C /Game/Actor_Sector_Test.Actor_Sector_Test:PersistentLevel.Sector2_188
	Function /Game/Sector.Sector_C:Split:02F2
[2017.09.23-06.56.20:663][ 57]LogScript:Warning: Accessed None trying to read property CallFunc_Array_Get_Item
	Sector_C /Game/Actor_Sector_Test.Actor_Sector_Test:PersistentLevel.Sector2_188
	Function /Game/Sector.Sector_C:Split:0369
[2017.09.23-06.56.20:663][ 57]LogSpawn:Warning: SpawnActor failed because we are running a ConstructionScript (Sector_C)
[2017.09.23-06.56.20:663][ 57]LogScript:Warning: Accessed None trying to read property CallFunc_Array_Get_Item
	Sector_C /Game/Actor_Sector_Test.Actor_Sector_Test:PersistentLevel.Sector2_188
	Function /Game/Sector.Sector_C:Split:05F3
[2017.09.23-06.56.20:663][ 57]LogScript:Warning: Accessed None trying to read property CallFunc_Array_Get_Item
	Sector_C /Game/Actor_Sector_Test.Actor_Sector_Test:PersistentLevel.Sector2_188
	Function /Game/Sector.Sector_C:Split:0698
[2017.09.23-06.56.20:663][ 57]LogScript:Warning: Accessed None trying to read property CallFunc_Array_Get_Item
	Sector_C /Game/Actor_Sector_Test.Actor_Sector_Test:PersistentLevel.Sector2_188
	Function /Game/Sector.Sector_C:Split:0758
[2017.09.23-06.56.20:663][ 57]LogSpawn:Warning: SpawnActor failed because we are running a ConstructionScript (Sector_C)
[2017.09.23-06.56.20:663][ 57]LogScript:Warning: Accessed None trying to read property CallFunc_Array_Get_Item
	Sector_C /Game/Actor_Sector_Test.Actor_Sector_Test:PersistentLevel.Sector2_188
	Function /Game/Sector.Sector_C:Split:0A8A
[2017.09.23-06.56.20:663][ 57]LogScript:Warning: Accessed None trying to read property CallFunc_Array_Get_Item
	Sector_C /Game/Actor_Sector_Test.Actor_Sector_Test:PersistentLevel.Sector2_188
	Function /Game/Sector.Sector_C:Split:0B01
[2017.09.23-06.56.20:663][ 57]LogSpawn:Warning: SpawnActor failed because we are running a ConstructionScript (Sector_C)
[2017.09.23-06.56.20:663][ 57]LogScript:Warning: Accessed None trying to read property CallFunc_Array_Get_Item
	Sector_C /Game/Actor_Sector_Test.Actor_Sector_Test:PersistentLevel.Sector2_188
	Function /Game/Sector.Sector_C:Split:0D8B
[2017.09.23-06.56.20:663][ 57]LogScript:Warning: Accessed None trying to read property CallFunc_Array_Get_Item
	Sector_C /Game/Actor_Sector_Test.Actor_Sector_Test:PersistentLevel.Sector2_188
	Function /Game/Sector.Sector_C:Split:0E30
[2017.09.23-06.56.20:663][ 57]LogScript:Warning: Accessed None trying to read property CallFunc_Array_Get_Item
	Sector_C /Game/Actor_Sector_Test.Actor_Sector_Test:PersistentLevel.Sector2_188
	Function /Game/Sector.Sector_C:Split:0EF0
[2017.09.23-06.56.20:663][ 57]LogSpawn:Warning: SpawnActor failed because we are running a ConstructionScript (Sector_C)
[2017.09.23-06.56.20:663][ 57]LogScript:Warning: Accessed None trying to read property CallFunc_Array_Get_Item
	Sector_C /Game/Actor_Sector_Test.Actor_Sector_Test:PersistentLevel.Sector2_188
	Function /Game/Sector.Sector_C:Split:0A8A
[2017.09.23-06.56.20:663][ 57]LogScript:Warning: Accessed None trying to read property CallFunc_Array_Get_Item
	Sector_C /Game/Actor_Sector_Test.Actor_Sector_Test:PersistentLevel.Sector2_188
	Function /Game/Sector.Sector_C:Split:0B01
[2017.09.23-06.56.20:663][ 57]LogSpawn:Warning: SpawnActor failed because we are running a ConstructionScript (Sector_C)
[2017.09.23-06.56.20:663][ 57]LogSpawn:Warning: SpawnActor failed because we are running a ConstructionScript (Sector_C)
[2017.09.23-06.56.20:663][ 57]LogSpawn:Warning: SpawnActor failed because we are running a ConstructionScript (Sector_C)
[2017.09.23-06.56.20:663][ 57]LogSpawn:Warning: SpawnActor failed because we are running a ConstructionScript (Sector_C)
[2017.09.23-06.56.20:663][ 57]LogSpawn:Warning: SpawnActor failed because we are running a ConstructionScript (Sector_C)
[2017.09.23-06.56.20:664][ 57]LogSpawn:Warning: SpawnActor failed because we are running a ConstructionScript (Sector_C)
[2017.09.23-06.56.20:664][ 57]LogSpawn:Warning: SpawnActor failed because we are running a ConstructionScript (Sector_C)
[2017.09.23-06.56.20:664][ 57]LogSpawn:Warning: SpawnActor failed because we are running a ConstructionScript (Sector_C)
[2017.09.23-06.56.20:664][ 57]LogSpawn:Warning: SpawnActor failed because we are running a ConstructionScript (Sector_C)
[2017.09.23-06.56.20:664][ 57]LogSpawn:Warning: SpawnActor failed because we are running a ConstructionScript (Sector_C)
[2017.09.23-06.56.20:664][ 57]LogSpawn:Warning: SpawnActor failed because we are running a ConstructionScript (Sector_C)
[2017.09.23-06.56.20:664][ 57]LogSpawn:Warning: SpawnActor failed because we are running a ConstructionScript (Sector_C)
[2017.09.23-06.56.20:664][ 57]LogSpawn:Warning: SpawnActor failed because we are running a ConstructionScript (Sector_C)
[2017.09.23-06.56.20:664][ 57]LogSpawn:Warning: SpawnActor failed because we are running a ConstructionScript (Sector_C)
[2017.09.23-06.56.20:664][ 57]LogSpawn:Warning: SpawnActor failed because we are running a ConstructionScript (Sector_C)
[2017.09.23-06.56.20:664][ 57]LogSpawn:Warning: SpawnActor failed because we are running a ConstructionScript (Sector_C)
[2017.09.23-06.56.20:664][ 57]LogSpawn:Warning: SpawnActor failed because we are running a ConstructionScript (Sector_C)
[2017.09.23-06.56.20:664][ 57]LogSpawn:Warning: SpawnActor failed because we are running a ConstructionScript (Sector_C)
[2017.09.23-06.56.20:664][ 57]LogSpawn:Warning: SpawnActor failed because we are running a ConstructionScript (Sector_C)
[2017.09.23-06.56.20:665][ 57]LogSpawn:Warning: SpawnActor failed because we are running a ConstructionScript (Sector_C)
[2017.09.23-06.56.20:665][ 57]LogSpawn:Warning: SpawnActor failed because we are running a ConstructionScript (Sector_C)
[2017.09.23-06.56.20:665][ 57]LogSpawn:Warning: SpawnActor failed because we are running a ConstructionScript (Sector_C)
[2017.09.23-06.56.20:665][ 57]LogScript:Warning: Accessed None trying to read property CallFunc_Array_Get_Item
	Sector_C /Game/Actor_Sector_Test.Actor_Sector_Test:PersistentLevel.Sector_202
	Function /Game/Sector.Sector_C:Split:02F2
[2017.09.23-06.56.20:665][ 57]LogScript:Warning: Accessed None trying to read property CallFunc_Array_Get_Item
	Sector_C /Game/Actor_Sector_Test.Actor_Sector_Test:PersistentLevel.Sector_202
	Function /Game/Sector.Sector_C:Split:0369
[2017.09.23-06.56.20:665][ 57]LogSpawn:Warning: SpawnActor failed because we are running a ConstructionScript (Sector_C)
[2017.09.23-06.56.20:665][ 57]LogScript:Warning: Accessed None trying to read property CallFunc_Array_Get_Item
	Sector_C /Game/Actor_Sector_Test.Actor_Sector_Test:PersistentLevel.Sector_202
	Function /Game/Sector.Sector_C:Split:05F3
[2017.09.23-06.56.20:665][ 57]LogScript:Warning: Accessed None trying to read property CallFunc_Array_Get_Item
	Sector_C /Game/Actor_Sector_Test.Actor_Sector_Test:PersistentLevel.Sector_202
	Function /Game/Sector.Sector_C:Split:0698
[2017.09.23-06.56.20:665][ 57]LogScript:Warning: Accessed None trying to read property CallFunc_Array_Get_Item
	Sector_C /Game/Actor_Sector_Test.Actor_Sector_Test:PersistentLevel.Sector_202
	Function /Game/Sector.Sector_C:Split:0758
[2017.09.23-06.56.20:665][ 57]LogSpawn:Warning: SpawnActor failed because we are running a ConstructionScript (Sector_C)
[2017.09.23-06.56.20:665][ 57]LogScript:Warning: Accessed None trying to read property CallFunc_Array_Get_Item
	Sector_C /Game/Actor_Sector_Test.Actor_Sector_Test:PersistentLevel.Sector_202
	Function /Game/Sector.Sector_C:Split:02F2
[2017.09.23-06.56.20:665][ 57]LogScript:Warning: Accessed None trying to read property CallFunc_Array_Get_Item
	Sector_C /Game/Actor_Sector_Test.Actor_Sector_Test:PersistentLevel.Sector_202
	Function /Game/Sector.Sector_C:Split:0369
[2017.09.23-06.56.20:665][ 57]LogSpawn:Warning: SpawnActor failed because we are running a ConstructionScript (Sector_C)
[2017.09.23-06.56.20:665][ 57]LogScript:Warning: Accessed None trying to read property CallFunc_Array_Get_Item
	Sector_C /Game/Actor_Sector_Test.Actor_Sector_Test:PersistentLevel.Sector_202
	Function /Game/Sector.Sector_C:Split:05F3
[2017.09.23-06.56.20:665][ 57]LogScript:Warning: Accessed None trying to read property CallFunc_Array_Get_Item
	Sector_C /Game/Actor_Sector_Test.Actor_Sector_Test:PersistentLevel.Sector_202
	Function /Game/Sector.Sector_C:Split:0698
[2017.09.23-06.56.20:665][ 57]LogScript:Warning: Accessed None trying to read property CallFunc_Array_Get_Item
	Sector_C /Game/Actor_Sector_Test.Actor_Sector_Test:PersistentLevel.Sector_202
	Function /Game/Sector.Sector_C:Split:0758
[2017.09.23-06.56.20:665][ 57]LogSpawn:Warning: SpawnActor failed because we are running a ConstructionScript (Sector_C)
[2017.09.23-06.56.20:665][ 57]LogScript:Warning: Accessed None trying to read property CallFunc_Array_Get_Item
	Sector_C /Game/Actor_Sector_Test.Actor_Sector_Test:PersistentLevel.Sector_202
	Function /Game/Sector.Sector_C:Split:02F2
[2017.09.23-06.56.20:665][ 57]LogScript:Warning: Accessed None trying to read property CallFunc_Array_Get_Item
	Sector_C /Game/Actor_Sector_Test.Actor_Sector_Test:PersistentLevel.Sector_202
	Function /Game/Sector.Sector_C:Split:0369
[2017.09.23-06.56.20:665][ 57]LogSpawn:Warning: SpawnActor failed because we are running a ConstructionScript (Sector_C)
[2017.09.23-06.56.20:665][ 57]LogScript:Warning: Accessed None trying to read property CallFunc_Array_Get_Item
	Sector_C /Game/Actor_Sector_Test.Actor_Sector_Test:PersistentLevel.Sector_202
	Function /Game/Sector.Sector_C:Split:05F3
[2017.09.23-06.56.20:665][ 57]LogScript:Warning: Accessed None trying to read property CallFunc_Array_Get_Item
	Sector_C /Game/Actor_Sector_Test.Actor_Sector_Test:PersistentLevel.Sector_202
	Function /Game/Sector.Sector_C:Split:0698
[2017.09.23-06.56.20:665][ 57]LogScript:Warning: Accessed None trying to read property CallFunc_Array_Get_Item
	Sector_C /Game/Actor_Sector_Test.Actor_Sector_Test:PersistentLevel.Sector_202
	Function /Game/Sector.Sector_C:Split:0758
[2017.09.23-06.56.20:666][ 57]LogSpawn:Warning: SpawnActor failed because we are running a ConstructionScript (Sector_C)
[2017.09.23-06.56.20:666][ 57]LogScript:Warning: Accessed None trying to read property CallFunc_Array_Get_Item
	Sector_C /Game/Actor_Sector_Test.Actor_Sector_Test:PersistentLevel.Sector_202
	Function /Game/Sector.Sector_C:Split:0A8A
[2017.09.23-06.56.20:666][ 57]LogScript:Warning: Accessed None trying to read property CallFunc_Array_Get_Item
	Sector_C /Game/Actor_Sector_Test.Actor_Sector_Test:PersistentLevel.Sector_202
	Function /Game/Sector.Sector_C:Split:0B01
[2017.09.23-06.56.20:666][ 57]LogSpawn:Warning: SpawnActor failed because we are running a ConstructionScript (Sector_C)
[2017.09.23-06.56.20:666][ 57]LogSpawn:Warning: SpawnActor failed because we are running a ConstructionScript (Sector_C)
[2017.09.23-06.56.20:666][ 57]LogSpawn:Warning: SpawnActor failed because we are running a ConstructionScript (Sector_C)
[2017.09.23-06.56.20:666][ 57]LogSpawn:Warning: SpawnActor failed because we are running a ConstructionScript (Sector_C)
[2017.09.23-06.56.20:666][ 57]LogSpawn:Warning: SpawnActor failed because we are running a ConstructionScript (Sector_C)
[2017.09.23-06.56.20:666][ 57]LogSpawn:Warning: SpawnActor failed because we are running a ConstructionScript (Sector_C)
[2017.09.23-06.56.20:666][ 57]LogSpawn:Warning: SpawnActor failed because we are running a ConstructionScript (Sector_C)
[2017.09.23-06.56.20:666][ 57]LogSpawn:Warning: SpawnActor failed because we are running a ConstructionScript (Sector_C)
[2017.09.23-06.56.20:666][ 57]LogSpawn:Warning: SpawnActor failed because we are running a ConstructionScript (Sector_C)
[2017.09.23-06.56.20:666][ 57]LogSpawn:Warning: SpawnActor failed because we are running a ConstructionScript (Sector_C)
[2017.09.23-06.56.20:666][ 57]LogSpawn:Warning: SpawnActor failed because we are running a ConstructionScript (Sector_C)
[2017.09.23-06.56.20:666][ 57]LogSpawn:Warning: SpawnActor failed because we are running a ConstructionScript (Sector_C)
[2017.09.23-06.56.20:666][ 57]LogSpawn:Warning: SpawnActor failed because we are running a ConstructionScript (Sector_C)
[2017.09.23-06.56.20:666][ 57]LogSpawn:Warning: SpawnActor failed because we are running a ConstructionScript (Sector_C)
[2017.09.23-06.56.20:666][ 57]LogSpawn:Warning: SpawnActor failed because we are running a ConstructionScript (Sector_C)
[2017.09.23-06.56.20:666][ 57]LogSpawn:Warning: SpawnActor failed because we are running a ConstructionScript (Sector_C)
[2017.09.23-06.56.20:666][ 57]LogSpawn:Warning: SpawnActor failed because we are running a ConstructionScript (Sector_C)
[2017.09.23-06.56.20:666][ 57]LogSpawn:Warning: SpawnActor failed because we are running a ConstructionScript (Sector_C)
[2017.09.23-06.56.20:666][ 57]LogSpawn:Warning: SpawnActor failed because we are running a ConstructionScript (Sector_C)
[2017.09.23-06.56.20:666][ 57]LogSpawn:Warning: SpawnActor failed because we are running a ConstructionScript (Sector_C)
[2017.09.23-06.56.20:666][ 57]LogSpawn:Warning: SpawnActor failed because we are running a ConstructionScript (Sector_C)
[2017.09.23-06.56.24:864][212]LogSlate: Took 0.000211 seconds to synchronously load lazily loaded font '../../../Engine/Content/Slate/Fonts/Roboto-Light.ttf' (159K)
[2017.09.23-06.56.30:933][367]LogSlate: Took 0.000344 seconds to synchronously load lazily loaded font '../../../Engine/Content/Slate/Fonts/Roboto-Regular.ttf' (155K)
[2017.09.23-06.56.30:994][367]LogSavePackage: Save=364.68ms
[2017.09.23-06.56.30:995][367]LogSavePackage: Moving '../../../../../../Users/Steven Strickland/Documents/Unreal Projects/Ash/ProjectAsh/Ash/Saved/TestLevelCA29D3804488C079008919A7A09C1225.tmp' to '../../../../../../Users/Steven Strickland/Documents/Unreal Projects/Ash/ProjectAsh/Ash/Content/TestLevel.umap'
[2017.09.23-06.56.31:001][367]LogSavePackage:Display: Finished SavePackage ../../../../../../Users/Steven Strickland/Documents/Unreal Projects/Ash/ProjectAsh/Ash/Content/TestLevel.umap
[2017.09.23-06.56.31:033][367]LogFileHelpers: Saving map 'TestLevel' took 0.533
[2017.09.23-06.56.31:035][367]Cmd: MAP LOAD FILE="../../../../../../Users/Steven Strickland/Documents/Unreal Projects/Ash/ProjectAsh/Ash/Content/TestLevel.umap" TEMPLATE=0 SHOWPROGRESS=1 FEATURELEVEL=3
[2017.09.23-06.56.31:035][367]LightingResults: New page: Lighting Build
[2017.09.23-06.56.31:037][367]LoadErrors: New page: Loading map: TestLevel.umap
[2017.09.23-06.56.31:037][367]MapCheck: New page: Map Check
[2017.09.23-06.56.31:037][367]LightingResults: New page: Lighting Build
[2017.09.23-06.56.31:199][367]LogAIModule: Creating AISystem for world TestLevel
[2017.09.23-06.56.31:202][367]LogEditorServer: Finished looking for orphan Actors (0.000 secs)
[2017.09.23-06.56.31:254][367]Cmd: MAP CHECKDEP NOCLEARLOG
[2017.09.23-06.56.31:339][367]MapCheck: Info Map check complete: 0 Error(s), 0 Warning(s), took 84.692ms to complete.
[2017.09.23-06.56.31:339][367]LogFileHelpers: Loading map 'TestLevel' took 0.305
[2017.09.23-06.57.11:982][ 96]LogContentBrowser: Native class hierarchy updated for 'BlueprintGraph' in 0.0013 seconds. Added 112 classes and 0 folders.
[2017.09.23-06.57.12:814][ 96]LogSlate: Took 0.000267 seconds to synchronously load lazily loaded font '../../../Engine/Content/Editor/Slate/Fonts/Roboto-BoldCondensed.ttf' (158K)
[2017.09.23-06.57.17:445][475]LogSlate: Took 0.000319 seconds to synchronously load lazily loaded font '../../../Engine/Content/Editor/Slate/Fonts/Roboto-Italic.ttf' (157K)
[2017.09.23-06.59.57:194][ 47]BlueprintLog: New page: Compile TestLevel
[2017.09.23-07.00.00:458][338]LogSavePackage: Save=432.37ms
[2017.09.23-07.00.00:458][338]LogSavePackage: Moving '../../../../../../Users/Steven Strickland/Documents/Unreal Projects/Ash/ProjectAsh/Ash/Saved/TestLevelD85AEAFC46AA9E32E41B109B4BD88B60.tmp' to '../../../../../../Users/Steven Strickland/Documents/Unreal Projects/Ash/ProjectAsh/Ash/Content/TestLevel.umap'
[2017.09.23-07.00.00:473][338]LogSavePackage:Display: Finished SavePackage ../../../../../../Users/Steven Strickland/Documents/Unreal Projects/Ash/ProjectAsh/Ash/Content/TestLevel.umap
[2017.09.23-07.00.00:536][338]LogFileHelpers: Saving map 'TestLevel' took 0.650
[2017.09.23-07.00.03:336][655]LogTemp: Repeting last play command: Selected Viewport
[2017.09.23-07.00.03:393][655]LogBlueprintUserMessages: Early PlayInEditor Detection: Level '/Game/TestLevel.TestLevel:PersistentLevel' has LevelScriptBlueprint '/Game/TestLevel.TestLevel:PersistentLevel.TestLevel' with GeneratedClass '/Game/TestLevel.TestLevel_C' with ClassGeneratedBy '/Game/TestLevel.TestLevel:PersistentLevel.TestLevel'
[2017.09.23-07.00.03:393][655]LogPlayLevel: PlayLevel: No blueprints needed recompiling
[2017.09.23-07.00.03:394][655]PIE: New page: PIE session: TestLevel (Sep 22, 2017, 5:00:03 PM)
[2017.09.23-07.00.03:394][655]LogPlayLevel: Creating play world package: /Game/UEDPIE_0_TestLevel
[2017.09.23-07.00.03:400][655]LogPlayLevel: PIE: StaticDuplicateObject took: (0.006216s)
[2017.09.23-07.00.03:401][655]LogAIModule: Creating AISystem for world TestLevel
[2017.09.23-07.00.03:401][655]LogPlayLevel: PIE: World Init took: (0.001176s)
[2017.09.23-07.00.03:401][655]LogPlayLevel: PIE: Created PIE world by copying editor world from /Game/TestLevel.TestLevel to /Game/UEDPIE_0_TestLevel.TestLevel (0.007676s)
[2017.09.23-07.00.03:443][655]LogInit: XAudio2 using 'G257HU-4 (NVIDIA High Definition Audio)' : 2 channels at 48 kHz using 16 bits per sample (channel mask 0x3)
[2017.09.23-07.00.03:455][655]LogInit: FAudioDevice initialized.
[2017.09.23-07.00.03:501][655]LogLoad: Game class is 'GameModeBase'
[2017.09.23-07.00.03:505][655]LogWorld: Bringing World /Game/UEDPIE_0_TestLevel.TestLevel up for play (max tick rate 0) at 2017.09.23-00.00.03
[2017.09.23-07.00.03:506][655]LogWorld: Bringing up level for play took: 0.001326
[2017.09.23-07.00.03:597][655]LogContentBrowser: Native class hierarchy updated for 'MovieSceneCapture' in 0.0009 seconds. Added 11 classes and 0 folders.
[2017.09.23-07.00.03:600][655]PIE: Info Play in editor start time for /Game/UEDPIE_0_TestLevel -0.361
[2017.09.23-07.00.03:601][655]LogBlueprintUserMessages: Late PlayInEditor Detection: Level '/Game/TestLevel.TestLevel:PersistentLevel' has LevelScriptBlueprint '/Game/TestLevel.TestLevel:PersistentLevel.TestLevel' with GeneratedClass '/Game/TestLevel.TestLevel_C' with ClassGeneratedBy '/Game/TestLevel.TestLevel:PersistentLevel.TestLevel'
[2017.09.23-07.00.10:392][464]LogBlueprintUserMessages: Early EndPlayMap Detection: Level '/Game/TestLevel.TestLevel:PersistentLevel' has LevelScriptBlueprint '/Game/TestLevel.TestLevel:PersistentLevel.TestLevel' with GeneratedClass '/Game/TestLevel.TestLevel_C' with ClassGeneratedBy '/Game/TestLevel.TestLevel:PersistentLevel.TestLevel'
[2017.09.23-07.00.10:448][464]LogBlueprintUserMessages: Late EndPlayMap Detection: Level '/Game/TestLevel.TestLevel:PersistentLevel' has LevelScriptBlueprint '/Game/TestLevel.TestLevel:PersistentLevel.TestLevel' with GeneratedClass '/Game/TestLevel.TestLevel_C' with ClassGeneratedBy '/Game/TestLevel.TestLevel:PersistentLevel.TestLevel'
[2017.09.23-07.01.10:356][489]LogSavePackage: Save=415.89ms
[2017.09.23-07.01.10:356][489]LogSavePackage: Moving '../../../../../../Users/Steven Strickland/Documents/Unreal Projects/Ash/ProjectAsh/Ash/Saved/TestLevel27CC24BD489042FA93DBF495BE5CC6F4.tmp' to '../../../../../../Users/Steven Strickland/Documents/Unreal Projects/Ash/ProjectAsh/Ash/Content/TestLevel.umap'
[2017.09.23-07.01.10:360][489]LogSavePackage:Display: Finished SavePackage ../../../../../../Users/Steven Strickland/Documents/Unreal Projects/Ash/ProjectAsh/Ash/Content/TestLevel.umap
[2017.09.23-07.01.10:395][489]LogFileHelpers: Saving map 'TestLevel' took 0.585
[2017.09.23-07.03.55:125][899]LogTemp: Repeting last play command: Selected Viewport
[2017.09.23-07.03.55:144][899]LogBlueprintUserMessages: Early PlayInEditor Detection: Level '/Game/TestLevel.TestLevel:PersistentLevel' has LevelScriptBlueprint '/Game/TestLevel.TestLevel:PersistentLevel.TestLevel' with GeneratedClass '/Game/TestLevel.TestLevel_C' with ClassGeneratedBy '/Game/TestLevel.TestLevel:PersistentLevel.TestLevel'
[2017.09.23-07.03.55:145][899]LogPlayLevel: PlayLevel: No blueprints needed recompiling
[2017.09.23-07.03.55:145][899]PIE: New page: PIE session: TestLevel (Sep 22, 2017, 5:03:55 PM)
[2017.09.23-07.03.55:145][899]LogPlayLevel: Creating play world package: /Game/UEDPIE_0_TestLevel
[2017.09.23-07.03.55:152][899]LogPlayLevel: PIE: StaticDuplicateObject took: (0.007304s)
[2017.09.23-07.03.55:154][899]LogAIModule: Creating AISystem for world TestLevel
[2017.09.23-07.03.55:155][899]LogPlayLevel: PIE: World Init took: (0.002369s)
[2017.09.23-07.03.55:155][899]LogPlayLevel: PIE: Created PIE world by copying editor world from /Game/TestLevel.TestLevel to /Game/UEDPIE_0_TestLevel.TestLevel (0.009975s)
[2017.09.23-07.03.55:192][899]LogInit: XAudio2 using 'G257HU-4 (NVIDIA High Definition Audio)' : 2 channels at 48 kHz using 16 bits per sample (channel mask 0x3)
[2017.09.23-07.03.55:201][899]LogInit: FAudioDevice initialized.
[2017.09.23-07.03.55:284][899]LogLoad: Game class is 'GameModeBase'
[2017.09.23-07.03.55:287][899]LogWorld: Bringing World /Game/UEDPIE_0_TestLevel.TestLevel up for play (max tick rate 0) at 2017.09.23-00.03.55
[2017.09.23-07.03.55:288][899]LogWorld: Bringing up level for play took: 0.001182
[2017.09.23-07.03.55:291][899]PIE: Info Play in editor start time for /Game/UEDPIE_0_TestLevel -0.669
[2017.09.23-07.03.55:292][899]LogBlueprintUserMessages: Late PlayInEditor Detection: Level '/Game/TestLevel.TestLevel:PersistentLevel' has LevelScriptBlueprint '/Game/TestLevel.TestLevel:PersistentLevel.TestLevel' with GeneratedClass '/Game/TestLevel.TestLevel_C' with ClassGeneratedBy '/Game/TestLevel.TestLevel:PersistentLevel.TestLevel'
[2017.09.23-07.03.58:542][272]LogBlueprintUserMessages: Early EndPlayMap Detection: Level '/Game/TestLevel.TestLevel:PersistentLevel' has LevelScriptBlueprint '/Game/TestLevel.TestLevel:PersistentLevel.TestLevel' with GeneratedClass '/Game/TestLevel.TestLevel_C' with ClassGeneratedBy '/Game/TestLevel.TestLevel:PersistentLevel.TestLevel'
[2017.09.23-07.03.58:623][272]LogBlueprintUserMessages: Late EndPlayMap Detection: Level '/Game/TestLevel.TestLevel:PersistentLevel' has LevelScriptBlueprint '/Game/TestLevel.TestLevel:PersistentLevel.TestLevel' with GeneratedClass '/Game/TestLevel.TestLevel_C' with ClassGeneratedBy '/Game/TestLevel.TestLevel:PersistentLevel.TestLevel'
[2017.09.23-07.03.59:995][428]LogTemp: Repeting last play command: Selected Viewport
[2017.09.23-07.04.00:017][428]LogBlueprintUserMessages: Early PlayInEditor Detection: Level '/Game/TestLevel.TestLevel:PersistentLevel' has LevelScriptBlueprint '/Game/TestLevel.TestLevel:PersistentLevel.TestLevel' with GeneratedClass '/Game/TestLevel.TestLevel_C' with ClassGeneratedBy '/Game/TestLevel.TestLevel:PersistentLevel.TestLevel'
[2017.09.23-07.04.00:017][428]LogPlayLevel: PlayLevel: No blueprints needed recompiling
[2017.09.23-07.04.00:017][428]PIE: New page: PIE session: TestLevel (Sep 22, 2017, 5:04:00 PM)
[2017.09.23-07.04.00:017][428]LogPlayLevel: Creating play world package: /Game/UEDPIE_0_TestLevel
[2017.09.23-07.04.00:023][428]LogPlayLevel: PIE: StaticDuplicateObject took: (0.005992s)
[2017.09.23-07.04.00:025][428]LogAIModule: Creating AISystem for world TestLevel
[2017.09.23-07.04.00:025][428]LogPlayLevel: PIE: World Init took: (0.001695s)
[2017.09.23-07.04.00:025][428]LogPlayLevel: PIE: Created PIE world by copying editor world from /Game/TestLevel.TestLevel to /Game/UEDPIE_0_TestLevel.TestLevel (0.008003s)
[2017.09.23-07.04.00:074][428]LogInit: XAudio2 using 'G257HU-4 (NVIDIA High Definition Audio)' : 2 channels at 48 kHz using 16 bits per sample (channel mask 0x3)
[2017.09.23-07.04.00:084][428]LogInit: FAudioDevice initialized.
[2017.09.23-07.04.00:168][428]LogLoad: Game class is 'GameModeBase'
[2017.09.23-07.04.00:171][428]LogWorld: Bringing World /Game/UEDPIE_0_TestLevel.TestLevel up for play (max tick rate 0) at 2017.09.23-00.04.00
[2017.09.23-07.04.00:171][428]LogWorld: Bringing up level for play took: 0.000997
[2017.09.23-07.04.00:176][428]PIE: Info Play in editor start time for /Game/UEDPIE_0_TestLevel 0.215
[2017.09.23-07.04.00:177][428]LogBlueprintUserMessages: Late PlayInEditor Detection: Level '/Game/TestLevel.TestLevel:PersistentLevel' has LevelScriptBlueprint '/Game/TestLevel.TestLevel:PersistentLevel.TestLevel' with GeneratedClass '/Game/TestLevel.TestLevel_C' with ClassGeneratedBy '/Game/TestLevel.TestLevel:PersistentLevel.TestLevel'
[2017.09.23-07.04.01:745][595]LogBlueprintUserMessages: Early EndPlayMap Detection: Level '/Game/TestLevel.TestLevel:PersistentLevel' has LevelScriptBlueprint '/Game/TestLevel.TestLevel:PersistentLevel.TestLevel' with GeneratedClass '/Game/TestLevel.TestLevel_C' with ClassGeneratedBy '/Game/TestLevel.TestLevel:PersistentLevel.TestLevel'
[2017.09.23-07.04.01:819][595]LogBlueprintUserMessages: Late EndPlayMap Detection: Level '/Game/TestLevel.TestLevel:PersistentLevel' has LevelScriptBlueprint '/Game/TestLevel.TestLevel:PersistentLevel.TestLevel' with GeneratedClass '/Game/TestLevel.TestLevel_C' with ClassGeneratedBy '/Game/TestLevel.TestLevel:PersistentLevel.TestLevel'
[2017.09.23-07.04.04:374][816]LogSavePackage: Save=410.53ms
[2017.09.23-07.04.04:374][816]LogSavePackage: Moving '../../../../../../Users/Steven Strickland/Documents/Unreal Projects/Ash/ProjectAsh/Ash/Saved/TestLevel4AFEB6624B56DF6E889EBE8B74776AB0.tmp' to '../../../../../../Users/Steven Strickland/Documents/Unreal Projects/Ash/ProjectAsh/Ash/Content/TestLevel.umap'
[2017.09.23-07.04.04:382][816]LogSavePackage:Display: Finished SavePackage ../../../../../../Users/Steven Strickland/Documents/Unreal Projects/Ash/ProjectAsh/Ash/Content/TestLevel.umap
[2017.09.23-07.04.04:418][816]LogFileHelpers: Saving map 'TestLevel' took 0.599
[2017.09.23-07.04.16:553][182]LogTemp: Repeting last play command: Selected Viewport
[2017.09.23-07.04.16:575][182]LogBlueprintUserMessages: Early PlayInEditor Detection: Level '/Game/TestLevel.TestLevel:PersistentLevel' has LevelScriptBlueprint '/Game/TestLevel.TestLevel:PersistentLevel.TestLevel' with GeneratedClass '/Game/TestLevel.TestLevel_C' with ClassGeneratedBy '/Game/TestLevel.TestLevel:PersistentLevel.TestLevel'
[2017.09.23-07.04.16:575][182]LogPlayLevel: PlayLevel: No blueprints needed recompiling
[2017.09.23-07.04.16:575][182]PIE: New page: PIE session: TestLevel (Sep 22, 2017, 5:04:16 PM)
[2017.09.23-07.04.16:575][182]LogPlayLevel: Creating play world package: /Game/UEDPIE_0_TestLevel
[2017.09.23-07.04.16:581][182]LogPlayLevel: PIE: StaticDuplicateObject took: (0.005804s)
[2017.09.23-07.04.16:582][182]LogAIModule: Creating AISystem for world TestLevel
[2017.09.23-07.04.16:582][182]LogPlayLevel: PIE: World Init took: (0.000800s)
[2017.09.23-07.04.16:582][182]LogPlayLevel: PIE: Created PIE world by copying editor world from /Game/TestLevel.TestLevel to /Game/UEDPIE_0_TestLevel.TestLevel (0.006839s)
[2017.09.23-07.04.16:624][182]LogInit: XAudio2 using 'G257HU-4 (NVIDIA High Definition Audio)' : 2 channels at 48 kHz using 16 bits per sample (channel mask 0x3)
[2017.09.23-07.04.16:632][182]LogInit: FAudioDevice initialized.
[2017.09.23-07.04.16:712][182]LogLoad: Game class is 'GameModeBase'
[2017.09.23-07.04.16:715][182]LogWorld: Bringing World /Game/UEDPIE_0_TestLevel.TestLevel up for play (max tick rate 0) at 2017.09.23-00.04.16
[2017.09.23-07.04.16:715][182]LogWorld: Bringing up level for play took: 0.000967
[2017.09.23-07.04.16:716][182]LogBlueprintDebug:Warning: Unknown breakpoint hit at node K2Node_AssignmentStatement in object Function /Game/TestLevel.TestLevel_C:ExecuteUbergraph_TestLevel:02CF
[2017.09.23-07.04.17:025][182]LogScriptCore:Warning: Cannot call UnrealScript (HUD /Game/UEDPIE_0_TestLevel.TestLevel:PersistentLevel.HUD_0 - Function /Script/Engine.HUD:ReceiveDrawHUD) while stopped at a breakpoint.
[2017.09.23-07.04.27:873][182]PIE: Info Play in editor start time for /Game/UEDPIE_0_TestLevel 11.912
[2017.09.23-07.04.27:873][182]LogBlueprintUserMessages: Late PlayInEditor Detection: Level '/Game/TestLevel.TestLevel:PersistentLevel' has LevelScriptBlueprint '/Game/TestLevel.TestLevel:PersistentLevel.TestLevel' with GeneratedClass '/Game/TestLevel.TestLevel_C' with ClassGeneratedBy '/Game/TestLevel.TestLevel:PersistentLevel.TestLevel'
[2017.09.23-07.04.27:876][182]LogBlueprintUserMessages: Early EndPlayMap Detection: Level '/Game/TestLevel.TestLevel:PersistentLevel' has LevelScriptBlueprint '/Game/TestLevel.TestLevel:PersistentLevel.TestLevel' with GeneratedClass '/Game/TestLevel.TestLevel_C' with ClassGeneratedBy '/Game/TestLevel.TestLevel:PersistentLevel.TestLevel'
[2017.09.23-07.04.27:954][182]LogBlueprintUserMessages: Late EndPlayMap Detection: Level '/Game/TestLevel.TestLevel:PersistentLevel' has LevelScriptBlueprint '/Game/TestLevel.TestLevel:PersistentLevel.TestLevel' with GeneratedClass '/Game/TestLevel.TestLevel_C' with ClassGeneratedBy '/Game/TestLevel.TestLevel:PersistentLevel.TestLevel'
[2017.09.23-07.04.43:145][926]LogTemp: Repeting last play command: Selected Viewport
[2017.09.23-07.04.43:168][926]LogBlueprintUserMessages: Early PlayInEditor Detection: Level '/Game/TestLevel.TestLevel:PersistentLevel' has LevelScriptBlueprint '/Game/TestLevel.TestLevel:PersistentLevel.TestLevel' with GeneratedClass '/Game/TestLevel.TestLevel_C' with ClassGeneratedBy '/Game/TestLevel.TestLevel:PersistentLevel.TestLevel'
[2017.09.23-07.04.43:168][926]LogPlayLevel: PlayLevel: No blueprints needed recompiling
[2017.09.23-07.04.43:168][926]PIE: New page: PIE session: TestLevel (Sep 22, 2017, 5:04:43 PM)
[2017.09.23-07.04.43:168][926]LogPlayLevel: Creating play world package: /Game/UEDPIE_0_TestLevel
[2017.09.23-07.04.43:174][926]LogPlayLevel: PIE: StaticDuplicateObject took: (0.005722s)
[2017.09.23-07.04.43:174][926]LogAIModule: Creating AISystem for world TestLevel
[2017.09.23-07.04.43:175][926]LogPlayLevel: PIE: World Init took: (0.000980s)
[2017.09.23-07.04.43:175][926]LogPlayLevel: PIE: Created PIE world by copying editor world from /Game/TestLevel.TestLevel to /Game/UEDPIE_0_TestLevel.TestLevel (0.006947s)
[2017.09.23-07.04.43:218][926]LogInit: XAudio2 using 'G257HU-4 (NVIDIA High Definition Audio)' : 2 channels at 48 kHz using 16 bits per sample (channel mask 0x3)
[2017.09.23-07.04.43:227][926]LogInit: FAudioDevice initialized.
[2017.09.23-07.04.43:307][926]LogLoad: Game class is 'GameModeBase'
[2017.09.23-07.04.43:311][926]LogWorld: Bringing World /Game/UEDPIE_0_TestLevel.TestLevel up for play (max tick rate 0) at 2017.09.23-00.04.43
[2017.09.23-07.04.43:312][926]LogWorld: Bringing up level for play took: 0.001771
[2017.09.23-07.04.43:313][926]LogBlueprintDebug:Warning: Hit breakpoint on node 'K2Node_FunctionResult', from offset 339
[2017.09.23-07.04.43:314][926]LogBlueprintDebug: 
Script call stack:
	Function /Game/TestLevel.TestLevel_C:ReceiveBeginPlay
	Function /Game/TestLevel.TestLevel_C:ExecuteUbergraph_TestLevel
	Function /Game/TestLevel.TestLevel_C:Recursive_Split

[2017.09.23-07.04.43:389][926]LogScriptCore:Warning: Cannot call UnrealScript (HUD /Game/UEDPIE_0_TestLevel.TestLevel:PersistentLevel.HUD_0 - Function /Script/Engine.HUD:ReceiveDrawHUD) while stopped at a breakpoint.
[2017.09.23-07.09.21:227][926]PIE: Info Play in editor start time for /Game/UEDPIE_0_TestLevel 277.266
[2017.09.23-07.09.21:227][926]LogBlueprintUserMessages: Late PlayInEditor Detection: Level '/Game/TestLevel.TestLevel:PersistentLevel' has LevelScriptBlueprint '/Game/TestLevel.TestLevel:PersistentLevel.TestLevel' with GeneratedClass '/Game/TestLevel.TestLevel_C' with ClassGeneratedBy '/Game/TestLevel.TestLevel:PersistentLevel.TestLevel'
[2017.09.23-07.09.21:231][926]LogBlueprintUserMessages: Early EndPlayMap Detection: Level '/Game/TestLevel.TestLevel:PersistentLevel' has LevelScriptBlueprint '/Game/TestLevel.TestLevel:PersistentLevel.TestLevel' with GeneratedClass '/Game/TestLevel.TestLevel_C' with ClassGeneratedBy '/Game/TestLevel.TestLevel:PersistentLevel.TestLevel'
[2017.09.23-07.09.21:310][926]LogBlueprintUserMessages: Late EndPlayMap Detection: Level '/Game/TestLevel.TestLevel:PersistentLevel' has LevelScriptBlueprint '/Game/TestLevel.TestLevel:PersistentLevel.TestLevel' with GeneratedClass '/Game/TestLevel.TestLevel_C' with ClassGeneratedBy '/Game/TestLevel.TestLevel:PersistentLevel.TestLevel'
[2017.09.23-07.09.25:654][390]LogTemp: Repeting last play command: Selected Viewport
[2017.09.23-07.09.25:681][390]LogBlueprintUserMessages: Early PlayInEditor Detection: Level '/Game/TestLevel.TestLevel:PersistentLevel' has LevelScriptBlueprint '/Game/TestLevel.TestLevel:PersistentLevel.TestLevel' with GeneratedClass '/Game/TestLevel.TestLevel_C' with ClassGeneratedBy '/Game/TestLevel.TestLevel:PersistentLevel.TestLevel'
[2017.09.23-07.09.25:681][390]LogPlayLevel: PlayLevel: No blueprints needed recompiling
[2017.09.23-07.09.25:681][390]PIE: New page: PIE session: TestLevel (Sep 22, 2017, 5:09:25 PM)
[2017.09.23-07.09.25:681][390]LogPlayLevel: Creating play world package: /Game/UEDPIE_0_TestLevel
[2017.09.23-07.09.25:688][390]LogPlayLevel: PIE: StaticDuplicateObject took: (0.006882s)
[2017.09.23-07.09.25:689][390]LogAIModule: Creating AISystem for world TestLevel
[2017.09.23-07.09.25:689][390]LogPlayLevel: PIE: World Init took: (0.000890s)
[2017.09.23-07.09.25:689][390]LogPlayLevel: PIE: Created PIE world by copying editor world from /Game/TestLevel.TestLevel to /Game/UEDPIE_0_TestLevel.TestLevel (0.008007s)
[2017.09.23-07.09.25:729][390]LogInit: XAudio2 using 'G257HU-4 (NVIDIA High Definition Audio)' : 2 channels at 48 kHz using 16 bits per sample (channel mask 0x3)
[2017.09.23-07.09.25:739][390]LogInit: FAudioDevice initialized.
[2017.09.23-07.09.25:816][390]LogLoad: Game class is 'GameModeBase'
[2017.09.23-07.09.25:820][390]LogWorld: Bringing World /Game/UEDPIE_0_TestLevel.TestLevel up for play (max tick rate 0) at 2017.09.23-00.09.25
[2017.09.23-07.09.25:820][390]LogWorld: Bringing up level for play took: 0.001775
[2017.09.23-07.09.25:822][390]LogBlueprintDebug:Warning: Hit breakpoint on node 'K2Node_IfThenElse', from offset 517
[2017.09.23-07.09.25:822][390]LogBlueprintDebug: 
Script call stack:
	Function /Game/TestLevel.TestLevel_C:ReceiveBeginPlay
	Function /Game/TestLevel.TestLevel_C:ExecuteUbergraph_TestLevel
	Function /Game/TestLevel.TestLevel_C:Recursive_Split

[2017.09.23-07.09.25:897][390]LogScriptCore:Warning: Cannot call UnrealScript (HUD /Game/UEDPIE_0_TestLevel.TestLevel:PersistentLevel.HUD_0 - Function /Script/Engine.HUD:ReceiveDrawHUD) while stopped at a breakpoint.
[2017.09.23-07.09.30:861][390]LogBlueprintDebug:Warning: Hit breakpoint on node 'K2Node_IfThenElse', from offset 517
[2017.09.23-07.09.30:861][390]LogBlueprintDebug: 
Script call stack:
	Function /Game/TestLevel.TestLevel_C:ReceiveBeginPlay
	Function /Game/TestLevel.TestLevel_C:ExecuteUbergraph_TestLevel
	Function /Game/TestLevel.TestLevel_C:Recursive_Split

[2017.09.23-07.09.36:441][390]LogBlueprintDebug:Warning: Hit breakpoint on node 'K2Node_IfThenElse', from offset 517
[2017.09.23-07.09.36:441][390]LogBlueprintDebug: 
Script call stack:
	Function /Game/TestLevel.TestLevel_C:ReceiveBeginPlay
	Function /Game/TestLevel.TestLevel_C:ExecuteUbergraph_TestLevel
	Function /Game/TestLevel.TestLevel_C:Recursive_Split

[2017.09.23-07.09.37:361][390]LogBlueprintDebug:Warning: Hit breakpoint on node 'K2Node_IfThenElse', from offset 517
[2017.09.23-07.09.37:361][390]LogBlueprintDebug: 
Script call stack:
	Function /Game/TestLevel.TestLevel_C:ReceiveBeginPlay
	Function /Game/TestLevel.TestLevel_C:ExecuteUbergraph_TestLevel
	Function /Game/TestLevel.TestLevel_C:Recursive_Split

[2017.09.23-07.09.37:987][390]LogBlueprintDebug:Warning: Hit breakpoint on node 'K2Node_IfThenElse', from offset 517
[2017.09.23-07.09.37:987][390]LogBlueprintDebug: 
Script call stack:
	Function /Game/TestLevel.TestLevel_C:ReceiveBeginPlay
	Function /Game/TestLevel.TestLevel_C:ExecuteUbergraph_TestLevel
	Function /Game/TestLevel.TestLevel_C:Recursive_Split

[2017.09.23-07.09.38:956][390]LogBlueprintDebug:Warning: Hit breakpoint on node 'K2Node_IfThenElse', from offset 517
[2017.09.23-07.09.38:956][390]LogBlueprintDebug: 
Script call stack:
	Function /Game/TestLevel.TestLevel_C:ReceiveBeginPlay
	Function /Game/TestLevel.TestLevel_C:ExecuteUbergraph_TestLevel
	Function /Game/TestLevel.TestLevel_C:Recursive_Split

[2017.09.23-07.09.39:662][390]LogBlueprintDebug:Warning: Hit breakpoint on node 'K2Node_IfThenElse', from offset 517
[2017.09.23-07.09.39:662][390]LogBlueprintDebug: 
Script call stack:
	Function /Game/TestLevel.TestLevel_C:ReceiveBeginPlay
	Function /Game/TestLevel.TestLevel_C:ExecuteUbergraph_TestLevel
	Function /Game/TestLevel.TestLevel_C:Recursive_Split

[2017.09.23-07.09.40:679][390]LogBlueprintDebug:Warning: Hit breakpoint on node 'K2Node_IfThenElse', from offset 517
[2017.09.23-07.09.40:679][390]LogBlueprintDebug: 
Script call stack:
	Function /Game/TestLevel.TestLevel_C:ReceiveBeginPlay
	Function /Game/TestLevel.TestLevel_C:ExecuteUbergraph_TestLevel
	Function /Game/TestLevel.TestLevel_C:Recursive_Split

[2017.09.23-07.09.42:385][390]LogBlueprintDebug:Warning: Hit breakpoint on node 'K2Node_IfThenElse', from offset 517
[2017.09.23-07.09.42:385][390]LogBlueprintDebug: 
Script call stack:
	Function /Game/TestLevel.TestLevel_C:ReceiveBeginPlay
	Function /Game/TestLevel.TestLevel_C:ExecuteUbergraph_TestLevel
	Function /Game/TestLevel.TestLevel_C:Recursive_Split

[2017.09.23-07.09.43:361][390]LogBlueprintDebug:Warning: Hit breakpoint on node 'K2Node_IfThenElse', from offset 517
[2017.09.23-07.09.43:361][390]LogBlueprintDebug: 
Script call stack:
	Function /Game/TestLevel.TestLevel_C:ReceiveBeginPlay
	Function /Game/TestLevel.TestLevel_C:ExecuteUbergraph_TestLevel
	Function /Game/TestLevel.TestLevel_C:Recursive_Split

[2017.09.23-07.09.44:180][390]LogBlueprintDebug:Warning: Hit breakpoint on node 'K2Node_IfThenElse', from offset 517
[2017.09.23-07.09.44:180][390]LogBlueprintDebug: 
Script call stack:
	Function /Game/TestLevel.TestLevel_C:ReceiveBeginPlay
	Function /Game/TestLevel.TestLevel_C:ExecuteUbergraph_TestLevel
	Function /Game/TestLevel.TestLevel_C:Recursive_Split

[2017.09.23-07.09.44:888][390]LogBlueprintDebug:Warning: Hit breakpoint on node 'K2Node_IfThenElse', from offset 517
[2017.09.23-07.09.44:888][390]LogBlueprintDebug: 
Script call stack:
	Function /Game/TestLevel.TestLevel_C:ReceiveBeginPlay
	Function /Game/TestLevel.TestLevel_C:ExecuteUbergraph_TestLevel
	Function /Game/TestLevel.TestLevel_C:Recursive_Split

[2017.09.23-07.09.45:615][390]LogBlueprintDebug:Warning: Hit breakpoint on node 'K2Node_IfThenElse', from offset 517
[2017.09.23-07.09.45:615][390]LogBlueprintDebug: 
Script call stack:
	Function /Game/TestLevel.TestLevel_C:ReceiveBeginPlay
	Function /Game/TestLevel.TestLevel_C:ExecuteUbergraph_TestLevel
	Function /Game/TestLevel.TestLevel_C:Recursive_Split

[2017.09.23-07.09.46:757][390]LogBlueprintDebug:Warning: Hit breakpoint on node 'K2Node_IfThenElse', from offset 517
[2017.09.23-07.09.46:757][390]LogBlueprintDebug: 
Script call stack:
	Function /Game/TestLevel.TestLevel_C:ReceiveBeginPlay
	Function /Game/TestLevel.TestLevel_C:ExecuteUbergraph_TestLevel
	Function /Game/TestLevel.TestLevel_C:Recursive_Split

[2017.09.23-07.09.47:259][390]LogBlueprintDebug:Warning: Hit breakpoint on node 'K2Node_IfThenElse', from offset 517
[2017.09.23-07.09.47:259][390]LogBlueprintDebug: 
Script call stack:
	Function /Game/TestLevel.TestLevel_C:ReceiveBeginPlay
	Function /Game/TestLevel.TestLevel_C:ExecuteUbergraph_TestLevel
	Function /Game/TestLevel.TestLevel_C:Recursive_Split

[2017.09.23-07.09.47:714][390]LogBlueprintDebug:Warning: Hit breakpoint on node 'K2Node_IfThenElse', from offset 517
[2017.09.23-07.09.47:714][390]LogBlueprintDebug: 
Script call stack:
	Function /Game/TestLevel.TestLevel_C:ReceiveBeginPlay
	Function /Game/TestLevel.TestLevel_C:ExecuteUbergraph_TestLevel
	Function /Game/TestLevel.TestLevel_C:Recursive_Split

[2017.09.23-07.10.56:439][390]LogBlueprintDebug:Warning: Hit breakpoint on node 'K2Node_FunctionResult', from offset 339
[2017.09.23-07.10.56:439][390]LogBlueprintDebug: 
Script call stack:
	Function /Game/TestLevel.TestLevel_C:ReceiveBeginPlay
	Function /Game/TestLevel.TestLevel_C:ExecuteUbergraph_TestLevel
	Function /Game/TestLevel.TestLevel_C:Recursive_Split

[2017.09.23-07.16.25:885][390]PIE: Info Play in editor start time for /Game/UEDPIE_0_TestLevel 419.924
[2017.09.23-07.16.25:885][390]LogBlueprintUserMessages: Late PlayInEditor Detection: Level '/Game/TestLevel.TestLevel:PersistentLevel' has LevelScriptBlueprint '/Game/TestLevel.TestLevel:PersistentLevel.TestLevel' with GeneratedClass '/Game/TestLevel.TestLevel_C' with ClassGeneratedBy '/Game/TestLevel.TestLevel:PersistentLevel.TestLevel'
[2017.09.23-07.16.25:890][390]LogBlueprintUserMessages: Early EndPlayMap Detection: Level '/Game/TestLevel.TestLevel:PersistentLevel' has LevelScriptBlueprint '/Game/TestLevel.TestLevel:PersistentLevel.TestLevel' with GeneratedClass '/Game/TestLevel.TestLevel_C' with ClassGeneratedBy '/Game/TestLevel.TestLevel:PersistentLevel.TestLevel'
[2017.09.23-07.16.25:968][390]LogBlueprintUserMessages: Late EndPlayMap Detection: Level '/Game/TestLevel.TestLevel:PersistentLevel' has LevelScriptBlueprint '/Game/TestLevel.TestLevel:PersistentLevel.TestLevel' with GeneratedClass '/Game/TestLevel.TestLevel_C' with ClassGeneratedBy '/Game/TestLevel.TestLevel:PersistentLevel.TestLevel'
[2017.09.23-07.17.08:579][382]LogSavePackage: Save=425.11ms
[2017.09.23-07.17.08:579][382]LogSavePackage: Moving '../../../../../../Users/Steven Strickland/Documents/Unreal Projects/Ash/ProjectAsh/Ash/Saved/TestLevel_Auto1777A61A648D59E1D145EDAB8FBEA7055.tmp' to '../../../../../../Users/Steven Strickland/Documents/Unreal Projects/Ash/ProjectAsh/Ash/Saved/Autosaves/Game/TestLevel_Auto1.umap'
[2017.09.23-07.17.08:582][382]LogSavePackage:Display: Finished SavePackage ../../../../../../Users/Steven Strickland/Documents/Unreal Projects/Ash/ProjectAsh/Ash/Saved/Autosaves/Game/TestLevel_Auto1.umap
[2017.09.23-07.17.08:584][382]LogFileHelpers: Editor autosave (incl. sublevels) for '/Game/TestLevel' took 0.490
[2017.09.23-07.17.08:584][382]LogFileHelpers: Editor autosave (incl. sublevels) for all levels took 0.490
[2017.09.23-07.25.12:047][195]LogSavePackage: Save=435.76ms
[2017.09.23-07.25.12:047][195]LogSavePackage: Moving '../../../../../../Users/Steven Strickland/Documents/Unreal Projects/Ash/ProjectAsh/Ash/Saved/TestLevelEC044C0F4CAECCA88829138232AF5833.tmp' to '../../../../../../Users/Steven Strickland/Documents/Unreal Projects/Ash/ProjectAsh/Ash/Content/TestLevel.umap'
[2017.09.23-07.25.12:052][195]LogSavePackage:Display: Finished SavePackage ../../../../../../Users/Steven Strickland/Documents/Unreal Projects/Ash/ProjectAsh/Ash/Content/TestLevel.umap
[2017.09.23-07.25.12:108][195]LogFileHelpers: Saving map 'TestLevel' took 0.644
[2017.09.23-07.25.14:828][456]Cmd: QUIT_EDITOR
[2017.09.23-07.25.15:197][456]LogWindowsTextInputMethodSystem:Display: IME system now deactivated.
[2017.09.23-07.25.15:226][456]LogExit: Preparing to exit.
[2017.09.23-07.25.15:908][456]LogDirectoryWatcher: A directory notification for 'C:/Users/Steven Strickland/Documents/Unreal Projects/Ash/ProjectAsh/Ash/Content/' was aborted.
[2017.09.23-07.25.15:947][456]LogExit: Editor shut down
[2017.09.23-07.25.15:954][456]LogExit: Transaction tracking system shut down
[2017.09.23-07.25.16:120][456]LogObj: Freed 0b from 0 cluster array pools.
[2017.09.23-07.25.16:120][456]LogExit: Object subsystem successfully closed.
[2017.09.23-07.25.16:332][456]LogD3D11RHI: Shutdown
[2017.09.23-07.25.16:332][456]LogD3D11RHI: CleanupD3DDevice
[2017.09.23-07.25.16:777][456]LogD3D11RHI: ~FD3D11DynamicRHI
[2017.09.23-07.25.16:815][456]LogModuleManager: Shutting down and abandoning module MovieSceneCapture (530)
[2017.09.23-07.25.16:815][456]LogModuleManager: Shutting down and abandoning module BlueprintGraph (528)
[2017.09.23-07.25.16:816][456]LogModuleManager: Shutting down and abandoning module BlueprintProfiler (526)
[2017.09.23-07.25.16:816][456]LogModuleManager: Shutting down and abandoning module HierarchicalLODOutliner (524)
[2017.09.23-07.25.16:816][456]LogModuleManager: Shutting down and abandoning module CrashTracker (522)
[2017.09.23-07.25.16:816][456]LogModuleManager: Shutting down and abandoning module SceneOutliner (520)
[2017.09.23-07.25.16:816][456]LogModuleManager: Shutting down and abandoning module AddContentDialog (518)
[2017.09.23-07.25.16:816][456]LogDirectoryWatcher: A directory notification for 'C:/Program Files/Epic Games/UE_4.16/FeaturePacks/' was aborted.
[2017.09.23-07.25.16:817][456]LogModuleManager: Shutting down and abandoning module WidgetCarousel (517)
[2017.09.23-07.25.16:818][456]LogModuleManager: Shutting down and abandoning module EditorWidgets (514)
[2017.09.23-07.25.16:818][456]LogModuleManager: Shutting down and abandoning module CollectionManager (512)
[2017.09.23-07.25.16:818][456]LogDirectoryWatcher: A directory notification for 'C:/Users/Steven Strickland/Documents/Unreal Projects/Ash/ProjectAsh/Ash/Content/Collections/' was aborted.
[2017.09.23-07.25.16:818][456]LogDirectoryWatcher: A directory notification for 'C:/Users/Steven Strickland/Documents/Unreal Projects/Ash/ProjectAsh/Ash/Content/Developers/StevenStrickland/Collections/' was aborted.
[2017.09.23-07.25.16:818][456]LogDirectoryWatcher: A directory notification for 'C:/Users/Steven Strickland/Documents/Unreal Projects/Ash/ProjectAsh/Ash/Saved/Collections/' was aborted.
[2017.09.23-07.25.16:818][456]LogModuleManager: Shutting down and abandoning module StatsViewer (510)
[2017.09.23-07.25.16:818][456]LogModuleManager: Shutting down and abandoning module FoliageEdit (508)
[2017.09.23-07.25.16:818][456]LogModuleManager: Shutting down and abandoning module LandscapeEditor (506)
[2017.09.23-07.25.16:818][456]LogModuleManager: Shutting down and abandoning module MeshPaintMode (504)
[2017.09.23-07.25.16:818][456]LogModuleManager: Shutting down and abandoning module SceneDepthPickerMode (502)
[2017.09.23-07.25.16:818][456]LogModuleManager: Shutting down and abandoning module ActorPickerMode (500)
[2017.09.23-07.25.16:818][456]LogModuleManager: Shutting down and abandoning module GeometryMode (498)
[2017.09.23-07.25.16:818][456]LogModuleManager: Shutting down and abandoning module TextureAlignMode (496)
[2017.09.23-07.25.16:818][456]LogModuleManager: Shutting down and abandoning module BspMode (494)
[2017.09.23-07.25.16:818][456]LogModuleManager: Shutting down and abandoning module HardwareSurvey (492)
[2017.09.23-07.25.16:818][456]LogModuleManager: Shutting down and abandoning module SequenceRecorderSections (490)
[2017.09.23-07.25.16:818][456]LogModuleManager: Shutting down and abandoning module AutomationWorker (488)
[2017.09.23-07.25.16:818][456]LogModuleManager: Shutting down and abandoning module MatineeToLevelSequence (486)
[2017.09.23-07.25.16:818][456]LogModuleManager: Shutting down and abandoning module LevelSequenceEditor (484)
[2017.09.23-07.25.16:818][456]LogModuleManager: Shutting down and abandoning module PlacementMode (483)
[2017.09.23-07.25.16:818][456]LogModuleManager: Shutting down and abandoning module WmfMediaFactory (480)
[2017.09.23-07.25.16:819][456]LogModuleManager: Shutting down and abandoning module WmfMediaEditor (478)
[2017.09.23-07.25.16:819][456]LogModuleManager: Shutting down and abandoning module AvfMediaFactory (476)
[2017.09.23-07.25.16:819][456]LogModuleManager: Shutting down and abandoning module AvfMediaEditor (474)
[2017.09.23-07.25.16:819][456]LogModuleManager: Shutting down and abandoning module AndroidMediaFactory (472)
[2017.09.23-07.25.16:819][456]LogModuleManager: Shutting down and abandoning module Media (471)
[2017.09.23-07.25.16:819][456]LogModuleManager: Shutting down and abandoning module AndroidMediaEditor (468)
[2017.09.23-07.25.16:819][456]LogModuleManager: Shutting down and abandoning module CharacterAI (466)
[2017.09.23-07.25.16:819][456]LogModuleManager: Shutting down and abandoning module AudioCapture (464)
[2017.09.23-07.25.16:819][456]LogModuleManager: Shutting down and abandoning module SequenceRecorder (463)
[2017.09.23-07.25.16:819][456]LogModuleManager: Shutting down and abandoning module SmartSnapping (460)
[2017.09.23-07.25.16:819][456]LogModuleManager: Shutting down and abandoning module SessionServices (458)
[2017.09.23-07.25.16:819][456]LogModuleManager: Shutting down and abandoning module ViewportSnapping (456)
[2017.09.23-07.25.16:819][456]LogModuleManager: Shutting down and abandoning module ViewportInteraction (454)
[2017.09.23-07.25.16:819][456]LogModuleManager: Shutting down and abandoning module ClothPainter (452)
[2017.09.23-07.25.16:819][456]LogModuleManager: Shutting down and abandoning module LogVisualizer (450)
[2017.09.23-07.25.16:819][456]LogModuleManager: Shutting down and abandoning module IntroTutorials (448)
[2017.09.23-07.25.16:819][456]LogModuleManager: Shutting down and abandoning module GameProjectGeneration (447)
[2017.09.23-07.25.16:819][456]LogModuleManager: Shutting down and abandoning module EditorLiveStreaming (444)
[2017.09.23-07.25.16:819][456]LogModuleManager: Shutting down and abandoning module IOSPlatformEditor (442)
[2017.09.23-07.25.16:819][456]LogModuleManager: Shutting down and abandoning module HTML5PlatformEditor (440)
[2017.09.23-07.25.16:819][456]LogModuleManager: Shutting down and abandoning module AndroidPlatformEditor (438)
[2017.09.23-07.25.16:819][456]LogModuleManager: Shutting down and abandoning module AndroidDeviceDetection (437)
[2017.09.23-07.25.17:667][456]LogModuleManager: Shutting down and abandoning module IOSRuntimeSettings (434)
[2017.09.23-07.25.17:667][456]LogModuleManager: Shutting down and abandoning module AndroidRuntimeSettings (432)
[2017.09.23-07.25.17:667][456]LogModuleManager: Shutting down and abandoning module InputBindingEditor (430)
[2017.09.23-07.25.17:667][456]LogModuleManager: Shutting down and abandoning module MergeActors (428)
[2017.09.23-07.25.17:667][456]LogModuleManager: Shutting down and abandoning module SizeMap (426)
[2017.09.23-07.25.17:667][456]LogModuleManager: Shutting down and abandoning module TreeMap (424)
[2017.09.23-07.25.17:667][456]LogModuleManager: Shutting down and abandoning module ReferenceViewer (422)
[2017.09.23-07.25.17:667][456]LogModuleManager: Shutting down and abandoning module LocalizationDashboard (420)
[2017.09.23-07.25.17:667][456]LogModuleManager: Shutting down and abandoning module LocalizationService (419)
[2017.09.23-07.25.17:667][456]LogModuleManager: Shutting down and abandoning module HardwareTargeting (416)
[2017.09.23-07.25.17:667][456]LogModuleManager: Shutting down and abandoning module DeviceProfileEditor (414)
[2017.09.23-07.25.17:667][456]LogModuleManager: Shutting down and abandoning module UndoHistory (412)
[2017.09.23-07.25.17:667][456]LogModuleManager: Shutting down and abandoning module UserFeedback (410)
[2017.09.23-07.25.17:667][456]LogModuleManager: Shutting down and abandoning module XmlParser (408)
[2017.09.23-07.25.17:667][456]LogModuleManager: Shutting down and abandoning module Blutility (406)
[2017.09.23-07.25.17:667][456]LogModuleManager: Shutting down and abandoning module ProjectSettingsViewer (404)
[2017.09.23-07.25.17:667][456]LogModuleManager: Shutting down and abandoning module ProjectTargetPlatformEditor (403)
[2017.09.23-07.25.17:667][456]LogModuleManager: Shutting down and abandoning module EditorSettingsViewer (400)
[2017.09.23-07.25.17:667][456]LogModuleManager: Shutting down and abandoning module SettingsEditor (398)
[2017.09.23-07.25.17:667][456]LogModuleManager: Shutting down and abandoning module ProjectLauncher (396)
[2017.09.23-07.25.17:667][456]LogModuleManager: Shutting down and abandoning module SessionFrontend (394)
[2017.09.23-07.25.17:667][456]LogModuleManager: Shutting down and abandoning module ProfilerClient (392)
[2017.09.23-07.25.17:667][456]LogModuleManager: Shutting down and abandoning module DeviceManager (390)
[2017.09.23-07.25.17:667][456]LogModuleManager: Shutting down and abandoning module TargetDeviceServices (389)
[2017.09.23-07.25.17:723][456]LogModuleManager: Shutting down and abandoning module AutomationController (386)
[2017.09.23-07.25.17:723][456]LogModuleManager: Shutting down and abandoning module AutomationWindow (384)
[2017.09.23-07.25.17:723][456]LogModuleManager: Shutting down and abandoning module Layers (382)
[2017.09.23-07.25.17:723][456]LogModuleManager: Shutting down and abandoning module ComponentVisualizers (380)
[2017.09.23-07.25.17:723][456]LogModuleManager: Shutting down and abandoning module DetailCustomizations (378)
[2017.09.23-07.25.17:723][456]LogModuleManager: Shutting down and abandoning module PackagesDialog (376)
[2017.09.23-07.25.17:723][456]LogModuleManager: Shutting down and abandoning module Persona (374)
[2017.09.23-07.25.17:724][456]LogModuleManager: Shutting down and abandoning module AdvancedPreviewScene (373)
[2017.09.23-07.25.17:724][456]LogModuleManager: Shutting down and abandoning module AnimGraph (371)
[2017.09.23-07.25.17:724][456]LogModuleManager: Shutting down and abandoning module Kismet (368)
[2017.09.23-07.25.17:735][456]LogModuleManager: Shutting down and abandoning module ClassViewer (366)
[2017.09.23-07.25.17:735][456]LogModuleManager: Shutting down and abandoning module Toolbox (364)
[2017.09.23-07.25.17:735][456]LogModuleManager: Shutting down and abandoning module ModuleUI (362)
[2017.09.23-07.25.17:735][456]LogModuleManager: Shutting down and abandoning module MovieSceneTools (360)
[2017.09.23-07.25.17:735][456]LogModuleManager: Shutting down and abandoning module OutputLog (358)
[2017.09.23-07.25.17:735][456]LogModuleManager: Shutting down and abandoning module GammaUI (356)
[2017.09.23-07.25.17:735][456]LogModuleManager: Shutting down and abandoning module Documentation (354)
[2017.09.23-07.25.17:735][456]LogModuleManager: Shutting down and abandoning module MovieSceneTracks (352)
[2017.09.23-07.25.17:735][456]LogModuleManager: Shutting down and abandoning module MovieScene (350)
[2017.09.23-07.25.17:735][456]LogModuleManager: Shutting down and abandoning module Niagara (348)
[2017.09.23-07.25.17:735][456]LogModuleManager: Shutting down and abandoning module NiagaraEditor (347)
[2017.09.23-07.25.17:735][456]LogModuleManager: Shutting down and abandoning module StreamingPauseRendering (344)
[2017.09.23-07.25.17:735][456]LogModuleManager: Shutting down and abandoning module AnalyticsET (342)
[2017.09.23-07.25.17:735][456]LogModuleManager: Shutting down and abandoning module PortalServices (340)
[2017.09.23-07.25.17:735][456]LogModuleManager: Shutting down and abandoning module PortalRpc (338)
[2017.09.23-07.25.17:735][456]LogModuleManager: Shutting down and abandoning module MessagingRpc (336)
[2017.09.23-07.25.17:735][456]LogModuleManager: Shutting down and abandoning module AIModule (334)
[2017.09.23-07.25.17:735][456]LogModuleManager: Shutting down and abandoning module GameplayDebugger (333)
[2017.09.23-07.25.17:735][456]LogModuleManager: Shutting down and abandoning module AITestSuite (331)
[2017.09.23-07.25.17:735][456]LogModuleManager: Shutting down and abandoning module ProfilerService (328)
[2017.09.23-07.25.17:846][456]LogModuleManager: Shutting down and abandoning module TaskGraph (326)
[2017.09.23-07.25.17:847][456]LogModuleManager: Shutting down and abandoning module SteamVRController (324)
[2017.09.23-07.25.17:847][456]LogModuleManager: Shutting down and abandoning module SteamVR (322)
[2017.09.23-07.25.17:847][456]LogModuleManager: Shutting down and abandoning module ProceduralMeshComponentEditor (320)
[2017.09.23-07.25.17:847][456]LogModuleManager: Shutting down and abandoning module ProceduralMeshComponent (318)
[2017.09.23-07.25.17:847][456]LogModuleManager: Shutting down and abandoning module OculusLibrary (316)
[2017.09.23-07.25.17:847][456]LogModuleManager: Shutting down and abandoning module OculusInput (314)
[2017.09.23-07.25.17:847][456]LogModuleManager: Shutting down and abandoning module MobilePatchingUtils (312)
[2017.09.23-07.25.17:847][456]LogModuleManager: Shutting down and abandoning module CustomMeshComponent (310)
[2017.09.23-07.25.17:847][456]LogModuleManager: Shutting down and abandoning module CableComponent (308)
[2017.09.23-07.25.17:847][456]LogModuleManager: Shutting down and abandoning module ArchVisCharacter (306)
[2017.09.23-07.25.17:847][456]LogModuleManager: Shutting down and abandoning module AndroidPermission (304)
[2017.09.23-07.25.17:847][456]LogModuleManager: Shutting down and abandoning module MediaPlayerEditor (300)
[2017.09.23-07.25.17:847][456]LogModuleManager: Shutting down and abandoning module HTML5Networking (298)
[2017.09.23-07.25.17:847][456]LogModuleManager: Shutting down and abandoning module AlembicImporter (296)
[2017.09.23-07.25.17:847][456]LogModuleManager: Shutting down and abandoning module AlembicLibrary (295)
[2017.09.23-07.25.17:847][456]LogModuleManager: Shutting down and abandoning module GeometryCache (294)
[2017.09.23-07.25.17:847][456]LogModuleManager: Shutting down and abandoning module GeometryCacheEd (293)
[2017.09.23-07.25.17:847][456]LogModuleManager: Shutting down and abandoning module SuperSearchEditor (288)
[2017.09.23-07.25.17:847][456]LogModuleManager: Shutting down and abandoning module SuperSearch (287)
[2017.09.23-07.25.17:847][456]LogModuleManager: Shutting down and abandoning module SpeedTreeImporter (284)
[2017.09.23-07.25.17:847][456]LogModuleManager: Shutting down and abandoning module PluginBrowser (282)
[2017.09.23-07.25.17:847][456]LogModuleManager: Shutting down and abandoning module MobileLauncherProfileWizard (280)
[2017.09.23-07.25.17:847][456]LogModuleManager: Shutting down and abandoning module VisualStudioSourceCodeAccess (278)
[2017.09.23-07.25.17:847][456]LogModuleManager: Shutting down and abandoning module DesktopPlatform (277)
[2017.09.23-07.25.17:847][456]LogModuleManager: Shutting down and abandoning module UObjectPlugin (274)
[2017.09.23-07.25.17:847][456]LogModuleManager: Shutting down and abandoning module SubversionSourceControl (272)
[2017.09.23-07.25.17:847][456]LogModuleManager: Shutting down and abandoning module PerforceSourceControl (270)
[2017.09.23-07.25.17:847][456]LogModuleManager: Shutting down and abandoning module GitSourceControl (268)
[2017.09.23-07.25.17:847][456]LogModuleManager: Shutting down and abandoning module SourceControl (267)
[2017.09.23-07.25.17:849][456]LogModuleManager: Shutting down and abandoning module LightPropagationVolumeEditor (264)
[2017.09.23-07.25.17:849][456]LogModuleManager: Shutting down and abandoning module PaperTiledImporter (262)
[2017.09.23-07.25.17:849][456]LogModuleManager: Shutting down and abandoning module PaperSpriteSheetImporter (260)
[2017.09.23-07.25.17:849][456]LogModuleManager: Shutting down and abandoning module Paper2DEditor (258)
[2017.09.23-07.25.17:849][456]LogModuleManager: Shutting down and abandoning module MeshPaint (257)
[2017.09.23-07.25.17:850][456]LogModuleManager: Shutting down and abandoning module LevelEditor (255)
[2017.09.23-07.25.17:852][456]LogModuleManager: Shutting down and abandoning module PixelInspectorModule (254)
[2017.09.23-07.25.17:852][456]LogModuleManager: Shutting down and abandoning module MainFrame (252)
[2017.09.23-07.25.17:852][456]LogModuleManager: Shutting down and abandoning module HotReload (251)
[2017.09.23-07.25.17:853][456]LogModuleManager: Shutting down and abandoning module PhysXVehiclesEditor (246)
[2017.09.23-07.25.17:853][456]LogModuleManager: Shutting down and abandoning module PhysXVehicles (244)
[2017.09.23-07.25.17:853][456]LogModuleManager: Shutting down and abandoning module LocationServicesBPLibrary (242)
[2017.09.23-07.25.17:853][456]LogModuleManager: Shutting down and abandoning module ImmediatePhysicsEditor (240)
[2017.09.23-07.25.17:853][456]LogModuleManager: Shutting down and abandoning module ImmediatePhysics (238)
[2017.09.23-07.25.17:853][456]LogModuleManager: Shutting down and abandoning module UdpMessaging (236)
[2017.09.23-07.25.17:954][456]LogModuleManager: Shutting down and abandoning module TcpMessaging (234)
[2017.09.23-07.25.18:055][456]LogModuleManager: Shutting down and abandoning module GameplayTagsEditor (232)
[2017.09.23-07.25.18:055][456]LogModuleManager: Shutting down and abandoning module FacialAnimationEditor (230)
[2017.09.23-07.25.18:055][456]LogModuleManager: Shutting down and abandoning module FacialAnimation (228)
[2017.09.23-07.25.18:055][456]LogModuleManager: Shutting down and abandoning module AssetManagerEditor (226)
[2017.09.23-07.25.18:055][456]LogModuleManager: Shutting down and abandoning module GraphEditor (225)
[2017.09.23-07.25.18:055][456]LogModuleManager: Shutting down and abandoning module ContentBrowser (223)
[2017.09.23-07.25.18:056][456]LogModuleManager: Shutting down and abandoning module LightPropagationVolumeRuntime (220)
[2017.09.23-07.25.18:056][456]LogModuleManager: Shutting down and abandoning module Paper2D (218)
[2017.09.23-07.25.18:056][456]LogModuleManager: Shutting down and abandoning module WindowsMoviePlayer (216)
[2017.09.23-07.25.18:056][456]LogModuleManager: Shutting down and abandoning module WmfMedia (214)
[2017.09.23-07.25.18:056][456]LogModuleManager: Shutting down and abandoning module ClothingSystemEditor (212)
[2017.09.23-07.25.18:056][456]LogModuleManager: Shutting down and abandoning module ClothingSystemRuntime (210)
[2017.09.23-07.25.18:056][456]LogModuleManager: Shutting down and abandoning module MediaAssets (208)
[2017.09.23-07.25.18:056][456]LogModuleManager: Shutting down and abandoning module GameLiveStreaming (206)
[2017.09.23-07.25.18:056][456]LogModuleManager: Shutting down and abandoning module VREditor (204)
[2017.09.23-07.25.18:056][456]LogModuleManager: Shutting down and abandoning module StringTableEditor (202)
[2017.09.23-07.25.18:056][456]LogModuleManager: Shutting down and abandoning module GameplayTasksEditor (200)
[2017.09.23-07.25.18:056][456]LogModuleManager: Shutting down and abandoning module BehaviorTreeEditor (198)
[2017.09.23-07.25.18:056][456]LogModuleManager: Shutting down and abandoning module FunctionalTesting (196)
[2017.09.23-07.25.18:056][456]LogModuleManager: Shutting down and abandoning module CollisionAnalyzer (194)
[2017.09.23-07.25.18:056][456]LogModuleManager: Shutting down and abandoning module UMG (192)
[2017.09.23-07.25.18:056][456]LogModuleManager: Shutting down and abandoning module UMGEditor (191)
[2017.09.23-07.25.18:057][456]LogModuleManager: Shutting down and abandoning module Sequencer (190)
[2017.09.23-07.25.18:057][456]LogModuleManager: Shutting down and abandoning module AssetTools (188)
[2017.09.23-07.25.18:057][456]LogModuleManager: Shutting down and abandoning module MessageLog (187)
[2017.09.23-07.25.18:057][456]LogModuleManager: Shutting down and abandoning module WorkspaceMenuStructure (186)
[2017.09.23-07.25.18:057][456]LogModuleManager: Shutting down and abandoning module SlateReflector (180)
[2017.09.23-07.25.18:057][456]LogModuleManager: Shutting down and abandoning module Slate (178)
[2017.09.23-07.25.18:057][456]LogModuleManager: Shutting down and abandoning module EditorStyle (176)
[2017.09.23-07.25.18:060][456]LogModuleManager: Shutting down and abandoning module SourceCodeAccess (174)
[2017.09.23-07.25.18:060][456]LogModuleManager: Shutting down and abandoning module HeadMountedDisplay (172)
[2017.09.23-07.25.18:060][456]LogModuleManager: Shutting down and abandoning module XAudio2 (170)
[2017.09.23-07.25.18:060][456]LogModuleManager: Shutting down and abandoning module Networking (168)
[2017.09.23-07.25.18:060][456]LogModuleManager: Shutting down and abandoning module Core (164)
[2017.09.23-07.25.18:060][456]LogModuleManager: Shutting down and abandoning module AssetRegistry (162)
[2017.09.23-07.25.18:173][456]LogDirectoryWatcher: A directory notification for '../../../Engine/Content/' was aborted.
[2017.09.23-07.25.18:173][456]LogDirectoryWatcher: A directory notification for '../../../../../../Users/Steven Strickland/Documents/Unreal Projects/Ash/ProjectAsh/Ash/Content/' was aborted.
[2017.09.23-07.25.18:173][456]LogDirectoryWatcher: A directory notification for '../../../Engine/Plugins/2D/Paper2D/Content/' was aborted.
[2017.09.23-07.25.18:174][456]LogDirectoryWatcher: A directory notification for '../../../Engine/Plugins/Runtime/GearVR/Content/' was aborted.
[2017.09.23-07.25.18:176][456]LogModuleManager: Shutting down and abandoning module DirectoryWatcher (161)
[2017.09.23-07.25.18:177][456]LogModuleManager: Shutting down and abandoning module KismetCompiler (158)
[2017.09.23-07.25.18:177][456]LogModuleManager: Shutting down and abandoning module LevelSequence (156)
[2017.09.23-07.25.18:177][456]LogModuleManager: Shutting down and abandoning module PhysXFormats (154)
[2017.09.23-07.25.18:177][456]LogModuleManager: Shutting down and abandoning module MeshUtilities (152)
[2017.09.23-07.25.18:177][456]LogModuleManager: Shutting down and abandoning module SimplygonSwarm (151)
[2017.09.23-07.25.18:177][456]LogModuleManager: Shutting down and abandoning module SimplygonMeshReduction (149)
[2017.09.23-07.25.18:177][456]LogModuleManager: Shutting down and abandoning module QuadricMeshReduction (147)
[2017.09.23-07.25.18:177][456]LogModuleManager: Shutting down and abandoning module DerivedDataCache (144)
[2017.09.23-07.25.18:255][456]LogDerivedDataCache: Shutdown
[2017.09.23-07.25.18:255][456]LogModuleManager: Shutting down and abandoning module TargetPlatform (142)
[2017.09.23-07.25.18:255][456]LogModuleManager: Shutting down and abandoning module VulkanShaderFormat (141)
[2017.09.23-07.25.18:255][456]LogModuleManager: Shutting down and abandoning module ShaderFormatVectorVM (139)
[2017.09.23-07.25.18:255][456]LogModuleManager: Shutting down and abandoning module ShaderFormatOpenGL (137)
[2017.09.23-07.25.18:255][456]LogModuleManager: Shutting down and abandoning module ShaderFormatD3D (135)
[2017.09.23-07.25.18:255][456]LogModuleManager: Shutting down and abandoning module MetalShaderFormat (133)
[2017.09.23-07.25.18:255][456]LogModuleManager: Shutting down and abandoning module TextureFormatUncompressed (131)
[2017.09.23-07.25.18:255][456]LogModuleManager: Shutting down and abandoning module TextureFormatPVR (129)
[2017.09.23-07.25.18:255][456]LogModuleManager: Shutting down and abandoning module TextureFormatDXT (127)
[2017.09.23-07.25.18:255][456]LogModuleManager: Shutting down and abandoning module TextureFormatIntelISPCTexComp (125)
[2017.09.23-07.25.18:255][456]LogModuleManager: Shutting down and abandoning module TextureFormatASTC (123)
[2017.09.23-07.25.18:255][456]LogModuleManager: Shutting down and abandoning module ImageWrapper (122)
[2017.09.23-07.25.18:255][456]LogModuleManager: Shutting down and abandoning module TextureFormatAndroid (119)
[2017.09.23-07.25.18:255][456]LogModuleManager: Shutting down and abandoning module AudioFormatOpus (117)
[2017.09.23-07.25.18:255][456]LogModuleManager: Shutting down and abandoning module AudioFormatOgg (115)
[2017.09.23-07.25.18:255][456]LogModuleManager: Shutting down and abandoning module AudioFormatADPCM (113)
[2017.09.23-07.25.18:255][456]LogModuleManager: Shutting down and abandoning module LinuxTargetPlatform (111)
[2017.09.23-07.25.18:255][456]LogModuleManager: Shutting down and abandoning module LinuxServerTargetPlatform (109)
[2017.09.23-07.25.18:255][456]LogModuleManager: Shutting down and abandoning module LinuxNoEditorTargetPlatform (107)
[2017.09.23-07.25.18:255][456]LogModuleManager: Shutting down and abandoning module LinuxClientTargetPlatform (105)
[2017.09.23-07.25.18:255][456]LogModuleManager: Shutting down and abandoning module TVOSTargetPlatform (103)
[2017.09.23-07.25.18:255][456]LogModuleManager: Shutting down and abandoning module Messaging (101)
[2017.09.23-07.25.18:255][456]LogModuleManager: Shutting down and abandoning module IOSTargetPlatform (99)
[2017.09.23-07.25.18:255][456]LogModuleManager: Shutting down and abandoning module HTML5TargetPlatform (97)
[2017.09.23-07.25.18:255][456]LogModuleManager: Shutting down and abandoning module Android_PVRTCTargetPlatform (95)
[2017.09.23-07.25.18:255][456]LogModuleManager: Shutting down and abandoning module Android_MultiTargetPlatform (93)
[2017.09.23-07.25.18:255][456]LogModuleManager: Shutting down and abandoning module Android_ETC2TargetPlatform (91)
[2017.09.23-07.25.18:255][456]LogModuleManager: Shutting down and abandoning module Android_ETC1TargetPlatform (89)
[2017.09.23-07.25.18:255][456]LogModuleManager: Shutting down and abandoning module Android_DXTTargetPlatform (87)
[2017.09.23-07.25.18:255][456]LogModuleManager: Shutting down and abandoning module Android_ATCTargetPlatform (85)
[2017.09.23-07.25.18:255][456]LogModuleManager: Shutting down and abandoning module Android_ASTCTargetPlatform (83)
[2017.09.23-07.25.18:255][456]LogModuleManager: Shutting down and abandoning module AndroidTargetPlatform (81)
[2017.09.23-07.25.18:255][456]LogModuleManager: Shutting down and abandoning module WindowsTargetPlatform (79)
[2017.09.23-07.25.18:255][456]LogModuleManager: Shutting down and abandoning module WindowsServerTargetPlatform (77)
[2017.09.23-07.25.18:255][456]LogModuleManager: Shutting down and abandoning module WindowsNoEditorTargetPlatform (75)
[2017.09.23-07.25.18:255][456]LogModuleManager: Shutting down and abandoning module WindowsClientTargetPlatform (73)
[2017.09.23-07.25.18:255][456]LogModuleManager: Shutting down and abandoning module MacTargetPlatform (71)
[2017.09.23-07.25.18:255][456]LogModuleManager: Shutting down and abandoning module MacServerTargetPlatform (69)
[2017.09.23-07.25.18:255][456]LogModuleManager: Shutting down and abandoning module MacNoEditorTargetPlatform (67)
[2017.09.23-07.25.18:256][456]LogModuleManager: Shutting down and abandoning module MacClientTargetPlatform (65)
[2017.09.23-07.25.18:256][456]LogModuleManager: Shutting down and abandoning module AllDesktopTargetPlatform (63)
[2017.09.23-07.25.18:256][456]LogModuleManager: Shutting down and abandoning module InputCore (60)
[2017.09.23-07.25.18:256][456]LogModuleManager: Shutting down and abandoning module Settings (58)
[2017.09.23-07.25.18:256][456]LogModuleManager: Shutting down and abandoning module OculusRift (56)
[2017.09.23-07.25.18:256][456]LogModuleManager: Shutting down and abandoning module GearVRController (54)
[2017.09.23-07.25.18:256][456]LogModuleManager: Shutting down and abandoning module GearVR (52)
[2017.09.23-07.25.18:256][456]LogModuleManager: Shutting down and abandoning module ExampleDeviceProfileSelector (50)
[2017.09.23-07.25.18:256][456]LogModuleManager: Shutting down and abandoning module OnlineBlueprintSupport (48)
[2017.09.23-07.25.18:256][456]LogModuleManager: Shutting down and abandoning module OnlineSubsystem (44)
[2017.09.23-07.25.18:256][456]LogOnline:Display: Unloading online subsystem: NULL
[2017.09.23-07.25.18:256][456]LogModuleManager: Shutting down and abandoning module XMPP (43)
[2017.09.23-07.25.18:256][456]LogModuleManager: Shutting down and abandoning module HTTP (41)
[2017.09.23-07.25.18:256][456]LogHttp:Display: Http module shutting down, but needs to wait on 1 outstanding Http requests:
[2017.09.23-07.25.18:256][456]LogHttp:Display: 	verb=[POST] url=[https://datarouter.ol.epicgames.com/datarouter/api/v1/public/data?SessionID=%7B3E60D194-45CB-045F-CC2E-1B93B18255F3%7D&AppID=UEEditor.Rocket.Release&AppVersion=4.16.3-3561208%2B%2B%2BUE4%2BRelease-4.16&UserID=b9e0a5c2435513d8cdcfba8648e6a88e%7C33336809e4254718a694332757556024%7C9efe7657-a898-4e35-806e-0d10025ecaa9&AppEnvironment=datacollector-binary&UploadType=eteventstream] status=Processing
[2017.09.23-07.25.18:285][456]LogModuleManager: Shutting down and abandoning module SSL (40)
[2017.09.23-07.25.18:286][456]LogModuleManager: Shutting down and abandoning module HTTPChunkInstaller (36)
[2017.09.23-07.25.18:286][456]LogModuleManager: Shutting down and abandoning module AnimationModifiers (34)
[2017.09.23-07.25.18:287][456]LogModuleManager: Shutting down and abandoning module PropertyEditor (33)
[2017.09.23-07.25.18:287][456]LogModuleManager: Shutting down and abandoning module AudioEditor (30)
[2017.09.23-07.25.18:287][456]LogModuleManager: Shutting down and abandoning module TextureCompressor (28)
[2017.09.23-07.25.18:287][456]LogModuleManager: Shutting down and abandoning module ShaderCore (26)
[2017.09.23-07.25.18:287][456]LogModuleManager: Shutting down and abandoning module Landscape (24)
[2017.09.23-07.25.18:287][456]LogModuleManager: Shutting down and abandoning module SlateRHIRenderer (22)
[2017.09.23-07.25.18:288][456]LogModuleManager: Shutting down and abandoning module OpenGLDrv (20)
[2017.09.23-07.25.18:288][456]LogModuleManager: Shutting down and abandoning module D3D11RHI (18)
[2017.09.23-07.25.18:288][456]LogModuleManager: Shutting down and abandoning module AnimGraphRuntime (16)
[2017.09.23-07.25.18:288][456]LogModuleManager: Shutting down and abandoning module Renderer (14)
[2017.09.23-07.25.18:288][456]LogModuleManager: Shutting down and abandoning module Engine (12)
[2017.09.23-07.25.18:288][456]LogModuleManager: Shutting down and abandoning module CoreUObject (10)
[2017.09.23-07.25.18:288][456]LogModuleManager: Shutting down and abandoning module NetworkFile (8)
[2017.09.23-07.25.18:288][456]LogModuleManager: Shutting down and abandoning module StreamingFile (6)
[2017.09.23-07.25.18:288][456]LogModuleManager: Shutting down and abandoning module SandboxFile (4)
[2017.09.23-07.25.18:288][456]LogModuleManager: Shutting down and abandoning module PakFile (2)
[2017.09.23-07.25.18:291][456]LogExit: Exiting.
[2017.09.23-07.25.18:309][456]Log file closed, 09/23/17 00:25:18
