Log file open, 08/23/17 13:21:51
LogInit:Display: Running engine for game: Ash
LogPlatformFile: Not using cached read wrapper
LogInit:Display: RandInit(1675753907) SRandInit(1675753907).
LogTaskGraph: Started task graph with 5 named threads and 8 total threads with 1 sets of task threads.
LogStats: Stats thread started at 0.105958
LogInit: Using libcurl 7.47.1
LogInit:  - built for x86_64-pc-win32
LogInit:  - supports SSL with OpenSSL/1.0.2g
LogInit:  - supports HTTP deflate (compression) using libz 1.2.8
LogInit:  - other features:
LogInit:      CURL_VERSION_SSL
LogInit:      CURL_VERSION_LIBZ
LogInit:      CURL_VERSION_IPV6
LogInit:      CURL_VERSION_ASYNCHDNS
LogInit:      CURL_VERSION_LARGEFILE
LogInit:      CURL_VERSION_IDN
LogInit:  CurlRequestOptions (configurable via config and command line):
LogInit:  - bVerifyPeer = false  - Libcurl will NOT verify peer certificate
LogInit:  - bUseHttpProxy = false  - Libcurl will NOT use HTTP proxy
LogInit:  - bDontReuseConnections = false  - Libcurl will reuse connections
LogInit:  - CertBundlePath = nullptr  - Libcurl will use whatever was configured at build time.
LogInit: Build: ++UE4+Release-4.16-CL-3561208
LogInit: Engine Version: 4.16.3-3561208+++UE4+Release-4.16
LogInit: Compatible Engine Version: 4.16.0-3452394+++UE4+Release-4.16
LogInit: Net CL: 3452394
LogDevObjectVersion: Number of dev versions registered: 16
LogDevObjectVersion:   Dev-Blueprints (B0D832E4-1F89-4F0D-ACCF-7EB736FD4AA2): 9
LogDevObjectVersion:   Dev-Build (E1C64328-A22C-4D53-A36C-8E866417BD8C): 0
LogDevObjectVersion:   Dev-Core (375EC13C-06E4-48FB-B500-84F0262A717E): 2
LogDevObjectVersion:   Dev-Editor (E4B068ED-F494-42E9-A231-DA0B2E46BB41): 17
LogDevObjectVersion:   Dev-Framework (CFFC743F-43B0-4480-9391-14DF171D2073): 23
LogDevObjectVersion:   Dev-Mobile (B02B49B5-BB20-44E9-A304-32B752E40360): 0
LogDevObjectVersion:   Dev-Networking (A4E4105C-59A1-49B5-A7C5-40C4547EDFEE): 0
LogDevObjectVersion:   Dev-Online (39C831C9-5AE6-47DC-9A44-9C173E1C8E7C): 0
LogDevObjectVersion:   Dev-Physics (78F01B33-EBEA-4F98-B9B4-84EACCB95AA2): 0
LogDevObjectVersion:   Dev-Platform (6631380F-2D4D-43E0-8009-CF276956A95A): 0
LogDevObjectVersion:   Dev-Rendering (12F88B9F-8875-4AFC-A67C-D90C383ABD29): 15
LogDevObjectVersion:   Dev-Sequencer (7B5AE74C-D270-4C10-A958-57980B212A5A): 4
LogDevObjectVersion:   Dev-VR (D7296918-1DD6-4BDD-9DE2-64A83CC13884): 0
LogDevObjectVersion:   Dev-LoadTimes (C2A15278-BFE7-4AFE-6C17-90FF531DF755): 1
LogDevObjectVersion:   Private-Geometry (6EACA3D4-40EC-4CC1-B786-8BED09428FC5): 1
LogDevObjectVersion:   Dev-AnimPhys (29E575DD-E0A3-4627-9D10-D276232CDCEA): 3
LogInit: Compiled (64-bit): Jul 28 2017 11:49:47
LogInit: Compiled with Visual C++: 19.00.24215.01
LogInit: Build Configuration: Development
LogInit: Branch Name: ++UE4+Release-4.16
LogInit: Command line: -EpicPortal 
LogInit: Base directory: C:/Program Files/Epic Games/UE_4.16/Engine/Binaries/Win64/
LogInit: Installed Engine Build: 1
LogInit: Presizing for max 8388607 objects, including 0 objects not considered by GC, pre-allocating 0 bytes for permanent pool.
LogInit: Object subsystem initialized
[2017.08.23-20.21.52:435][  0]LogInit: Selected Device Profile: [Windows]
[2017.08.23-20.21.52:435][  0]LogInit: Applying CVar settings loaded from the selected device profile: [Windows]
[2017.08.23-20.21.52:449][  0]LogInit: Computer: DESKTOP-HKS75NM
[2017.08.23-20.21.52:449][  0]LogInit: User: StevenStrickland
[2017.08.23-20.21.52:449][  0]LogInit: CPU Page size=4096, Cores=4
[2017.08.23-20.21.52:449][  0]LogInit: High frequency timer resolution =3.924237 MHz
[2017.08.23-20.21.52:450][  0]LogMemory: Memory total: Physical=16.0GB (16GB approx)
[2017.08.23-20.21.52:450][  0]LogMemory: Platform Memory Stats for Windows
[2017.08.23-20.21.52:450][  0]LogMemory: Process Physical Memory: 274.12 MB used, 274.12 MB peak
[2017.08.23-20.21.52:450][  0]LogMemory: Process Virtual Memory: 262.91 MB used, 262.91 MB peak
[2017.08.23-20.21.52:450][  0]LogMemory: Physical Memory: 6324.93 MB used,  10023.70 MB free, 16348.63 MB total
[2017.08.23-20.21.52:450][  0]LogMemory: Virtual Memory: 645.09 MB used,  10023.70 MB free, 134217728.00 MB total
[2017.08.23-20.21.52:566][  0]LogInit: Using OS detected language (en-US).
[2017.08.23-20.21.52:566][  0]LogInit: Using OS detected locale (en-US).
[2017.08.23-20.21.52:570][  0]LogTextLocalizationManager: No specific localization for 'en-US' exists, so the 'en' localization will be used.
[2017.08.23-20.21.53:703][  0]LogD3D11RHI: D3D11 adapters:
[2017.08.23-20.21.54:233][  0]LogD3D11RHI:    0. 'NVIDIA GeForce GTX 980' (Feature Level 11_0)
[2017.08.23-20.21.54:233][  0]LogD3D11RHI:       4060/0/8174 MB DedicatedVideo/DedicatedSystem/SharedSystem, Outputs:2, VendorId:0x10de
[2017.08.23-20.21.54:235][  0]LogD3D11RHI:    1. 'Microsoft Basic Render Driver' (Feature Level 11_0)
[2017.08.23-20.21.54:235][  0]LogD3D11RHI:       0/0/8174 MB DedicatedVideo/DedicatedSystem/SharedSystem, Outputs:0, VendorId:0x1414
[2017.08.23-20.21.54:235][  0]LogD3D11RHI: Chosen D3D11 Adapter: 0
[2017.08.23-20.21.54:244][  0]LogD3D11RHI: Creating new Direct3DDevice
[2017.08.23-20.21.54:244][  0]LogD3D11RHI:     GPU DeviceId: 0x13c0 (for the marketing name, search the web for "GPU Device Id")
[2017.08.23-20.21.54:244][  0]LogWindows: EnumDisplayDevices:
[2017.08.23-20.21.54:244][  0]LogWindows:    0. 'NVIDIA GeForce GTX 980' (P:0 D:1)
[2017.08.23-20.21.54:244][  0]LogWindows:    1. 'NVIDIA GeForce GTX 980' (P:1 D:1)
[2017.08.23-20.21.54:245][  0]LogWindows:    2. 'NVIDIA GeForce GTX 980' (P:0 D:0)
[2017.08.23-20.21.54:245][  0]LogWindows:    3. 'NVIDIA GeForce GTX 980' (P:0 D:0)
[2017.08.23-20.21.54:245][  0]LogWindows: DebugString: FoundDriverCount:4 
[2017.08.23-20.21.54:245][  0]LogD3D11RHI:     Adapter Name: NVIDIA GeForce GTX 980
[2017.08.23-20.21.54:245][  0]LogD3D11RHI:   Driver Version: 382.53 (internal:22.21.13.8253, unified:382.53)
[2017.08.23-20.21.54:245][  0]LogD3D11RHI:      Driver Date: 6-7-2017
[2017.08.23-20.21.54:245][  0]LogRHI: Texture pool is 1361 MB (70% of 1945 MB)
[2017.08.23-20.21.54:749][  0]LogD3D11RHI: Async texture creation enabled
[2017.08.23-20.21.54:793][  0]LogD3D11RHI: GPU Timing Frequency: 1000.000000 (Debug: 2 1)
[2017.08.23-20.21.54:845][  0]LogShaderCompilers: Guid format shader working directory is -24 characters bigger than the processId version (../../../../../../Users/Steven Strickland/Documents/Unreal Projects/ProjectAsh/Ash/Intermediate/Shaders/WorkingDirectory/3936/).
[2017.08.23-20.21.54:845][  0]LogShaderCompilers: Cleaned the shader compiler working directory 'C:/Users/Steven Strickland/AppData/Local/Temp/UnrealShaderWorkingDir/C268722545B1832DF41E25A42710CBF0/'.
[2017.08.23-20.21.54:845][  0]LogShaderCompilers:Display: Using Local Shader Compiler.
[2017.08.23-20.21.56:348][  0]LogTemp:Display: Loaded TP AllDesktopTargetPlatform
[2017.08.23-20.21.56:428][  0]LogTemp:Display: Loaded TP MacClientTargetPlatform
[2017.08.23-20.21.56:509][  0]LogTemp:Display: Loaded TP MacNoEditorTargetPlatform
[2017.08.23-20.21.56:589][  0]LogTemp:Display: Loaded TP MacServerTargetPlatform
[2017.08.23-20.21.56:669][  0]LogTemp:Display: Loaded TP MacTargetPlatform
[2017.08.23-20.21.56:749][  0]LogTemp:Display: Loaded TP WindowsClientTargetPlatform
[2017.08.23-20.21.56:833][  0]LogTemp:Display: Loaded TP WindowsNoEditorTargetPlatform
[2017.08.23-20.21.56:915][  0]LogTemp:Display: Loaded TP WindowsServerTargetPlatform
[2017.08.23-20.21.56:986][  0]LogTemp:Display: Loaded TP WindowsTargetPlatform
[2017.08.23-20.21.57:064][  0]LogTemp:Display: Loaded TP AndroidTargetPlatform
[2017.08.23-20.21.57:146][  0]LogTemp:Display: Loaded TP Android_ASTCTargetPlatform
[2017.08.23-20.21.57:226][  0]LogTemp:Display: Loaded TP Android_ATCTargetPlatform
[2017.08.23-20.21.57:306][  0]LogTemp:Display: Loaded TP Android_DXTTargetPlatform
[2017.08.23-20.21.57:385][  0]LogTemp:Display: Loaded TP Android_ETC1TargetPlatform
[2017.08.23-20.21.57:464][  0]LogTemp:Display: Loaded TP Android_ETC2TargetPlatform
[2017.08.23-20.21.57:624][  0]LogTemp:Display: Loaded TP Android_MultiTargetPlatform
[2017.08.23-20.21.57:624][  0]LogTemp:Display: Loaded TP Android_PVRTCTargetPlatform
[2017.08.23-20.21.57:688][  0]LogTemp:Display: Loaded TP HTML5TargetPlatform
[2017.08.23-20.21.57:825][  0]LogTemp:Display: Loaded TP IOSTargetPlatform
[2017.08.23-20.21.57:873][  0]LogTemp:Display: Loaded TP TVOSTargetPlatform
[2017.08.23-20.21.57:951][  0]LogTemp:Display: Loaded TP LinuxClientTargetPlatform
[2017.08.23-20.21.58:031][  0]LogTemp:Display: Loaded TP LinuxNoEditorTargetPlatform
[2017.08.23-20.21.58:111][  0]LogTemp:Display: Loaded TP LinuxServerTargetPlatform
[2017.08.23-20.21.58:190][  0]LogTemp:Display: Loaded TP LinuxTargetPlatform
[2017.08.23-20.21.58:190][  0]LogTargetPlatformManager:Display: Building Assets For Windows
[2017.08.23-20.21.59:002][  0]LogDerivedDataCache:Display: Max Cache Size: 512 MB
[2017.08.23-20.21.59:165][  0]LogDerivedDataCache: Loaded boot cache 0.16s 90MB C:/Users/Steven Strickland/AppData/Local/UnrealEngine/4.16/DerivedDataCache/Boot.ddc.
[2017.08.23-20.21.59:165][  0]LogDerivedDataCache:Display: Loaded Boot cache: C:/Users/Steven Strickland/AppData/Local/UnrealEngine/4.16/DerivedDataCache/Boot.ddc
[2017.08.23-20.21.59:165][  0]LogDerivedDataCache: FDerivedDataBackendGraph:  Pak pak cache file ../../../../../../Users/Steven Strickland/Documents/Unreal Projects/ProjectAsh/Ash/DerivedDataCache/DDC.ddp not found, will not use a pak cache.
[2017.08.23-20.21.59:165][  0]LogDerivedDataCache: Unable to find inner node Pak for hierarchical cache Hierarchy.
[2017.08.23-20.21.59:165][  0]LogDerivedDataCache: FDerivedDataBackendGraph:  CompressedPak pak cache file ../../../../../../Users/Steven Strickland/Documents/Unreal Projects/ProjectAsh/Ash/DerivedDataCache/Compressed.ddp not found, will not use a pak cache.
[2017.08.23-20.21.59:165][  0]LogDerivedDataCache: Unable to find inner node CompressedPak for hierarchical cache Hierarchy.
[2017.08.23-20.21.59:186][  0]LogDerivedDataCache:Display: Pak cache opened for reading ../../../Engine/DerivedDataCache/Compressed.ddp.
[2017.08.23-20.21.59:198][  0]LogDerivedDataCache: Using Local data cache path C:/Users/Steven Strickland/AppData/Local/UnrealEngine/Common/DerivedDataCache: Writable
[2017.08.23-20.21.59:214][  0]LogMaterial: Verifying Global Shaders for PCD3D_SM5
[2017.08.23-20.21.59:214][  0]LogSlate: Using Freetype 2.6.0
[2017.08.23-20.21.59:215][  0]LogSlate: SlateFontCache - WITH_FREETYPE: 1, WITH_HARFBUZZ: 1
[2017.08.23-20.21.59:215][  0]LogSlate: SlateFontCache - WITH_FREETYPE: 1, WITH_HARFBUZZ: 1
[2017.08.23-20.21.59:653][  0]LogInit: Selected Device Profile: [Windows]
[2017.08.23-20.21.59:769][  0]LogContentStreaming: Texture pool size is 0.00 MB
[2017.08.23-20.21.59:993][  0]LogMeshUtilities: Using QuadricMeshReduction for automatic static mesh reduction
[2017.08.23-20.22.00:066][  0]LogSimplygon: Simplygon DLL not present - disabling.
[2017.08.23-20.22.00:143][  0]LogMeshUtilities: Using SimplygonSwarm for distributed automatic mesh merging
[2017.08.23-20.22.00:143][  0]LogMeshUtilities: No automatic skeletal mesh reduction module available
[2017.08.23-20.22.00:143][  0]LogMeshUtilities: No automatic mesh merging module available
[2017.08.23-20.22.00:939][  0]LogNetVersion: Ash , NetCL: 3452394, EngineNetVer: 2, GameNetVer: 0 (Checksum: 1656355737)
[2017.08.23-20.22.01:020][  0]LogAssetRegistry: FAssetRegistry took 0.0267 seconds to start up
[2017.08.23-20.22.01:108][  0]LogPackageLocalizationCache: Processed 4 localized package path(s) for 2 prioritized culture(s) in 0.045095 seconds
[2017.08.23-20.22.01:115][  0]LogUObjectArray: 34194 objects as part of root set at end of initial load.
[2017.08.23-20.22.01:115][  0]LogUObjectAllocator: 7260416 out of 0 bytes used by permanent object pool.
[2017.08.23-20.22.01:115][  0]LogUObjectArray: CloseDisregardForGC: 0/0 objects in disregard for GC pool
[2017.08.23-20.22.01:240][  0]LogInit: WinSock: version 1.1 (2.2), MaxSocks=32767, MaxUdp=65467
[2017.08.23-20.22.04:942][  0]LogTcpMessaging: Initializing TcpMessaging bridge
[2017.08.23-20.22.05:013][  0]LogUdpMessaging: Initializing bridge on interface 0.0.0.0:0 to multicast group 230.0.0.1:6666.
[2017.08.23-20.22.05:799][  0]LogMaterial: Uniform references updated for custom material expression Custom.
[2017.08.23-20.22.06:398][  0]SourceControl: Info Source control is disabled
[2017.08.23-20.22.06:443][  0]SourceControl: Info Source control is disabled
[2017.08.23-20.22.06:520][  0]SourceControl: Info Source control is disabled
[2017.08.23-20.22.06:595][  0]SourceControl: Info Source control is disabled
[2017.08.23-20.22.07:672][  0]LogAndroidPermission: UAndroidPermissionCallbackProxy::GetInstance
[2017.08.23-20.22.08:598][  0]LogEngine: Initializing Engine...
[2017.08.23-20.22.08:599][  0]LogHMD: Failed to initialize OpenVR with code 110
[2017.08.23-20.22.08:870][  0]LogStats: UGameplayTagsManager::ConstructGameplayTagTree: Construct from data asset -  0.000 s
[2017.08.23-20.22.08:870][  0]LogStats: UGameplayTagsManager::ConstructGameplayTagTree: GameplayTagTreeChangedEvent.Broadcast -  0.000 s
[2017.08.23-20.22.09:071][  0]LogAIModule: Creating AISystem for world Untitled
[2017.08.23-20.22.09:089][  0]LogInit: XAudio2 using 'G257HU-4 (NVIDIA High Definition Audio)' : 2 channels at 48 kHz using 16 bits per sample (channel mask 0x3)
[2017.08.23-20.22.09:103][  0]LogInit: FAudioDevice initialized.
[2017.08.23-20.22.09:176][  0]LogDerivedDataCache: Saved boot cache 0.07s 90MB C:/Users/Steven Strickland/AppData/Local/UnrealEngine/4.16/DerivedDataCache/Boot.ddc.
[2017.08.23-20.22.09:208][  0]LogInit: Texture streaming: Enabled
[2017.08.23-20.22.09:372][  0]LogEngineSessionManager: EngineSessionManager initialized
[2017.08.23-20.22.09:727][  0]LogInit: Transaction tracking system initialized
[2017.08.23-20.22.10:237][  0]BlueprintLog: New page: Editor Load
[2017.08.23-20.22.11:839][  0]LocalizationService: Info Localization service is disabled
[2017.08.23-20.22.12:951][  0]LogConsoleResponse:Display: 
[2017.08.23-20.22.13:134][  0]LogFileCache: Scanning file cache for directory 'C:/Users/Steven Strickland/Documents/Unreal Projects/ProjectAsh/Ash/Content/' took 0.01s
[2017.08.23-20.22.13:134][  0]LogCook:Display: Max memory allowance for cook 16384mb min free memory 0mb
[2017.08.23-20.22.13:134][  0]LogCook:Display: Mobile HDR setting 1
[2017.08.23-20.22.14:792][  0]SourceControl: Info Source control is disabled
[2017.08.23-20.22.14:792][  0]Cmd: MAP LOAD FILE="../../../Engine/Content/Maps/Templates/Template_Default.umap" TEMPLATE=1 SHOWPROGRESS=1 FEATURELEVEL=3
[2017.08.23-20.22.14:793][  0]LightingResults: New page: Lighting Build
[2017.08.23-20.22.14:862][  0]MapCheck: New page: Map Check
[2017.08.23-20.22.14:862][  0]LightingResults: New page: Lighting Build
[2017.08.23-20.22.15:151][  0]LogAIModule: Creating AISystem for world Untitled_1
[2017.08.23-20.22.15:152][  0]LogActorComponent: RegisterComponentWithWorld: (/Temp/Untitled_1.Untitled_1:PersistentLevel.WorldSettings_1.StaticMeshComponent0) Trying to register component with IsPendingKill() == true. Aborting.
[2017.08.23-20.22.15:157][  0]LogEditorServer: Finished looking for orphan Actors (0.000 secs)
[2017.08.23-20.22.15:179][  0]Cmd: MAP CHECKDEP NOCLEARLOG
[2017.08.23-20.22.15:246][  0]MapCheck: Info Map check complete: 0 Error(s), 0 Warning(s), took 67.311ms to complete.
[2017.08.23-20.22.15:246][  0]LogFileHelpers: Loading map 'Template_Default' took 0.454
[2017.08.23-20.22.15:449][  0]LogCollectionManager: Loaded 0 collections in 0.001621 seconds
[2017.08.23-20.22.15:573][  0]LogFileCache: Scanning file cache for directory 'C:/Users/Steven Strickland/Documents/Unreal Projects/ProjectAsh/Ash/Saved/Collections/' took 0.01s
[2017.08.23-20.22.15:573][  0]LogFileCache: Scanning file cache for directory 'C:/Users/Steven Strickland/Documents/Unreal Projects/ProjectAsh/Ash/Content/Developers/StevenStrickland/Collections/' took 0.01s
[2017.08.23-20.22.15:573][  0]LogFileCache: Scanning file cache for directory 'C:/Users/Steven Strickland/Documents/Unreal Projects/ProjectAsh/Ash/Content/Collections/' took 0.01s
[2017.08.23-20.22.15:573][  0]LogCollectionManager: Rebuilt the GUID cache for 0 collections in 0.000002 seconds
[2017.08.23-20.22.15:587][  0]LogContentBrowser: Native class hierarchy populated in 0.0146 seconds. Added 2329 classes and 491 folders.
[2017.08.23-20.22.15:697][  0]LogContentBrowser: Native class hierarchy updated for 'WidgetCarousel' in 0.0008 seconds. Added 0 classes and 0 folders.
[2017.08.23-20.22.15:747][  0]LogContentBrowser: Native class hierarchy updated for 'AddContentDialog' in 0.0007 seconds. Added 0 classes and 0 folders.
[2017.08.23-20.22.15:816][  0]LogContentBrowser: Native class hierarchy updated for 'SceneOutliner' in 0.0007 seconds. Added 1 classes and 2 folders.
[2017.08.23-20.22.15:875][  0]LogCrashTracker: Crashtracker disabled due to settings.
[2017.08.23-20.22.15:882][  0]LogSlate: Took 0.000501 seconds to synchronously load lazily loaded font '../../../Engine/Content/Slate/Fonts/Roboto-Regular.ttf' (155K)
[2017.08.23-20.22.15:885][  0]LogSlate: Took 0.000330 seconds to synchronously load lazily loaded font '../../../Engine/Content/Slate/Fonts/Roboto-Bold.ttf' (160K)
[2017.08.23-20.22.15:892][  0]LogSlate: Took 0.000516 seconds to synchronously load lazily loaded font '../../../Engine/Content/Editor/Slate/Fonts/FontAwesome.ttf' (139K)
[2017.08.23-20.22.16:028][  0]LogRenderer: Reallocating scene render targets to support 1616x808 NumSamples 1 (Frame:1).
[2017.08.23-20.22.16:206][  0]LogUObjectGlobals:Warning: Failed to find object 'Class None.'
[2017.08.23-20.22.16:301][  0]LogContentBrowser: Native class hierarchy updated for 'HierarchicalLODOutliner' in 0.0008 seconds. Added 1 classes and 2 folders.
[2017.08.23-20.22.16:301][  0]LogLoad: (Engine Initialization) Total time: 26.05 seconds
[2017.08.23-20.22.16:301][  0]LogLoad: (Engine Initialization) Total Blueprint compile time: 0.13 seconds
[2017.08.23-20.22.16:301][  0]LogExternalProfiler: No external profilers were discovered.  External profiling features will not be available.
[2017.08.23-20.22.16:314][  0]LogWindowsTextInputMethodSystem:Display: IME system now deactivated.
[2017.08.23-20.22.16:315][  0]LogOcInput: OculusInput pre-init called
[2017.08.23-20.22.16:315][  0]LogHMD: Starting GearVRController plugin
[2017.08.23-20.22.16:340][  0]LogContentStreaming: Texture pool size now 1000 MB
[2017.08.23-20.22.16:390][  1]LogAssetRegistry: Asset discovery search completed in 15.3913 seconds
[2017.08.23-20.22.16:392][  1]LogCollectionManager: Rebuilt the object cache for 0 collections in 0.000001 seconds (found 0 objects)
[2017.08.23-20.22.16:392][  1]LogCollectionManager: Fixed up redirectors for 0 collections in 0.000026 seconds (updated 0 objects)
[2017.08.23-20.22.27:876][760]LogSlate: Took 0.000257 seconds to synchronously load lazily loaded font '../../../Engine/Content/Slate/Fonts/Roboto-Light.ttf' (159K)
[2017.08.23-20.22.27:895][760]LogFactory: FactoryCreateFile: StaticMesh with FbxFactory (0 0 ../../../../../../Users/Steven Strickland/Documents/Unreal Projects/sector.fbx)
[2017.08.23-20.22.27:913][760]LogFbx: ItemName: GlobalSettings, ItemCount : 1
[2017.08.23-20.22.27:913][760]LogFbx: ItemName: AnimationStack, ItemCount : 1
[2017.08.23-20.22.27:913][760]LogFbx: ItemName: AnimationLayer, ItemCount : 1
[2017.08.23-20.22.27:913][760]LogFbx: ItemName: Model, ItemCount : 8
[2017.08.23-20.22.27:913][760]LogFbx: ItemName: NodeAttribute, ItemCount : 1
[2017.08.23-20.22.27:913][760]LogFbx: ItemName: Geometry, ItemCount : 2
[2017.08.23-20.22.27:913][760]LogFbx: ItemName: Material, ItemCount : 2
[2017.08.23-20.22.27:921][760]LogFbx: Loading FBX Scene from ../../../../../../Users/Steven Strickland/Documents/Unreal Projects/sector.fbx
[2017.08.23-20.22.27:938][760]LogFbx: FBX Scene Loaded Succesfully
[2017.08.23-20.22.42:552][760]LogFbx: Loading FBX Scene from ../../../../../../Users/Steven Strickland/Documents/Unreal Projects/sector.fbx
[2017.08.23-20.22.42:564][760]LogFbx: FBX Scene Loaded Succesfully
[2017.08.23-20.22.42:570][760]LogLinker: Can't find file '/Game/DefaultMaterial'
[2017.08.23-20.22.42:570][760]LogLinker: Can't find file '/Game/DefaultMaterial'
[2017.08.23-20.22.42:576][760]LogMaterial: Missing cached shader map for material DefaultMaterial, compiling. 
[2017.08.23-20.22.42:621][760]LogStaticMesh: Building static mesh sector_Floor...
[2017.08.23-20.22.42:631][760]LogStaticMesh: Built static mesh [0.01s] /Game/sector_Floor.sector_Floor
[2017.08.23-20.22.42:642][760]LogLinker: Can't find file '/Game/M_Sky_Panning_Clouds2'
[2017.08.23-20.22.42:642][760]LogLinker: Can't find file '/Game/M_Sky_Panning_Clouds2'
[2017.08.23-20.22.42:649][760]LogMaterial: Missing cached shader map for material M_Sky_Panning_Clouds2, compiling. 
[2017.08.23-20.22.42:679][760]LogStaticMesh: Building static mesh sector_SkySphere...
[2017.08.23-20.22.42:737][760]LogStaticMesh: Built static mesh [0.06s] /Game/sector_SkySphere.sector_SkySphere
[2017.08.23-20.22.42:768][760]FBXImport:Warning: Warning No smoothing group information was found in this FBX scene.  Please make sure to enable the 'Export Smoothing Groups' option in the FBX Exporter plug-in before exporting the file.  Even for tools that don't support smoothing groups, the FBX Exporter will generate appropriate smoothing data at export-time so that correct vertex normals can be inferred while importing. 
[2017.08.23-20.22.50:013][499]LogRenderer: Reallocating scene render targets to support 1912x1284 NumSamples 1 (Frame:1).
[2017.08.23-20.32.07:221][975]LogSlate: Took 0.000308 seconds to synchronously load lazily loaded font '../../../Engine/Content/Slate/Fonts/Roboto-Light.ttf' (159K)
[2017.08.23-20.36.39:711][ 63]LogTemp: Repeting last play command: Selected Viewport
[2017.08.23-20.36.39:754][ 63]LogPlayLevel: PlayLevel: No blueprints needed recompiling
[2017.08.23-20.36.39:754][ 63]PIE: New page: PIE session: Untitled_1 (Aug 23, 2017, 6:36:39 AM)
[2017.08.23-20.36.39:754][ 63]LogPlayLevel: Creating play world package: /Temp/UEDPIE_0_Untitled_1
[2017.08.23-20.36.39:757][ 63]LogPlayLevel: PIE: StaticDuplicateObject took: (0.002165s)
[2017.08.23-20.36.39:757][ 63]LogAIModule: Creating AISystem for world Untitled_1
[2017.08.23-20.36.39:758][ 63]LogPlayLevel: PIE: World Init took: (0.001040s)
[2017.08.23-20.36.39:758][ 63]LogPlayLevel: PIE: Created PIE world by copying editor world from /Temp/Untitled_1.Untitled_1 to /Temp/UEDPIE_0_Untitled_1.Untitled_1 (0.003504s)
[2017.08.23-20.36.39:788][ 63]LogInit: XAudio2 using 'G257HU-4 (NVIDIA High Definition Audio)' : 2 channels at 48 kHz using 16 bits per sample (channel mask 0x3)
[2017.08.23-20.36.39:798][ 63]LogInit: FAudioDevice initialized.
[2017.08.23-20.36.39:844][ 63]LogLoad: Game class is 'GameModeBase'
[2017.08.23-20.36.39:847][ 63]LogWorld: Bringing World /Temp/UEDPIE_0_Untitled_1.Untitled_1 up for play (max tick rate 0) at 2017.08.23-13.36.39
[2017.08.23-20.36.39:848][ 63]LogWorld: Bringing up level for play took: 0.001107
[2017.08.23-20.36.39:914][ 63]LogContentBrowser: Native class hierarchy updated for 'MovieSceneCapture' in 0.0008 seconds. Added 11 classes and 0 folders.
[2017.08.23-20.36.40:032][ 63]PIE: Info Play in editor start time for /Temp/UEDPIE_0_Untitled_1 -0.21
[2017.08.23-20.36.54:621][747]LogSlate: Took 0.000198 seconds to synchronously load lazily loaded font '../../../Engine/Content/Slate/Fonts/Roboto-Light.ttf' (159K)
[2017.08.23-20.37.07:740][902]LogAIModule: Creating AISystem for world LevelBP
[2017.08.23-20.37.07:760][902]Cmd: MAP LOAD FILE="../../../../../../Users/Steven Strickland/Documents/Unreal Projects/ProjectAsh/Ash/Content/LevelBP.umap" TEMPLATE=0 SHOWPROGRESS=1 FEATURELEVEL=3
[2017.08.23-20.37.07:761][902]LightingResults: New page: Lighting Build
[2017.08.23-20.37.07:761][902]LoadErrors: New page: Loading map: LevelBP.umap
[2017.08.23-20.37.07:762][902]MapCheck: New page: Map Check
[2017.08.23-20.37.07:762][902]LightingResults: New page: Lighting Build
[2017.08.23-20.37.07:780][902]LogEditorServer: Finished looking for orphan Actors (0.000 secs)
[2017.08.23-20.37.07:823][902]Cmd: MAP CHECKDEP NOCLEARLOG
[2017.08.23-20.37.07:896][902]MapCheck: Info Map check complete: 0 Error(s), 0 Warning(s), took 72.248ms to complete.
[2017.08.23-20.37.07:896][902]LogFileHelpers: Loading map 'LevelBP' took 0.137
[2017.08.23-20.37.10:004][140]LogTemp: Repeting last play command: Selected Viewport
[2017.08.23-20.37.10:020][140]LogBlueprintUserMessages: Early PlayInEditor Detection: Level '/Game/LevelBP.LevelBP:PersistentLevel' has LevelScriptBlueprint '/Game/LevelBP.LevelBP:PersistentLevel.LevelBP' with GeneratedClass '/Game/LevelBP.LevelBP_C' with ClassGeneratedBy '/Game/LevelBP.LevelBP:PersistentLevel.LevelBP'
[2017.08.23-20.37.10:020][140]LogPlayLevel: PlayLevel: No blueprints needed recompiling
[2017.08.23-20.37.10:020][140]PIE: New page: PIE session: LevelBP (Aug 23, 2017, 6:37:10 AM)
[2017.08.23-20.37.10:020][140]LogPlayLevel: Creating play world package: /Game/UEDPIE_0_LevelBP
[2017.08.23-20.37.10:023][140]LogPlayLevel: PIE: StaticDuplicateObject took: (0.003522s)
[2017.08.23-20.37.10:024][140]LogAIModule: Creating AISystem for world LevelBP
[2017.08.23-20.37.10:024][140]LogPlayLevel: PIE: World Init took: (0.000913s)
[2017.08.23-20.37.10:024][140]LogPlayLevel: PIE: Created PIE world by copying editor world from /Game/LevelBP.LevelBP to /Game/UEDPIE_0_LevelBP.LevelBP (0.004632s)
[2017.08.23-20.37.10:055][140]LogInit: XAudio2 using 'G257HU-4 (NVIDIA High Definition Audio)' : 2 channels at 48 kHz using 16 bits per sample (channel mask 0x3)
[2017.08.23-20.37.10:065][140]LogInit: FAudioDevice initialized.
[2017.08.23-20.37.10:103][140]LogLoad: Game class is 'GameModeBase'
[2017.08.23-20.37.10:106][140]LogWorld: Bringing World /Game/UEDPIE_0_LevelBP.LevelBP up for play (max tick rate 0) at 2017.08.23-13.37.10
[2017.08.23-20.37.10:106][140]LogWorld: Bringing up level for play took: 0.001152
[2017.08.23-20.37.10:107][140]LogBlueprintUserMessages: [LevelBP_C_2] Sector Size:X=64.000 Y=64.000, Sector Origin:X=100.000 Y=100.000, Sector CTS:100, Sector Num of Leafs:2
+Sector Size:X=32.000 Y=64.000, Sector Origin:X=100.000 Y=100.000, Sector CTS:90, Sector Num of Leafs:0
+Sector Size:X=32.000 Y=64.000, Sector Origin:X=132.000 Y=100.000, Sector CTS:90, Sector Num of Leafs:0
[2017.08.23-20.37.10:107][140]PIE: Info Play in editor start time for /Game/UEDPIE_0_LevelBP -0.136
[2017.08.23-20.37.10:108][140]LogBlueprintUserMessages: Late PlayInEditor Detection: Level '/Game/LevelBP.LevelBP:PersistentLevel' has LevelScriptBlueprint '/Game/LevelBP.LevelBP:PersistentLevel.LevelBP' with GeneratedClass '/Game/LevelBP.LevelBP_C' with ClassGeneratedBy '/Game/LevelBP.LevelBP:PersistentLevel.LevelBP'
[2017.08.23-20.37.12:103][373]LogBlueprintUserMessages: Early EndPlayMap Detection: Level '/Game/LevelBP.LevelBP:PersistentLevel' has LevelScriptBlueprint '/Game/LevelBP.LevelBP:PersistentLevel.LevelBP' with GeneratedClass '/Game/LevelBP.LevelBP_C' with ClassGeneratedBy '/Game/LevelBP.LevelBP:PersistentLevel.LevelBP'
[2017.08.23-20.37.12:137][373]LogBlueprintUserMessages: Late EndPlayMap Detection: Level '/Game/LevelBP.LevelBP:PersistentLevel' has LevelScriptBlueprint '/Game/LevelBP.LevelBP:PersistentLevel.LevelBP' with GeneratedClass '/Game/LevelBP.LevelBP_C' with ClassGeneratedBy '/Game/LevelBP.LevelBP:PersistentLevel.LevelBP'
[2017.08.23-20.37.14:028][588]LogEditorViewport: Clicking on Actor (LMB): PlayerStart (Player Start)
[2017.08.23-20.37.21:330][422]LogTemp: Repeting last play command: Selected Viewport
[2017.08.23-20.37.21:355][422]LogBlueprintUserMessages: Early PlayInEditor Detection: Level '/Game/LevelBP.LevelBP:PersistentLevel' has LevelScriptBlueprint '/Game/LevelBP.LevelBP:PersistentLevel.LevelBP' with GeneratedClass '/Game/LevelBP.LevelBP_C' with ClassGeneratedBy '/Game/LevelBP.LevelBP:PersistentLevel.LevelBP'
[2017.08.23-20.37.21:355][422]LogPlayLevel: PlayLevel: No blueprints needed recompiling
[2017.08.23-20.37.21:355][422]PIE: New page: PIE session: LevelBP (Aug 23, 2017, 6:37:21 AM)
[2017.08.23-20.37.21:355][422]LogPlayLevel: Creating play world package: /Game/UEDPIE_0_LevelBP
[2017.08.23-20.37.21:359][422]LogPlayLevel: PIE: StaticDuplicateObject took: (0.003566s)
[2017.08.23-20.37.21:359][422]LogAIModule: Creating AISystem for world LevelBP
[2017.08.23-20.37.21:360][422]LogPlayLevel: PIE: World Init took: (0.000945s)
[2017.08.23-20.37.21:360][422]LogPlayLevel: PIE: Created PIE world by copying editor world from /Game/LevelBP.LevelBP to /Game/UEDPIE_0_LevelBP.LevelBP (0.004719s)
[2017.08.23-20.37.21:395][422]LogInit: XAudio2 using 'G257HU-4 (NVIDIA High Definition Audio)' : 2 channels at 48 kHz using 16 bits per sample (channel mask 0x3)
[2017.08.23-20.37.21:405][422]LogInit: FAudioDevice initialized.
[2017.08.23-20.37.21:441][422]LogLoad: Game class is 'GameModeBase'
[2017.08.23-20.37.21:443][422]LogWorld: Bringing World /Game/UEDPIE_0_LevelBP.LevelBP up for play (max tick rate 0) at 2017.08.23-13.37.21
[2017.08.23-20.37.21:444][422]LogWorld: Bringing up level for play took: 0.000989
[2017.08.23-20.37.21:445][422]LogBlueprintUserMessages: [LevelBP_C_2] Sector Size:X=64.000 Y=64.000, Sector Origin:X=100.000 Y=100.000, Sector CTS:100, Sector Num of Leafs:2
+Sector Size:X=32.000 Y=64.000, Sector Origin:X=100.000 Y=100.000, Sector CTS:90, Sector Num of Leafs:0
+Sector Size:X=32.000 Y=64.000, Sector Origin:X=132.000 Y=100.000, Sector CTS:90, Sector Num of Leafs:0
[2017.08.23-20.37.21:445][422]PIE: Info Play in editor start time for /Game/UEDPIE_0_LevelBP -0.797
[2017.08.23-20.37.21:445][422]LogBlueprintUserMessages: Late PlayInEditor Detection: Level '/Game/LevelBP.LevelBP:PersistentLevel' has LevelScriptBlueprint '/Game/LevelBP.LevelBP:PersistentLevel.LevelBP' with GeneratedClass '/Game/LevelBP.LevelBP_C' with ClassGeneratedBy '/Game/LevelBP.LevelBP:PersistentLevel.LevelBP'
[2017.08.23-20.37.25:125][858]LogBlueprintUserMessages: Early EndPlayMap Detection: Level '/Game/LevelBP.LevelBP:PersistentLevel' has LevelScriptBlueprint '/Game/LevelBP.LevelBP:PersistentLevel.LevelBP' with GeneratedClass '/Game/LevelBP.LevelBP_C' with ClassGeneratedBy '/Game/LevelBP.LevelBP:PersistentLevel.LevelBP'
[2017.08.23-20.37.25:166][858]LogBlueprintUserMessages: Late EndPlayMap Detection: Level '/Game/LevelBP.LevelBP:PersistentLevel' has LevelScriptBlueprint '/Game/LevelBP.LevelBP:PersistentLevel.LevelBP' with GeneratedClass '/Game/LevelBP.LevelBP_C' with ClassGeneratedBy '/Game/LevelBP.LevelBP:PersistentLevel.LevelBP'
[2017.08.23-20.37.30:146][421]Cmd: OBJ SAVEPACKAGE PACKAGE="/Game/LevelBP" FILE="../../../../../../Users/Steven Strickland/Documents/Unreal Projects/ProjectAsh/Ash/Content/LevelBP.umap" SILENT=true AUTOSAVING=false KEEPDIRTY=false
[2017.08.23-20.37.30:337][421]LogSavePackage: Save=167.63ms
[2017.08.23-20.37.30:337][421]LogSavePackage: Moving '../../../../../../Users/Steven Strickland/Documents/Unreal Projects/ProjectAsh/Ash/Saved/LevelBP9934E25447F3248167635099C12A73B1.tmp' to '../../../../../../Users/Steven Strickland/Documents/Unreal Projects/ProjectAsh/Ash/Content/LevelBP.umap'
[2017.08.23-20.37.30:339][421]LogSavePackage:Display: Finished SavePackage ../../../../../../Users/Steven Strickland/Documents/Unreal Projects/ProjectAsh/Ash/Content/LevelBP.umap
[2017.08.23-20.37.41:412][705]LogWindowsTextInputMethodSystem:Display: IME system now deactivated.
[2017.08.23-20.37.41:688][706]Cmd: QUIT_EDITOR
[2017.08.23-20.37.42:315][706]LogExit: Preparing to exit.
[2017.08.23-20.37.43:435][706]LogDirectoryWatcher: A directory notification for 'C:/Users/Steven Strickland/Documents/Unreal Projects/ProjectAsh/Ash/Content/' was aborted.
[2017.08.23-20.37.43:456][706]LogExit: Editor shut down
[2017.08.23-20.37.43:469][706]LogExit: Transaction tracking system shut down
[2017.08.23-20.37.43:542][706]LogObj: Freed 0b from 0 cluster array pools.
[2017.08.23-20.37.43:542][706]LogExit: Object subsystem successfully closed.
[2017.08.23-20.37.43:566][706]LogD3D11RHI: Shutdown
[2017.08.23-20.37.43:566][706]LogD3D11RHI: CleanupD3DDevice
[2017.08.23-20.37.43:661][706]LogD3D11RHI: ~FD3D11DynamicRHI
[2017.08.23-20.37.43:685][706]LogModuleManager: Shutting down and abandoning module MovieSceneCapture (528)
[2017.08.23-20.37.43:685][706]LogModuleManager: Shutting down and abandoning module StaticMeshEditor (526)
[2017.08.23-20.37.43:685][706]LogModuleManager: Shutting down and abandoning module HierarchicalLODOutliner (524)
[2017.08.23-20.37.43:685][706]LogModuleManager: Shutting down and abandoning module CrashTracker (522)
[2017.08.23-20.37.43:685][706]LogModuleManager: Shutting down and abandoning module SceneOutliner (520)
[2017.08.23-20.37.43:685][706]LogModuleManager: Shutting down and abandoning module AddContentDialog (518)
[2017.08.23-20.37.43:686][706]LogDirectoryWatcher: A directory notification for 'C:/Program Files/Epic Games/UE_4.16/FeaturePacks/' was aborted.
[2017.08.23-20.37.43:687][706]LogModuleManager: Shutting down and abandoning module WidgetCarousel (517)
[2017.08.23-20.37.43:687][706]LogModuleManager: Shutting down and abandoning module EditorWidgets (514)
[2017.08.23-20.37.43:687][706]LogModuleManager: Shutting down and abandoning module CollectionManager (512)
[2017.08.23-20.37.43:687][706]LogDirectoryWatcher: A directory notification for 'C:/Users/Steven Strickland/Documents/Unreal Projects/ProjectAsh/Ash/Content/Collections/' was aborted.
[2017.08.23-20.37.43:687][706]LogDirectoryWatcher: A directory notification for 'C:/Users/Steven Strickland/Documents/Unreal Projects/ProjectAsh/Ash/Content/Developers/StevenStrickland/Collections/' was aborted.
[2017.08.23-20.37.43:687][706]LogDirectoryWatcher: A directory notification for 'C:/Users/Steven Strickland/Documents/Unreal Projects/ProjectAsh/Ash/Saved/Collections/' was aborted.
[2017.08.23-20.37.43:687][706]LogModuleManager: Shutting down and abandoning module StatsViewer (510)
[2017.08.23-20.37.43:687][706]LogModuleManager: Shutting down and abandoning module FoliageEdit (508)
[2017.08.23-20.37.43:687][706]LogModuleManager: Shutting down and abandoning module LandscapeEditor (506)
[2017.08.23-20.37.43:687][706]LogModuleManager: Shutting down and abandoning module MeshPaintMode (504)
[2017.08.23-20.37.43:687][706]LogModuleManager: Shutting down and abandoning module SceneDepthPickerMode (502)
[2017.08.23-20.37.43:687][706]LogModuleManager: Shutting down and abandoning module ActorPickerMode (500)
[2017.08.23-20.37.43:687][706]LogModuleManager: Shutting down and abandoning module GeometryMode (498)
[2017.08.23-20.37.43:687][706]LogModuleManager: Shutting down and abandoning module TextureAlignMode (496)
[2017.08.23-20.37.43:687][706]LogModuleManager: Shutting down and abandoning module BspMode (494)
[2017.08.23-20.37.43:687][706]LogModuleManager: Shutting down and abandoning module HardwareSurvey (492)
[2017.08.23-20.37.43:687][706]LogModuleManager: Shutting down and abandoning module SequenceRecorderSections (490)
[2017.08.23-20.37.43:687][706]LogModuleManager: Shutting down and abandoning module AutomationWorker (488)
[2017.08.23-20.37.43:687][706]LogModuleManager: Shutting down and abandoning module MatineeToLevelSequence (486)
[2017.08.23-20.37.43:687][706]LogModuleManager: Shutting down and abandoning module LevelSequenceEditor (484)
[2017.08.23-20.37.43:687][706]LogModuleManager: Shutting down and abandoning module PlacementMode (483)
[2017.08.23-20.37.43:687][706]LogModuleManager: Shutting down and abandoning module WmfMediaFactory (480)
[2017.08.23-20.37.43:687][706]LogModuleManager: Shutting down and abandoning module WmfMediaEditor (478)
[2017.08.23-20.37.43:687][706]LogModuleManager: Shutting down and abandoning module AvfMediaFactory (476)
[2017.08.23-20.37.43:687][706]LogModuleManager: Shutting down and abandoning module AvfMediaEditor (474)
[2017.08.23-20.37.43:687][706]LogModuleManager: Shutting down and abandoning module AndroidMediaFactory (472)
[2017.08.23-20.37.43:688][706]LogModuleManager: Shutting down and abandoning module Media (471)
[2017.08.23-20.37.43:688][706]LogModuleManager: Shutting down and abandoning module AndroidMediaEditor (468)
[2017.08.23-20.37.43:688][706]LogModuleManager: Shutting down and abandoning module CharacterAI (466)
[2017.08.23-20.37.43:688][706]LogModuleManager: Shutting down and abandoning module AudioCapture (464)
[2017.08.23-20.37.43:688][706]LogModuleManager: Shutting down and abandoning module SequenceRecorder (463)
[2017.08.23-20.37.43:688][706]LogModuleManager: Shutting down and abandoning module SmartSnapping (460)
[2017.08.23-20.37.43:688][706]LogModuleManager: Shutting down and abandoning module SessionServices (458)
[2017.08.23-20.37.43:688][706]LogModuleManager: Shutting down and abandoning module ViewportSnapping (456)
[2017.08.23-20.37.43:688][706]LogModuleManager: Shutting down and abandoning module ViewportInteraction (454)
[2017.08.23-20.37.43:688][706]LogModuleManager: Shutting down and abandoning module ClothPainter (452)
[2017.08.23-20.37.43:688][706]LogModuleManager: Shutting down and abandoning module LogVisualizer (450)
[2017.08.23-20.37.43:688][706]LogModuleManager: Shutting down and abandoning module IntroTutorials (448)
[2017.08.23-20.37.43:688][706]LogModuleManager: Shutting down and abandoning module GameProjectGeneration (447)
[2017.08.23-20.37.43:688][706]LogModuleManager: Shutting down and abandoning module EditorLiveStreaming (444)
[2017.08.23-20.37.43:688][706]LogModuleManager: Shutting down and abandoning module IOSPlatformEditor (442)
[2017.08.23-20.37.43:688][706]LogModuleManager: Shutting down and abandoning module HTML5PlatformEditor (440)
[2017.08.23-20.37.43:688][706]LogModuleManager: Shutting down and abandoning module AndroidPlatformEditor (438)
[2017.08.23-20.37.43:688][706]LogModuleManager: Shutting down and abandoning module AndroidDeviceDetection (437)
[2017.08.23-20.37.43:704][706]LogModuleManager: Shutting down and abandoning module IOSRuntimeSettings (434)
[2017.08.23-20.37.43:704][706]LogModuleManager: Shutting down and abandoning module AndroidRuntimeSettings (432)
[2017.08.23-20.37.43:704][706]LogModuleManager: Shutting down and abandoning module InputBindingEditor (430)
[2017.08.23-20.37.43:704][706]LogModuleManager: Shutting down and abandoning module MergeActors (428)
[2017.08.23-20.37.43:704][706]LogModuleManager: Shutting down and abandoning module SizeMap (426)
[2017.08.23-20.37.43:704][706]LogModuleManager: Shutting down and abandoning module TreeMap (424)
[2017.08.23-20.37.43:704][706]LogModuleManager: Shutting down and abandoning module ReferenceViewer (422)
[2017.08.23-20.37.43:704][706]LogModuleManager: Shutting down and abandoning module LocalizationDashboard (420)
[2017.08.23-20.37.43:704][706]LogModuleManager: Shutting down and abandoning module LocalizationService (419)
[2017.08.23-20.37.43:704][706]LogModuleManager: Shutting down and abandoning module HardwareTargeting (416)
[2017.08.23-20.37.43:704][706]LogModuleManager: Shutting down and abandoning module DeviceProfileEditor (414)
[2017.08.23-20.37.43:704][706]LogModuleManager: Shutting down and abandoning module UndoHistory (412)
[2017.08.23-20.37.43:704][706]LogModuleManager: Shutting down and abandoning module UserFeedback (410)
[2017.08.23-20.37.43:704][706]LogModuleManager: Shutting down and abandoning module XmlParser (408)
[2017.08.23-20.37.43:704][706]LogModuleManager: Shutting down and abandoning module Blutility (406)
[2017.08.23-20.37.43:704][706]LogModuleManager: Shutting down and abandoning module ProjectSettingsViewer (404)
[2017.08.23-20.37.43:704][706]LogModuleManager: Shutting down and abandoning module ProjectTargetPlatformEditor (403)
[2017.08.23-20.37.43:704][706]LogModuleManager: Shutting down and abandoning module EditorSettingsViewer (400)
[2017.08.23-20.37.43:704][706]LogModuleManager: Shutting down and abandoning module SettingsEditor (398)
[2017.08.23-20.37.43:704][706]LogModuleManager: Shutting down and abandoning module ProjectLauncher (396)
[2017.08.23-20.37.43:704][706]LogModuleManager: Shutting down and abandoning module SessionFrontend (394)
[2017.08.23-20.37.43:704][706]LogModuleManager: Shutting down and abandoning module ProfilerClient (392)
[2017.08.23-20.37.43:704][706]LogModuleManager: Shutting down and abandoning module DeviceManager (390)
[2017.08.23-20.37.43:704][706]LogModuleManager: Shutting down and abandoning module TargetDeviceServices (389)
[2017.08.23-20.37.43:758][706]LogModuleManager: Shutting down and abandoning module AutomationController (386)
[2017.08.23-20.37.43:758][706]LogModuleManager: Shutting down and abandoning module AutomationWindow (384)
[2017.08.23-20.37.43:758][706]LogModuleManager: Shutting down and abandoning module Layers (382)
[2017.08.23-20.37.43:758][706]LogModuleManager: Shutting down and abandoning module ComponentVisualizers (380)
[2017.08.23-20.37.43:758][706]LogModuleManager: Shutting down and abandoning module DetailCustomizations (378)
[2017.08.23-20.37.43:758][706]LogModuleManager: Shutting down and abandoning module PackagesDialog (376)
[2017.08.23-20.37.43:758][706]LogModuleManager: Shutting down and abandoning module Persona (374)
[2017.08.23-20.37.43:758][706]LogModuleManager: Shutting down and abandoning module AdvancedPreviewScene (373)
[2017.08.23-20.37.43:758][706]LogModuleManager: Shutting down and abandoning module AnimGraph (371)
[2017.08.23-20.37.43:758][706]LogModuleManager: Shutting down and abandoning module Kismet (368)
[2017.08.23-20.37.43:759][706]LogModuleManager: Shutting down and abandoning module ClassViewer (366)
[2017.08.23-20.37.43:759][706]LogModuleManager: Shutting down and abandoning module Toolbox (364)
[2017.08.23-20.37.43:759][706]LogModuleManager: Shutting down and abandoning module ModuleUI (362)
[2017.08.23-20.37.43:759][706]LogModuleManager: Shutting down and abandoning module MovieSceneTools (360)
[2017.08.23-20.37.43:759][706]LogModuleManager: Shutting down and abandoning module OutputLog (358)
[2017.08.23-20.37.43:759][706]LogModuleManager: Shutting down and abandoning module GammaUI (356)
[2017.08.23-20.37.43:759][706]LogModuleManager: Shutting down and abandoning module Documentation (354)
[2017.08.23-20.37.43:759][706]LogModuleManager: Shutting down and abandoning module MovieSceneTracks (352)
[2017.08.23-20.37.43:759][706]LogModuleManager: Shutting down and abandoning module MovieScene (350)
[2017.08.23-20.37.43:759][706]LogModuleManager: Shutting down and abandoning module Niagara (348)
[2017.08.23-20.37.43:759][706]LogModuleManager: Shutting down and abandoning module NiagaraEditor (347)
[2017.08.23-20.37.43:759][706]LogModuleManager: Shutting down and abandoning module StreamingPauseRendering (344)
[2017.08.23-20.37.43:759][706]LogModuleManager: Shutting down and abandoning module AnalyticsET (342)
[2017.08.23-20.37.43:759][706]LogModuleManager: Shutting down and abandoning module PortalServices (340)
[2017.08.23-20.37.43:759][706]LogModuleManager: Shutting down and abandoning module PortalRpc (338)
[2017.08.23-20.37.43:759][706]LogModuleManager: Shutting down and abandoning module MessagingRpc (336)
[2017.08.23-20.37.43:759][706]LogModuleManager: Shutting down and abandoning module AIModule (334)
[2017.08.23-20.37.43:759][706]LogModuleManager: Shutting down and abandoning module GameplayDebugger (333)
[2017.08.23-20.37.43:759][706]LogModuleManager: Shutting down and abandoning module AITestSuite (331)
[2017.08.23-20.37.43:759][706]LogModuleManager: Shutting down and abandoning module ProfilerService (328)
[2017.08.23-20.37.43:803][706]LogModuleManager: Shutting down and abandoning module TaskGraph (326)
[2017.08.23-20.37.43:803][706]LogModuleManager: Shutting down and abandoning module SteamVRController (324)
[2017.08.23-20.37.43:803][706]LogModuleManager: Shutting down and abandoning module SteamVR (322)
[2017.08.23-20.37.43:803][706]LogModuleManager: Shutting down and abandoning module ProceduralMeshComponentEditor (320)
[2017.08.23-20.37.43:803][706]LogModuleManager: Shutting down and abandoning module ProceduralMeshComponent (318)
[2017.08.23-20.37.43:803][706]LogModuleManager: Shutting down and abandoning module OculusLibrary (316)
[2017.08.23-20.37.43:803][706]LogModuleManager: Shutting down and abandoning module OculusInput (314)
[2017.08.23-20.37.43:803][706]LogModuleManager: Shutting down and abandoning module MobilePatchingUtils (312)
[2017.08.23-20.37.43:803][706]LogModuleManager: Shutting down and abandoning module CustomMeshComponent (310)
[2017.08.23-20.37.43:803][706]LogModuleManager: Shutting down and abandoning module CableComponent (308)
[2017.08.23-20.37.43:803][706]LogModuleManager: Shutting down and abandoning module ArchVisCharacter (306)
[2017.08.23-20.37.43:803][706]LogModuleManager: Shutting down and abandoning module AndroidPermission (304)
[2017.08.23-20.37.43:803][706]LogModuleManager: Shutting down and abandoning module MediaPlayerEditor (300)
[2017.08.23-20.37.43:803][706]LogModuleManager: Shutting down and abandoning module HTML5Networking (298)
[2017.08.23-20.37.43:803][706]LogModuleManager: Shutting down and abandoning module AlembicImporter (296)
[2017.08.23-20.37.43:803][706]LogModuleManager: Shutting down and abandoning module AlembicLibrary (295)
[2017.08.23-20.37.43:803][706]LogModuleManager: Shutting down and abandoning module GeometryCache (294)
[2017.08.23-20.37.43:803][706]LogModuleManager: Shutting down and abandoning module GeometryCacheEd (293)
[2017.08.23-20.37.43:803][706]LogModuleManager: Shutting down and abandoning module SuperSearchEditor (288)
[2017.08.23-20.37.43:803][706]LogModuleManager: Shutting down and abandoning module SuperSearch (287)
[2017.08.23-20.37.43:803][706]LogModuleManager: Shutting down and abandoning module SpeedTreeImporter (284)
[2017.08.23-20.37.43:803][706]LogModuleManager: Shutting down and abandoning module PluginBrowser (282)
[2017.08.23-20.37.43:803][706]LogModuleManager: Shutting down and abandoning module MobileLauncherProfileWizard (280)
[2017.08.23-20.37.43:803][706]LogModuleManager: Shutting down and abandoning module VisualStudioSourceCodeAccess (278)
[2017.08.23-20.37.43:803][706]LogModuleManager: Shutting down and abandoning module DesktopPlatform (277)
[2017.08.23-20.37.43:803][706]LogModuleManager: Shutting down and abandoning module UObjectPlugin (274)
[2017.08.23-20.37.43:803][706]LogModuleManager: Shutting down and abandoning module SubversionSourceControl (272)
[2017.08.23-20.37.43:803][706]LogModuleManager: Shutting down and abandoning module PerforceSourceControl (270)
[2017.08.23-20.37.43:803][706]LogModuleManager: Shutting down and abandoning module GitSourceControl (268)
[2017.08.23-20.37.43:803][706]LogModuleManager: Shutting down and abandoning module SourceControl (267)
[2017.08.23-20.37.43:803][706]LogModuleManager: Shutting down and abandoning module LightPropagationVolumeEditor (264)
[2017.08.23-20.37.43:803][706]LogModuleManager: Shutting down and abandoning module PaperTiledImporter (262)
[2017.08.23-20.37.43:803][706]LogModuleManager: Shutting down and abandoning module PaperSpriteSheetImporter (260)
[2017.08.23-20.37.43:803][706]LogModuleManager: Shutting down and abandoning module Paper2DEditor (258)
[2017.08.23-20.37.43:803][706]LogModuleManager: Shutting down and abandoning module MeshPaint (257)
[2017.08.23-20.37.43:803][706]LogModuleManager: Shutting down and abandoning module LevelEditor (255)
[2017.08.23-20.37.43:804][706]LogModuleManager: Shutting down and abandoning module PixelInspectorModule (254)
[2017.08.23-20.37.43:804][706]LogModuleManager: Shutting down and abandoning module MainFrame (252)
[2017.08.23-20.37.43:804][706]LogModuleManager: Shutting down and abandoning module HotReload (251)
[2017.08.23-20.37.43:805][706]LogModuleManager: Shutting down and abandoning module PhysXVehiclesEditor (246)
[2017.08.23-20.37.43:805][706]LogModuleManager: Shutting down and abandoning module PhysXVehicles (244)
[2017.08.23-20.37.43:805][706]LogModuleManager: Shutting down and abandoning module LocationServicesBPLibrary (242)
[2017.08.23-20.37.43:805][706]LogModuleManager: Shutting down and abandoning module ImmediatePhysicsEditor (240)
[2017.08.23-20.37.43:805][706]LogModuleManager: Shutting down and abandoning module ImmediatePhysics (238)
[2017.08.23-20.37.43:805][706]LogModuleManager: Shutting down and abandoning module UdpMessaging (236)
[2017.08.23-20.37.43:905][706]LogModuleManager: Shutting down and abandoning module TcpMessaging (234)
[2017.08.23-20.37.44:253][706]LogModuleManager: Shutting down and abandoning module GameplayTagsEditor (232)
[2017.08.23-20.37.44:253][706]LogModuleManager: Shutting down and abandoning module FacialAnimationEditor (230)
[2017.08.23-20.37.44:253][706]LogModuleManager: Shutting down and abandoning module FacialAnimation (228)
[2017.08.23-20.37.44:253][706]LogModuleManager: Shutting down and abandoning module AssetManagerEditor (226)
[2017.08.23-20.37.44:253][706]LogModuleManager: Shutting down and abandoning module GraphEditor (225)
[2017.08.23-20.37.44:253][706]LogModuleManager: Shutting down and abandoning module ContentBrowser (223)
[2017.08.23-20.37.44:254][706]LogModuleManager: Shutting down and abandoning module LightPropagationVolumeRuntime (220)
[2017.08.23-20.37.44:254][706]LogModuleManager: Shutting down and abandoning module Paper2D (218)
[2017.08.23-20.37.44:254][706]LogModuleManager: Shutting down and abandoning module WindowsMoviePlayer (216)
[2017.08.23-20.37.44:254][706]LogModuleManager: Shutting down and abandoning module WmfMedia (214)
[2017.08.23-20.37.44:254][706]LogModuleManager: Shutting down and abandoning module ClothingSystemEditor (212)
[2017.08.23-20.37.44:254][706]LogModuleManager: Shutting down and abandoning module ClothingSystemRuntime (210)
[2017.08.23-20.37.44:254][706]LogModuleManager: Shutting down and abandoning module MediaAssets (208)
[2017.08.23-20.37.44:254][706]LogModuleManager: Shutting down and abandoning module GameLiveStreaming (206)
[2017.08.23-20.37.44:254][706]LogModuleManager: Shutting down and abandoning module VREditor (204)
[2017.08.23-20.37.44:254][706]LogModuleManager: Shutting down and abandoning module StringTableEditor (202)
[2017.08.23-20.37.44:254][706]LogModuleManager: Shutting down and abandoning module GameplayTasksEditor (200)
[2017.08.23-20.37.44:254][706]LogModuleManager: Shutting down and abandoning module BehaviorTreeEditor (198)
[2017.08.23-20.37.44:254][706]LogModuleManager: Shutting down and abandoning module FunctionalTesting (196)
[2017.08.23-20.37.44:254][706]LogModuleManager: Shutting down and abandoning module CollisionAnalyzer (194)
[2017.08.23-20.37.44:254][706]LogModuleManager: Shutting down and abandoning module UMG (192)
[2017.08.23-20.37.44:254][706]LogModuleManager: Shutting down and abandoning module UMGEditor (191)
[2017.08.23-20.37.44:254][706]LogModuleManager: Shutting down and abandoning module Sequencer (190)
[2017.08.23-20.37.44:254][706]LogModuleManager: Shutting down and abandoning module AssetTools (188)
[2017.08.23-20.37.44:254][706]LogModuleManager: Shutting down and abandoning module MessageLog (187)
[2017.08.23-20.37.44:254][706]LogModuleManager: Shutting down and abandoning module WorkspaceMenuStructure (186)
[2017.08.23-20.37.44:254][706]LogModuleManager: Shutting down and abandoning module SlateReflector (180)
[2017.08.23-20.37.44:254][706]LogModuleManager: Shutting down and abandoning module Slate (178)
[2017.08.23-20.37.44:254][706]LogModuleManager: Shutting down and abandoning module EditorStyle (176)
[2017.08.23-20.37.44:257][706]LogModuleManager: Shutting down and abandoning module SourceCodeAccess (174)
[2017.08.23-20.37.44:257][706]LogModuleManager: Shutting down and abandoning module HeadMountedDisplay (172)
[2017.08.23-20.37.44:257][706]LogModuleManager: Shutting down and abandoning module XAudio2 (170)
[2017.08.23-20.37.44:257][706]LogModuleManager: Shutting down and abandoning module Networking (168)
[2017.08.23-20.37.44:257][706]LogModuleManager: Shutting down and abandoning module Core (164)
[2017.08.23-20.37.44:257][706]LogModuleManager: Shutting down and abandoning module AssetRegistry (162)
[2017.08.23-20.37.44:394][706]LogDirectoryWatcher: A directory notification for '../../../Engine/Content/' was aborted.
[2017.08.23-20.37.44:394][706]LogDirectoryWatcher: A directory notification for '../../../../../../Users/Steven Strickland/Documents/Unreal Projects/ProjectAsh/Ash/Content/' was aborted.
[2017.08.23-20.37.44:395][706]LogDirectoryWatcher: A directory notification for '../../../Engine/Plugins/2D/Paper2D/Content/' was aborted.
[2017.08.23-20.37.44:395][706]LogDirectoryWatcher: A directory notification for '../../../Engine/Plugins/Runtime/GearVR/Content/' was aborted.
[2017.08.23-20.37.44:398][706]LogModuleManager: Shutting down and abandoning module DirectoryWatcher (161)
[2017.08.23-20.37.44:399][706]LogModuleManager: Shutting down and abandoning module KismetCompiler (158)
[2017.08.23-20.37.44:399][706]LogModuleManager: Shutting down and abandoning module LevelSequence (156)
[2017.08.23-20.37.44:399][706]LogModuleManager: Shutting down and abandoning module PhysXFormats (154)
[2017.08.23-20.37.44:399][706]LogModuleManager: Shutting down and abandoning module MeshUtilities (152)
[2017.08.23-20.37.44:399][706]LogModuleManager: Shutting down and abandoning module SimplygonSwarm (151)
[2017.08.23-20.37.44:399][706]LogModuleManager: Shutting down and abandoning module SimplygonMeshReduction (149)
[2017.08.23-20.37.44:399][706]LogModuleManager: Shutting down and abandoning module QuadricMeshReduction (147)
[2017.08.23-20.37.44:399][706]LogModuleManager: Shutting down and abandoning module DerivedDataCache (144)
[2017.08.23-20.37.44:432][706]LogDerivedDataCache: Shutdown
[2017.08.23-20.37.44:432][706]LogModuleManager: Shutting down and abandoning module TargetPlatform (142)
[2017.08.23-20.37.44:432][706]LogModuleManager: Shutting down and abandoning module VulkanShaderFormat (141)
[2017.08.23-20.37.44:432][706]LogModuleManager: Shutting down and abandoning module ShaderFormatVectorVM (139)
[2017.08.23-20.37.44:432][706]LogModuleManager: Shutting down and abandoning module ShaderFormatOpenGL (137)
[2017.08.23-20.37.44:432][706]LogModuleManager: Shutting down and abandoning module ShaderFormatD3D (135)
[2017.08.23-20.37.44:432][706]LogModuleManager: Shutting down and abandoning module MetalShaderFormat (133)
[2017.08.23-20.37.44:432][706]LogModuleManager: Shutting down and abandoning module TextureFormatUncompressed (131)
[2017.08.23-20.37.44:432][706]LogModuleManager: Shutting down and abandoning module TextureFormatPVR (129)
[2017.08.23-20.37.44:432][706]LogModuleManager: Shutting down and abandoning module TextureFormatDXT (127)
[2017.08.23-20.37.44:432][706]LogModuleManager: Shutting down and abandoning module TextureFormatIntelISPCTexComp (125)
[2017.08.23-20.37.44:432][706]LogModuleManager: Shutting down and abandoning module TextureFormatASTC (123)
[2017.08.23-20.37.44:432][706]LogModuleManager: Shutting down and abandoning module ImageWrapper (122)
[2017.08.23-20.37.44:432][706]LogModuleManager: Shutting down and abandoning module TextureFormatAndroid (119)
[2017.08.23-20.37.44:432][706]LogModuleManager: Shutting down and abandoning module AudioFormatOpus (117)
[2017.08.23-20.37.44:432][706]LogModuleManager: Shutting down and abandoning module AudioFormatOgg (115)
[2017.08.23-20.37.44:432][706]LogModuleManager: Shutting down and abandoning module AudioFormatADPCM (113)
[2017.08.23-20.37.44:432][706]LogModuleManager: Shutting down and abandoning module LinuxTargetPlatform (111)
[2017.08.23-20.37.44:432][706]LogModuleManager: Shutting down and abandoning module LinuxServerTargetPlatform (109)
[2017.08.23-20.37.44:432][706]LogModuleManager: Shutting down and abandoning module LinuxNoEditorTargetPlatform (107)
[2017.08.23-20.37.44:432][706]LogModuleManager: Shutting down and abandoning module LinuxClientTargetPlatform (105)
[2017.08.23-20.37.44:432][706]LogModuleManager: Shutting down and abandoning module TVOSTargetPlatform (103)
[2017.08.23-20.37.44:432][706]LogModuleManager: Shutting down and abandoning module Messaging (101)
[2017.08.23-20.37.44:432][706]LogModuleManager: Shutting down and abandoning module IOSTargetPlatform (99)
[2017.08.23-20.37.44:432][706]LogModuleManager: Shutting down and abandoning module HTML5TargetPlatform (97)
[2017.08.23-20.37.44:432][706]LogModuleManager: Shutting down and abandoning module Android_PVRTCTargetPlatform (95)
[2017.08.23-20.37.44:432][706]LogModuleManager: Shutting down and abandoning module Android_MultiTargetPlatform (93)
[2017.08.23-20.37.44:432][706]LogModuleManager: Shutting down and abandoning module Android_ETC2TargetPlatform (91)
[2017.08.23-20.37.44:432][706]LogModuleManager: Shutting down and abandoning module Android_ETC1TargetPlatform (89)
[2017.08.23-20.37.44:432][706]LogModuleManager: Shutting down and abandoning module Android_DXTTargetPlatform (87)
[2017.08.23-20.37.44:432][706]LogModuleManager: Shutting down and abandoning module Android_ATCTargetPlatform (85)
[2017.08.23-20.37.44:432][706]LogModuleManager: Shutting down and abandoning module Android_ASTCTargetPlatform (83)
[2017.08.23-20.37.44:432][706]LogModuleManager: Shutting down and abandoning module AndroidTargetPlatform (81)
[2017.08.23-20.37.44:432][706]LogModuleManager: Shutting down and abandoning module WindowsTargetPlatform (79)
[2017.08.23-20.37.44:432][706]LogModuleManager: Shutting down and abandoning module WindowsServerTargetPlatform (77)
[2017.08.23-20.37.44:432][706]LogModuleManager: Shutting down and abandoning module WindowsNoEditorTargetPlatform (75)
[2017.08.23-20.37.44:432][706]LogModuleManager: Shutting down and abandoning module WindowsClientTargetPlatform (73)
[2017.08.23-20.37.44:432][706]LogModuleManager: Shutting down and abandoning module MacTargetPlatform (71)
[2017.08.23-20.37.44:432][706]LogModuleManager: Shutting down and abandoning module MacServerTargetPlatform (69)
[2017.08.23-20.37.44:432][706]LogModuleManager: Shutting down and abandoning module MacNoEditorTargetPlatform (67)
[2017.08.23-20.37.44:432][706]LogModuleManager: Shutting down and abandoning module MacClientTargetPlatform (65)
[2017.08.23-20.37.44:432][706]LogModuleManager: Shutting down and abandoning module AllDesktopTargetPlatform (63)
[2017.08.23-20.37.44:432][706]LogModuleManager: Shutting down and abandoning module InputCore (60)
[2017.08.23-20.37.44:432][706]LogModuleManager: Shutting down and abandoning module Settings (58)
[2017.08.23-20.37.44:432][706]LogModuleManager: Shutting down and abandoning module OculusRift (56)
[2017.08.23-20.37.44:432][706]LogModuleManager: Shutting down and abandoning module GearVRController (54)
[2017.08.23-20.37.44:432][706]LogModuleManager: Shutting down and abandoning module GearVR (52)
[2017.08.23-20.37.44:432][706]LogModuleManager: Shutting down and abandoning module ExampleDeviceProfileSelector (50)
[2017.08.23-20.37.44:432][706]LogModuleManager: Shutting down and abandoning module OnlineBlueprintSupport (48)
[2017.08.23-20.37.44:432][706]LogModuleManager: Shutting down and abandoning module OnlineSubsystem (44)
[2017.08.23-20.37.44:432][706]LogOnline:Display: Unloading online subsystem: NULL
[2017.08.23-20.37.44:432][706]LogModuleManager: Shutting down and abandoning module XMPP (43)
[2017.08.23-20.37.44:432][706]LogModuleManager: Shutting down and abandoning module HTTP (41)
[2017.08.23-20.37.44:432][706]LogHttp:Display: Http module shutting down, but needs to wait on 1 outstanding Http requests:
[2017.08.23-20.37.44:432][706]LogHttp:Display: 	verb=[POST] url=[https://datarouter.ol.epicgames.com/datarouter/api/v1/public/data?SessionID=%7B4625E2E8-45C6-7AD4-4D27-E1BF5AD6C346%7D&AppID=UEEditor.Rocket.Release&AppVersion=4.16.3-3561208%2B%2B%2BUE4%2BRelease-4.16&UserID=b9e0a5c2435513d8cdcfba8648e6a88e%7C33336809e4254718a694332757556024%7C9efe7657-a898-4e35-806e-0d10025ecaa9&AppEnvironment=datacollector-binary&UploadType=eteventstream] status=Processing
[2017.08.23-20.37.44:441][706]LogModuleManager: Shutting down and abandoning module SSL (40)
[2017.08.23-20.37.44:443][706]LogModuleManager: Shutting down and abandoning module HTTPChunkInstaller (36)
[2017.08.23-20.37.44:443][706]LogModuleManager: Shutting down and abandoning module AnimationModifiers (34)
[2017.08.23-20.37.44:443][706]LogModuleManager: Shutting down and abandoning module PropertyEditor (33)
[2017.08.23-20.37.44:443][706]LogModuleManager: Shutting down and abandoning module AudioEditor (30)
[2017.08.23-20.37.44:443][706]LogModuleManager: Shutting down and abandoning module TextureCompressor (28)
[2017.08.23-20.37.44:443][706]LogModuleManager: Shutting down and abandoning module ShaderCore (26)
[2017.08.23-20.37.44:443][706]LogModuleManager: Shutting down and abandoning module Landscape (24)
[2017.08.23-20.37.44:443][706]LogModuleManager: Shutting down and abandoning module SlateRHIRenderer (22)
[2017.08.23-20.37.44:444][706]LogModuleManager: Shutting down and abandoning module OpenGLDrv (20)
[2017.08.23-20.37.44:444][706]LogModuleManager: Shutting down and abandoning module D3D11RHI (18)
[2017.08.23-20.37.44:444][706]LogModuleManager: Shutting down and abandoning module AnimGraphRuntime (16)
[2017.08.23-20.37.44:444][706]LogModuleManager: Shutting down and abandoning module Renderer (14)
[2017.08.23-20.37.44:444][706]LogModuleManager: Shutting down and abandoning module Engine (12)
[2017.08.23-20.37.44:444][706]LogModuleManager: Shutting down and abandoning module CoreUObject (10)
[2017.08.23-20.37.44:444][706]LogModuleManager: Shutting down and abandoning module NetworkFile (8)
[2017.08.23-20.37.44:444][706]LogModuleManager: Shutting down and abandoning module StreamingFile (6)
[2017.08.23-20.37.44:444][706]LogModuleManager: Shutting down and abandoning module SandboxFile (4)
[2017.08.23-20.37.44:444][706]LogModuleManager: Shutting down and abandoning module PakFile (2)
[2017.08.23-20.37.44:448][706]LogExit: Exiting.
[2017.08.23-20.37.44:463][706]Log file closed, 08/23/17 13:37:44
