Log file open, 08/21/17 12:40:00
LogInit:Display: Running engine for game: Project_Ash
LogPlatformFile: Not using cached read wrapper
LogInit:Display: RandInit(501169434) SRandInit(501169434).
LogTaskGraph: Started task graph with 5 named threads and 7 total threads with 1 sets of task threads.
LogStats: Stats thread started at 0.401245
LogInit: Using libcurl 7.47.1
LogInit:  - built for x86_64-pc-win32
LogInit:  - supports SSL with OpenSSL/1.0.2g
LogInit:  - supports HTTP deflate (compression) using libz 1.2.8
LogInit:  - other features:
LogInit:      CURL_VERSION_SSL
LogInit:      CURL_VERSION_LIBZ
LogInit:      CURL_VERSION_IPV6
LogInit:      CURL_VERSION_ASYNCHDNS
LogInit:      CURL_VERSION_LARGEFILE
LogInit:      CURL_VERSION_IDN
LogInit:  CurlRequestOptions (configurable via config and command line):
LogInit:  - bVerifyPeer = false  - Libcurl will NOT verify peer certificate
LogInit:  - bUseHttpProxy = false  - Libcurl will NOT use HTTP proxy
LogInit:  - bDontReuseConnections = false  - Libcurl will reuse connections
LogInit:  - CertBundlePath = nullptr  - Libcurl will use whatever was configured at build time.
LogInit: Build: ++UE4+Release-4.16-CL-3561208
LogInit: Engine Version: 4.16.3-3561208+++UE4+Release-4.16
LogInit: Compatible Engine Version: 4.16.0-3452394+++UE4+Release-4.16
LogInit: Net CL: 3452394
LogDevObjectVersion: Number of dev versions registered: 16
LogDevObjectVersion:   Dev-Blueprints (B0D832E4-1F89-4F0D-ACCF-7EB736FD4AA2): 9
LogDevObjectVersion:   Dev-Build (E1C64328-A22C-4D53-A36C-8E866417BD8C): 0
LogDevObjectVersion:   Dev-Core (375EC13C-06E4-48FB-B500-84F0262A717E): 2
LogDevObjectVersion:   Dev-Editor (E4B068ED-F494-42E9-A231-DA0B2E46BB41): 17
LogDevObjectVersion:   Dev-Framework (CFFC743F-43B0-4480-9391-14DF171D2073): 23
LogDevObjectVersion:   Dev-Mobile (B02B49B5-BB20-44E9-A304-32B752E40360): 0
LogDevObjectVersion:   Dev-Networking (A4E4105C-59A1-49B5-A7C5-40C4547EDFEE): 0
LogDevObjectVersion:   Dev-Online (39C831C9-5AE6-47DC-9A44-9C173E1C8E7C): 0
LogDevObjectVersion:   Dev-Physics (78F01B33-EBEA-4F98-B9B4-84EACCB95AA2): 0
LogDevObjectVersion:   Dev-Platform (6631380F-2D4D-43E0-8009-CF276956A95A): 0
LogDevObjectVersion:   Dev-Rendering (12F88B9F-8875-4AFC-A67C-D90C383ABD29): 15
LogDevObjectVersion:   Dev-Sequencer (7B5AE74C-D270-4C10-A958-57980B212A5A): 4
LogDevObjectVersion:   Dev-VR (D7296918-1DD6-4BDD-9DE2-64A83CC13884): 0
LogDevObjectVersion:   Dev-LoadTimes (C2A15278-BFE7-4AFE-6C17-90FF531DF755): 1
LogDevObjectVersion:   Private-Geometry (6EACA3D4-40EC-4CC1-B786-8BED09428FC5): 1
LogDevObjectVersion:   Dev-AnimPhys (29E575DD-E0A3-4627-9D10-D276232CDCEA): 3
LogInit: Compiled (64-bit): Jul 28 2017 11:49:47
LogInit: Compiled with Visual C++: 19.00.24215.01
LogInit: Build Configuration: Development
LogInit: Branch Name: ++UE4+Release-4.16
LogInit: Command line: -EpicPortal 
LogInit: Base directory: E:/unreal 416 vers/UE_4.16/Engine/Binaries/Win64/
LogInit: Installed Engine Build: 1
LogInit: Presizing for max 8388607 objects, including 0 objects not considered by GC, pre-allocating 0 bytes for permanent pool.
LogInit: Object subsystem initialized
[2017.08.21-19.40.01:259][  0]LogInit: Selected Device Profile: [Windows]
[2017.08.21-19.40.01:259][  0]LogInit: Applying CVar settings loaded from the selected device profile: [Windows]
[2017.08.21-19.40.01:320][  0]LogInit: Computer: THEBEHEMOTH
[2017.08.21-19.40.01:320][  0]LogInit: User: Nikolai
[2017.08.21-19.40.01:320][  0]LogInit: CPU Page size=4096, Cores=3
[2017.08.21-19.40.01:320][  0]LogInit: High frequency timer resolution =3.711328 MHz
[2017.08.21-19.40.01:321][  0]LogMemory: Memory total: Physical=7.9GB (8GB approx)
[2017.08.21-19.40.01:321][  0]LogMemory: Platform Memory Stats for Windows
[2017.08.21-19.40.01:321][  0]LogMemory: Process Physical Memory: 273.88 MB used, 273.88 MB peak
[2017.08.21-19.40.01:321][  0]LogMemory: Process Virtual Memory: 269.27 MB used, 269.27 MB peak
[2017.08.21-19.40.01:321][  0]LogMemory: Physical Memory: 4925.01 MB used,  3215.05 MB free, 8140.05 MB total
[2017.08.21-19.40.01:321][  0]LogMemory: Virtual Memory: 627.13 MB used,  3215.05 MB free, 8388608.00 MB total
[2017.08.21-19.40.02:014][  0]LogInit: Using OS detected language (en-US).
[2017.08.21-19.40.02:014][  0]LogInit: Using OS detected locale (en-US).
[2017.08.21-19.40.02:303][  0]LogTextLocalizationManager: No specific localization for 'en-US' exists, so the 'en' localization will be used.
[2017.08.21-19.40.11:177][  0]LogD3D11RHI: D3D11 adapters:
[2017.08.21-19.40.11:189][  0]LogD3D11RHI:    0. 'AMD Radeon HD 7800 Series' (Feature Level 11_0)
[2017.08.21-19.40.11:189][  0]LogD3D11RHI:       2026/0/3814 MB DedicatedVideo/DedicatedSystem/SharedSystem, Outputs:2, VendorId:0x1002
[2017.08.21-19.40.11:189][  0]LogD3D11RHI: Chosen D3D11 Adapter: 0
[2017.08.21-19.40.11:197][  0]LogD3D11RHI: Creating new Direct3DDevice
[2017.08.21-19.40.11:197][  0]LogD3D11RHI:     GPU DeviceId: 0x6818 (for the marketing name, search the web for "GPU Device Id")
[2017.08.21-19.40.11:197][  0]LogWindows: EnumDisplayDevices:
[2017.08.21-19.40.11:197][  0]LogWindows:    0. 'AMD Radeon HD 7800 Series' (P:0 D:1)
[2017.08.21-19.40.11:198][  0]LogWindows:    1. 'AMD Radeon HD 7800 Series' (P:1 D:1)
[2017.08.21-19.40.11:198][  0]LogWindows:    2. 'AMD Radeon HD 7800 Series' (P:0 D:0)
[2017.08.21-19.40.11:199][  0]LogWindows:    3. 'AMD Radeon HD 7800 Series' (P:0 D:0)
[2017.08.21-19.40.11:199][  0]LogWindows:    4. 'AMD Radeon HD 7800 Series' (P:0 D:0)
[2017.08.21-19.40.11:199][  0]LogWindows:    5. 'AMD Radeon HD 7800 Series' (P:0 D:0)
[2017.08.21-19.40.11:200][  0]LogWindows:    6. 'RDPDD Chained DD' (P:0 D:0)
[2017.08.21-19.40.11:200][  0]LogWindows:    7. 'RDP Encoder Mirror Driver' (P:0 D:0)
[2017.08.21-19.40.11:200][  0]LogWindows:    8. 'RDP Reflector Display Driver' (P:0 D:0)
[2017.08.21-19.40.11:200][  0]LogWindows: DebugString: GetVideoDriverDetailsInvalid PrimaryIsNotTheChoosenAdapter GetVideoDriverDetailsInvalid PrimaryIsNotTheChoosenAdapter GetVideoDriverDetailsInvalid PrimaryIsNotTheChoosenAdapter FoundDriverCount:6 
[2017.08.21-19.40.11:200][  0]LogD3D11RHI:     Adapter Name: AMD Radeon HD 7800 Series
[2017.08.21-19.40.11:200][  0]LogD3D11RHI:   Driver Version: Crimson 16.7.3 (internal:16.300.2311.0, unified:16.300.2311.0)
[2017.08.21-19.40.11:200][  0]LogD3D11RHI:      Driver Date: 7-18-2016
[2017.08.21-19.40.11:200][  0]LogRHI: Texture pool is 1361 MB (70% of 1945 MB)
[2017.08.21-19.40.11:316][  0]LogD3D11RHI: Async texture creation enabled
[2017.08.21-19.40.11:335][  0]LogD3D11RHI: GPU Timing Frequency: 27.000000 (Debug: 2 1)
[2017.08.21-19.40.11:336][  0]LogShaderCompilers: Guid format shader working directory is -2 characters bigger than the processId version (../../../../../Unreal test/ProjectAsh/Project_Ash/Intermediate/Shaders/WorkingDirectory/11444/).
[2017.08.21-19.40.11:336][  0]LogShaderCompilers: Cleaned the shader compiler working directory 'C:/Users/Nikolai/AppData/Local/Temp/UnrealShaderWorkingDir/B2CFC048482AD2F2C8F659B63181C0A4/'.
[2017.08.21-19.40.11:336][  0]LogShaderCompilers:Display: Using Local Shader Compiler.
[2017.08.21-19.40.17:556][  0]LogTemp:Display: Loaded TP AllDesktopTargetPlatform
[2017.08.21-19.40.17:634][  0]LogTemp:Display: Loaded TP MacClientTargetPlatform
[2017.08.21-19.40.17:711][  0]LogTemp:Display: Loaded TP MacNoEditorTargetPlatform
[2017.08.21-19.40.17:796][  0]LogTemp:Display: Loaded TP MacServerTargetPlatform
[2017.08.21-19.40.17:877][  0]LogTemp:Display: Loaded TP MacTargetPlatform
[2017.08.21-19.40.17:951][  0]LogTemp:Display: Loaded TP WindowsClientTargetPlatform
[2017.08.21-19.40.18:028][  0]LogTemp:Display: Loaded TP WindowsNoEditorTargetPlatform
[2017.08.21-19.40.18:099][  0]LogTemp:Display: Loaded TP WindowsServerTargetPlatform
[2017.08.21-19.40.18:157][  0]LogTemp:Display: Loaded TP WindowsTargetPlatform
[2017.08.21-19.40.18:250][  0]LogTemp:Display: Loaded TP AndroidTargetPlatform
[2017.08.21-19.40.18:327][  0]LogTemp:Display: Loaded TP Android_ASTCTargetPlatform
[2017.08.21-19.40.18:394][  0]LogTemp:Display: Loaded TP Android_ATCTargetPlatform
[2017.08.21-19.40.18:477][  0]LogTemp:Display: Loaded TP Android_DXTTargetPlatform
[2017.08.21-19.40.18:550][  0]LogTemp:Display: Loaded TP Android_ETC1TargetPlatform
[2017.08.21-19.40.18:614][  0]LogTemp:Display: Loaded TP Android_ETC2TargetPlatform
[2017.08.21-19.40.18:754][  0]LogTemp:Display: Loaded TP Android_MultiTargetPlatform
[2017.08.21-19.40.18:754][  0]LogTemp:Display: Loaded TP Android_PVRTCTargetPlatform
[2017.08.21-19.40.18:806][  0]LogTemp:Display: Loaded TP HTML5TargetPlatform
[2017.08.21-19.40.18:997][  0]LogTemp:Display: Loaded TP IOSTargetPlatform
[2017.08.21-19.40.19:037][  0]LogTemp:Display: Loaded TP TVOSTargetPlatform
[2017.08.21-19.40.19:108][  0]LogTemp:Display: Loaded TP LinuxClientTargetPlatform
[2017.08.21-19.40.19:175][  0]LogTemp:Display: Loaded TP LinuxNoEditorTargetPlatform
[2017.08.21-19.40.19:256][  0]LogTemp:Display: Loaded TP LinuxServerTargetPlatform
[2017.08.21-19.40.19:344][  0]LogTemp:Display: Loaded TP LinuxTargetPlatform
[2017.08.21-19.40.19:344][  0]LogTargetPlatformManager:Display: Building Assets For Windows
[2017.08.21-19.40.20:586][  0]LogDerivedDataCache:Display: Max Cache Size: 512 MB
[2017.08.21-19.40.21:380][  0]LogDerivedDataCache: Loaded boot cache 0.79s 90MB C:/Users/Nikolai/AppData/Local/UnrealEngine/4.16/DerivedDataCache/Boot.ddc.
[2017.08.21-19.40.21:380][  0]LogDerivedDataCache:Display: Loaded Boot cache: C:/Users/Nikolai/AppData/Local/UnrealEngine/4.16/DerivedDataCache/Boot.ddc
[2017.08.21-19.40.21:380][  0]LogDerivedDataCache: FDerivedDataBackendGraph:  Pak pak cache file ../../../../../Unreal test/ProjectAsh/Project_Ash/DerivedDataCache/DDC.ddp not found, will not use a pak cache.
[2017.08.21-19.40.21:380][  0]LogDerivedDataCache: Unable to find inner node Pak for hierarchical cache Hierarchy.
[2017.08.21-19.40.21:380][  0]LogDerivedDataCache: FDerivedDataBackendGraph:  CompressedPak pak cache file ../../../../../Unreal test/ProjectAsh/Project_Ash/DerivedDataCache/Compressed.ddp not found, will not use a pak cache.
[2017.08.21-19.40.21:380][  0]LogDerivedDataCache: Unable to find inner node CompressedPak for hierarchical cache Hierarchy.
[2017.08.21-19.40.21:420][  0]LogDerivedDataCache:Display: Pak cache opened for reading ../../../Engine/DerivedDataCache/Compressed.ddp.
[2017.08.21-19.40.21:432][  0]LogDerivedDataCache: Using Local data cache path C:/Users/Nikolai/AppData/Local/UnrealEngine/Common/DerivedDataCache: Writable
[2017.08.21-19.40.21:451][  0]LogMaterial: Verifying Global Shaders for PCD3D_SM5
[2017.08.21-19.40.21:451][  0]LogSlate: Using Freetype 2.6.0
[2017.08.21-19.40.21:481][  0]LogSlate: SlateFontCache - WITH_FREETYPE: 1, WITH_HARFBUZZ: 1
[2017.08.21-19.40.21:481][  0]LogSlate: SlateFontCache - WITH_FREETYPE: 1, WITH_HARFBUZZ: 1
[2017.08.21-19.40.29:592][  0]LogInit: Selected Device Profile: [Windows]
[2017.08.21-19.40.29:594][  0]LogContentStreaming: Texture pool size is 0.00 MB
[2017.08.21-19.40.30:043][  0]LogMeshUtilities: Using QuadricMeshReduction for automatic static mesh reduction
[2017.08.21-19.40.30:136][  0]LogSimplygon: Simplygon DLL not present - disabling.
[2017.08.21-19.40.30:209][  0]LogMeshUtilities: Using SimplygonSwarm for distributed automatic mesh merging
[2017.08.21-19.40.30:209][  0]LogMeshUtilities: No automatic skeletal mesh reduction module available
[2017.08.21-19.40.30:209][  0]LogMeshUtilities: No automatic mesh merging module available
[2017.08.21-19.40.31:160][  0]LogNetVersion: Project_Ash , NetCL: 3452394, EngineNetVer: 2, GameNetVer: 0 (Checksum: 2186141845)
[2017.08.21-19.40.31:249][  0]LogAssetRegistry: FAssetRegistry took 0.0274 seconds to start up
[2017.08.21-19.40.31:327][  0]LogPackageLocalizationCache: Processed 4 localized package path(s) for 2 prioritized culture(s) in 0.048897 seconds
[2017.08.21-19.40.31:337][  0]LogUObjectArray: 34194 objects as part of root set at end of initial load.
[2017.08.21-19.40.31:337][  0]LogUObjectAllocator: 7260424 out of 0 bytes used by permanent object pool.
[2017.08.21-19.40.31:337][  0]LogUObjectArray: CloseDisregardForGC: 0/0 objects in disregard for GC pool
[2017.08.21-19.40.31:415][  0]LogInit: WinSock: version 1.1 (2.2), MaxSocks=32767, MaxUdp=65467
[2017.08.21-19.41.05:531][  0]LogTcpMessaging: Initializing TcpMessaging bridge
[2017.08.21-19.41.05:603][  0]LogUdpMessaging: Initializing bridge on interface 0.0.0.0:0 to multicast group 230.0.0.1:6666.
[2017.08.21-19.41.07:019][  0]LogMaterial: Uniform references updated for custom material expression Custom.
[2017.08.21-19.41.07:722][  0]SourceControl: Info Source control is disabled
[2017.08.21-19.41.08:371][  0]SourceControl: Info Source control is disabled
[2017.08.21-19.41.08:488][  0]SourceControl: Info Source control is disabled
[2017.08.21-19.41.08:637][  0]SourceControl: Info Source control is disabled
[2017.08.21-19.41.10:305][  0]LogAndroidPermission: UAndroidPermissionCallbackProxy::GetInstance
[2017.08.21-19.41.11:349][  0]LogEngine: Initializing Engine...
[2017.08.21-19.41.11:565][  0]LogHMD: Failed to initialize OpenVR with code 108
[2017.08.21-19.41.11:975][  0]LogStats: UGameplayTagsManager::ConstructGameplayTagTree: Construct from data asset -  0.000 s
[2017.08.21-19.41.11:975][  0]LogStats: UGameplayTagsManager::ConstructGameplayTagTree: GameplayTagTreeChangedEvent.Broadcast -  0.000 s
[2017.08.21-19.41.12:158][  0]LogAIModule: Creating AISystem for world Untitled
[2017.08.21-19.41.12:184][  0]LogInit: XAudio2 using '1 - MTK LCDEV (AMD High Definition Audio Device)' : 2 channels at 48 kHz using 16 bits per sample (channel mask 0x3)
[2017.08.21-19.41.12:198][  0]LogInit: FAudioDevice initialized.
[2017.08.21-19.41.12:293][  0]LogDerivedDataCache: Saved boot cache 0.09s 90MB C:/Users/Nikolai/AppData/Local/UnrealEngine/4.16/DerivedDataCache/Boot.ddc.
[2017.08.21-19.41.12:339][  0]LogInit: Texture streaming: Enabled
[2017.08.21-19.41.12:554][  0]LogEngineSessionManager: EngineSessionManager initialized
[2017.08.21-19.41.13:022][  0]LogInit: Transaction tracking system initialized
[2017.08.21-19.41.13:523][  0]BlueprintLog: New page: Editor Load
[2017.08.21-19.41.15:175][  0]LocalizationService: Info Localization service is disabled
[2017.08.21-19.41.16:324][  0]LogConsoleResponse:Display: 
[2017.08.21-19.41.16:776][  0]LogFileCache: Scanning file cache for directory 'E:/Unreal test/ProjectAsh/Project_Ash/Content/' took 0.02s
[2017.08.21-19.41.16:776][  0]LogCook:Display: Max memory allowance for cook 16384mb min free memory 0mb
[2017.08.21-19.41.16:776][  0]LogCook:Display: Mobile HDR setting 1
[2017.08.21-19.41.18:950][  0]SourceControl: Info Source control is disabled
[2017.08.21-19.41.18:950][  0]Cmd: MAP LOAD FILE="../../../../../Unreal test/ProjectAsh/Project_Ash/Content/StarterContent/Maps/Minimal_Default.umap" TEMPLATE=0 SHOWPROGRESS=1 FEATURELEVEL=3
[2017.08.21-19.41.18:952][  0]LightingResults: New page: Lighting Build
[2017.08.21-19.41.19:011][  0]MapCheck: New page: Map Check
[2017.08.21-19.41.19:011][  0]LightingResults: New page: Lighting Build
[2017.08.21-19.41.19:354][  0]LogTexture:Display: Building textures: HQ_Lightmap1_1 (AutoDXT, 512X512)
[2017.08.21-19.41.19:472][  0]LogTexture:Display: Building textures: HQ_Lightmap1_2 (AutoDXT, 64X64)
[2017.08.21-19.41.19:483][  0]LogTexture:Display: Building textures: LQ_Lightmap_1_1 (DXT1, 512X512)
[2017.08.21-19.41.19:557][  0]LogTexture:Display: Building textures: LQ_Lightmap_1_2 (DXT1, 64X64)
[2017.08.21-19.41.19:585][  0]LogTexture:Display: Building textures: ShadowMapTexture2D_2 (BGRA8, 512X256)
[2017.08.21-19.41.19:596][  0]LogTexture:Display: Building textures: ShadowMapTexture2D_3 (BGRA8, 64X32)
[2017.08.21-19.41.19:712][  0]LogAIModule: Creating AISystem for world Minimal_Default
[2017.08.21-19.41.19:814][  0]LogEditorServer: Finished looking for orphan Actors (0.000 secs)
[2017.08.21-19.41.19:899][  0]Cmd: MAP CHECKDEP NOCLEARLOG
[2017.08.21-19.41.19:955][  0]MapCheck: Info Map check complete: 0 Error(s), 0 Warning(s), took 56.489ms to complete.
[2017.08.21-19.41.19:955][  0]LogFileHelpers: Loading map 'Minimal_Default' took 1.005
[2017.08.21-19.41.20:678][  0]LogCollectionManager: Loaded 0 collections in 0.001633 seconds
[2017.08.21-19.41.21:034][  0]LogFileCache: Scanning file cache for directory 'E:/Unreal test/ProjectAsh/Project_Ash/Saved/Collections/' took 0.01s
[2017.08.21-19.41.21:034][  0]LogFileCache: Scanning file cache for directory 'E:/Unreal test/ProjectAsh/Project_Ash/Content/Developers/Nikolai/Collections/' took 0.01s
[2017.08.21-19.41.21:034][  0]LogFileCache: Scanning file cache for directory 'E:/Unreal test/ProjectAsh/Project_Ash/Content/Collections/' took 0.01s
[2017.08.21-19.41.21:034][  0]LogCollectionManager: Rebuilt the GUID cache for 0 collections in 0.000004 seconds
[2017.08.21-19.41.21:079][  0]LogContentBrowser: Native class hierarchy populated in 0.0191 seconds. Added 2329 classes and 491 folders.
[2017.08.21-19.41.21:326][  0]LogContentBrowser: Native class hierarchy updated for 'WidgetCarousel' in 0.0008 seconds. Added 0 classes and 0 folders.
[2017.08.21-19.41.22:522][  0]LogContentBrowser: Native class hierarchy updated for 'AddContentDialog' in 0.0009 seconds. Added 0 classes and 0 folders.
[2017.08.21-19.41.23:178][  0]LogContentBrowser: Native class hierarchy updated for 'SceneOutliner' in 0.0008 seconds. Added 1 classes and 2 folders.
[2017.08.21-19.41.23:930][  0]LogCrashTracker: Crashtracker disabled due to settings.
[2017.08.21-19.41.24:151][  0]LogSlate: Took 0.022922 seconds to synchronously load lazily loaded font '../../../Engine/Content/Slate/Fonts/Roboto-Regular.ttf' (155K)
[2017.08.21-19.41.24:173][  0]LogSlate: Took 0.018167 seconds to synchronously load lazily loaded font '../../../Engine/Content/Slate/Fonts/Roboto-Bold.ttf' (160K)
[2017.08.21-19.41.24:201][  0]LogSlate: Took 0.018807 seconds to synchronously load lazily loaded font '../../../Engine/Content/Editor/Slate/Fonts/FontAwesome.ttf' (139K)
[2017.08.21-19.41.24:869][  0]LogRenderer: Reallocating scene render targets to support 1128x916 NumSamples 1 (Frame:1).
[2017.08.21-19.41.25:705][  0]LogUObjectGlobals:Warning: Failed to find object 'Class None.'
[2017.08.21-19.41.25:814][  0]LogContentBrowser: Native class hierarchy updated for 'HierarchicalLODOutliner' in 0.0009 seconds. Added 1 classes and 2 folders.
[2017.08.21-19.41.25:814][  0]LogLoad: (Engine Initialization) Total time: 91.95 seconds
[2017.08.21-19.41.25:814][  0]LogLoad: (Engine Initialization) Total Blueprint compile time: 0.24 seconds
[2017.08.21-19.41.25:814][  0]LogExternalProfiler: Found external profiler: VSPerf
[2017.08.21-19.41.25:814][  0]LogExternalProfiler: Using external profiler: VSPerf
[2017.08.21-19.41.25:823][  0]LogOcInput: OculusInput pre-init called
[2017.08.21-19.41.25:823][  0]LogHMD: Starting GearVRController plugin
[2017.08.21-19.41.25:976][  0]LogContentStreaming: Texture pool size now 1000 MB
[2017.08.21-19.41.26:028][  0]LogSlate: Took 0.000314 seconds to synchronously load lazily loaded font '../../../Engine/Content/Slate/Fonts/Roboto-Light.ttf' (159K)
[2017.08.21-19.41.26:261][  2]LogAssetRegistry: Asset discovery search completed in 55.0280 seconds
[2017.08.21-19.41.26:263][  2]LogCollectionManager: Rebuilt the object cache for 0 collections in 0.000001 seconds (found 0 objects)
[2017.08.21-19.41.26:263][  2]LogCollectionManager: Fixed up redirectors for 0 collections in 0.000036 seconds (updated 0 objects)
